{"/Users/bbreg/Documents/fdk-portal/src/config.js": {"path":"/Users/bbreg/Documents/fdk-portal/src/config.js","statementMap":{"0":{"start":{"line":3,"column":12},"end":{"line":6,"column":1}},"1":{"start":{"line":14,"column":18},"end":{"line":20,"column":1}},"2":{"start":{"line":22,"column":27},"end":{"line":22,"column":64}},"3":{"start":{"line":22,"column":36},"end":{"line":22,"column":63}},"4":{"start":{"line":24,"column":15},"end":{"line":37,"column":1}},"5":{"start":{"line":39,"column":25},"end":{"line":39,"column":37}},"6":{"start":{"line":39,"column":31},"end":{"line":39,"column":37}}},"fnMap":{"0":{"name":"(anonymous_0)","decl":{"start":{"line":22,"column":27},"end":{"line":22,"column":28}},"loc":{"start":{"line":22,"column":36},"end":{"line":22,"column":63}},"line":22},"1":{"name":"(anonymous_1)","decl":{"start":{"line":39,"column":25},"end":{"line":39,"column":26}},"loc":{"start":{"line":39,"column":31},"end":{"line":39,"column":37}},"line":39}},"branchMap":{"0":{"loc":{"start":{"line":3,"column":12},"end":{"line":6,"column":1}},"type":"binary-expr","locations":[{"start":{"line":3,"column":12},"end":{"line":3,"column":22}},{"start":{"line":3,"column":26},"end":{"line":6,"column":1}}],"line":3},"1":{"loc":{"start":{"line":15,"column":8},"end":{"line":15,"column":33}},"type":"binary-expr","locations":[{"start":{"line":15,"column":8},"end":{"line":15,"column":27}},{"start":{"line":15,"column":31},"end":{"line":15,"column":33}}],"line":15},"2":{"loc":{"start":{"line":17,"column":10},"end":{"line":19,"column":15}},"type":"cond-expr","locations":[{"start":{"line":18,"column":6},"end":{"line":18,"column":66}},{"start":{"line":19,"column":6},"end":{"line":19,"column":15}}],"line":17},"3":{"loc":{"start":{"line":22,"column":36},"end":{"line":22,"column":63}},"type":"cond-expr","locations":[{"start":{"line":22,"column":43},"end":{"line":22,"column":51}},{"start":{"line":22,"column":54},"end":{"line":22,"column":63}}],"line":22}},"s":{"0":0,"1":0,"2":0,"3":0,"4":0,"5":0,"6":0},"f":{"0":0,"1":0},"b":{"0":[0,0],"1":[0,0],"2":[0,0],"3":[0,0]},"hash":"cd55a3d89fa2b54b0ff525ec0db630f07fd1e8cc"}
,"/Users/bbreg/Documents/fdk-portal/src/index.jsx": {"path":"/Users/bbreg/Documents/fdk-portal/src/index.jsx","statementMap":{"0":{"start":{"line":14,"column":0},"end":{"line":27,"column":1}},"1":{"start":{"line":15,"column":2},"end":{"line":15,"column":39}},"2":{"start":{"line":16,"column":2},"end":{"line":16,"column":37}},"3":{"start":{"line":17,"column":2},"end":{"line":17,"column":31}},"4":{"start":{"line":18,"column":7},"end":{"line":27,"column":1}},"5":{"start":{"line":22,"column":2},"end":{"line":22,"column":39}},"6":{"start":{"line":23,"column":2},"end":{"line":23,"column":37}},"7":{"start":{"line":24,"column":7},"end":{"line":27,"column":1}},"8":{"start":{"line":25,"column":2},"end":{"line":25,"column":38}},"9":{"start":{"line":26,"column":2},"end":{"line":26,"column":37}},"10":{"start":{"line":29,"column":0},"end":{"line":31,"column":3}},"11":{"start":{"line":30,"column":2},"end":{"line":30,"column":80}},"12":{"start":{"line":37,"column":27},"end":{"line":37,"column":31}},"13":{"start":{"line":38,"column":2},"end":{"line":53,"column":3}},"14":{"start":{"line":43,"column":4},"end":{"line":43,"column":75}},"15":{"start":{"line":44,"column":4},"end":{"line":52,"column":6}},"16":{"start":{"line":46,"column":8},"end":{"line":50,"column":9}},"17":{"start":{"line":54,"column":2},"end":{"line":54,"column":14}},"18":{"start":{"line":57,"column":14},"end":{"line":57,"column":47}},"19":{"start":{"line":59,"column":0},"end":{"line":71,"column":2}}},"fnMap":{"0":{"name":"(anonymous_0)","decl":{"start":{"line":29,"column":46},"end":{"line":29,"column":47}},"loc":{"start":{"line":29,"column":55},"end":{"line":31,"column":1}},"line":29},"1":{"name":"Analytics","decl":{"start":{"line":36,"column":9},"end":{"line":36,"column":18}},"loc":{"start":{"line":36,"column":26},"end":{"line":55,"column":1}},"line":36},"2":{"name":"(anonymous_2)","decl":{"start":{"line":45,"column":6},"end":{"line":45,"column":7}},"loc":{"start":{"line":46,"column":8},"end":{"line":50,"column":9}},"line":46}},"branchMap":{"0":{"loc":{"start":{"line":14,"column":0},"end":{"line":27,"column":1}},"type":"if","locations":[{"start":{"line":14,"column":0},"end":{"line":27,"column":1}},{"start":{"line":14,"column":0},"end":{"line":27,"column":1}}],"line":14},"1":{"loc":{"start":{"line":18,"column":7},"end":{"line":27,"column":1}},"type":"if","locations":[{"start":{"line":18,"column":7},"end":{"line":27,"column":1}},{"start":{"line":18,"column":7},"end":{"line":27,"column":1}}],"line":18},"2":{"loc":{"start":{"line":19,"column":2},"end":{"line":20,"column":22}},"type":"binary-expr","locations":[{"start":{"line":19,"column":2},"end":{"line":19,"column":55}},{"start":{"line":20,"column":2},"end":{"line":20,"column":22}}],"line":19},"3":{"loc":{"start":{"line":24,"column":7},"end":{"line":27,"column":1}},"type":"if","locations":[{"start":{"line":24,"column":7},"end":{"line":27,"column":1}},{"start":{"line":24,"column":7},"end":{"line":27,"column":1}}],"line":24},"4":{"loc":{"start":{"line":38,"column":2},"end":{"line":53,"column":3}},"type":"if","locations":[{"start":{"line":38,"column":2},"end":{"line":53,"column":3}},{"start":{"line":38,"column":2},"end":{"line":53,"column":3}}],"line":38},"5":{"loc":{"start":{"line":39,"column":4},"end":{"line":41,"column":56}},"type":"binary-expr","locations":[{"start":{"line":39,"column":4},"end":{"line":39,"column":73}},{"start":{"line":40,"column":4},"end":{"line":40,"column":70}},{"start":{"line":41,"column":4},"end":{"line":41,"column":56}}],"line":39}},"s":{"0":0,"1":0,"2":0,"3":0,"4":0,"5":0,"6":0,"7":0,"8":0,"9":0,"10":0,"11":0,"12":0,"13":0,"14":0,"15":0,"16":0,"17":0,"18":0,"19":0},"f":{"0":0,"1":0,"2":0},"b":{"0":[0,0],"1":[0,0],"2":[0,0],"3":[0,0],"4":[0,0],"5":[0,0,0]},"hash":"93ade3f1c8e46b7bb17ad216771c28c508f1e139"}
,"/Users/bbreg/Documents/fdk-portal/src/api/apis.js": {"path":"/Users/bbreg/Documents/fdk-portal/src/api/apis.js","statementMap":{"0":{"start":{"line":4,"column":27},"end":{"line":4,"column":70}},"1":{"start":{"line":4,"column":33},"end":{"line":4,"column":70}},"2":{"start":{"line":6,"column":26},"end":{"line":12,"column":22}},"3":{"start":{"line":7,"column":2},"end":{"line":12,"column":22}},"4":{"start":{"line":12,"column":15},"end":{"line":12,"column":21}},"5":{"start":{"line":15,"column":22},"end":{"line":19,"column":22}},"6":{"start":{"line":16,"column":2},"end":{"line":19,"column":22}},"7":{"start":{"line":18,"column":15},"end":{"line":18,"column":21}},"8":{"start":{"line":19,"column":17},"end":{"line":19,"column":21}},"9":{"start":{"line":22,"column":2},"end":{"line":22,"column":55}},"10":{"start":{"line":26,"column":2},"end":{"line":26,"column":48}},"11":{"start":{"line":30,"column":2},"end":{"line":30,"column":55}}},"fnMap":{"0":{"name":"(anonymous_0)","decl":{"start":{"line":4,"column":27},"end":{"line":4,"column":28}},"loc":{"start":{"line":4,"column":33},"end":{"line":4,"column":70}},"line":4},"1":{"name":"(anonymous_1)","decl":{"start":{"line":6,"column":26},"end":{"line":6,"column":27}},"loc":{"start":{"line":7,"column":2},"end":{"line":12,"column":22}},"line":7},"2":{"name":"(anonymous_2)","decl":{"start":{"line":12,"column":10},"end":{"line":12,"column":11}},"loc":{"start":{"line":12,"column":15},"end":{"line":12,"column":21}},"line":12},"3":{"name":"(anonymous_3)","decl":{"start":{"line":15,"column":22},"end":{"line":15,"column":23}},"loc":{"start":{"line":16,"column":2},"end":{"line":19,"column":22}},"line":16},"4":{"name":"(anonymous_4)","decl":{"start":{"line":18,"column":10},"end":{"line":18,"column":11}},"loc":{"start":{"line":18,"column":15},"end":{"line":18,"column":21}},"line":18},"5":{"name":"(anonymous_5)","decl":{"start":{"line":19,"column":11},"end":{"line":19,"column":12}},"loc":{"start":{"line":19,"column":17},"end":{"line":19,"column":21}},"line":19},"6":{"name":"extractApis","decl":{"start":{"line":21,"column":16},"end":{"line":21,"column":27}},"loc":{"start":{"line":21,"column":44},"end":{"line":23,"column":1}},"line":21},"7":{"name":"extractTotal","decl":{"start":{"line":25,"column":16},"end":{"line":25,"column":28}},"loc":{"start":{"line":25,"column":45},"end":{"line":27,"column":1}},"line":25},"8":{"name":"extractAggregations","decl":{"start":{"line":29,"column":16},"end":{"line":29,"column":35}},"loc":{"start":{"line":29,"column":52},"end":{"line":31,"column":1}},"line":29}},"branchMap":{"0":{"loc":{"start":{"line":22,"column":9},"end":{"line":22,"column":54}},"type":"binary-expr","locations":[{"start":{"line":22,"column":10},"end":{"line":22,"column":24}},{"start":{"line":22,"column":28},"end":{"line":22,"column":47}},{"start":{"line":22,"column":52},"end":{"line":22,"column":54}}],"line":22},"1":{"loc":{"start":{"line":26,"column":9},"end":{"line":26,"column":47}},"type":"binary-expr","locations":[{"start":{"line":26,"column":9},"end":{"line":26,"column":23}},{"start":{"line":26,"column":27},"end":{"line":26,"column":47}}],"line":26},"2":{"loc":{"start":{"line":30,"column":9},"end":{"line":30,"column":54}},"type":"binary-expr","locations":[{"start":{"line":30,"column":9},"end":{"line":30,"column":23}},{"start":{"line":30,"column":27},"end":{"line":30,"column":54}}],"line":30}},"s":{"0":0,"1":0,"2":0,"3":0,"4":0,"5":0,"6":0,"7":0,"8":0,"9":0,"10":0,"11":0},"f":{"0":0,"1":0,"2":0,"3":0,"4":0,"5":0,"6":0,"7":0,"8":0},"b":{"0":[0,0,0],"1":[0,0],"2":[0,0]},"hash":"a2b91bfa724569029eb02e8c3ab022bf99b95e69"}
,"/Users/bbreg/Documents/fdk-portal/src/api/catalogs.js": {"path":"/Users/bbreg/Documents/fdk-portal/src/api/catalogs.js","statementMap":{"0":{"start":{"line":4,"column":24},"end":{"line":4,"column":71}},"1":{"start":{"line":4,"column":30},"end":{"line":4,"column":71}},"2":{"start":{"line":6,"column":30},"end":{"line":7,"column":79}},"3":{"start":{"line":7,"column":2},"end":{"line":7,"column":79}},"4":{"start":{"line":7,"column":72},"end":{"line":7,"column":78}}},"fnMap":{"0":{"name":"(anonymous_0)","decl":{"start":{"line":4,"column":24},"end":{"line":4,"column":25}},"loc":{"start":{"line":4,"column":30},"end":{"line":4,"column":71}},"line":4},"1":{"name":"(anonymous_1)","decl":{"start":{"line":6,"column":30},"end":{"line":6,"column":31}},"loc":{"start":{"line":7,"column":2},"end":{"line":7,"column":79}},"line":7},"2":{"name":"(anonymous_2)","decl":{"start":{"line":7,"column":67},"end":{"line":7,"column":68}},"loc":{"start":{"line":7,"column":72},"end":{"line":7,"column":78}},"line":7}},"branchMap":{},"s":{"0":0,"1":0,"2":0,"3":0,"4":0},"f":{"0":0,"1":0,"2":0},"b":{},"hash":"3ba8dd3047ee73868e25c0145949a88c8b9289f7"}
,"/Users/bbreg/Documents/fdk-portal/src/api/concepts.js": {"path":"/Users/bbreg/Documents/fdk-portal/src/api/concepts.js","statementMap":{"0":{"start":{"line":5,"column":31},"end":{"line":6,"column":47}},"1":{"start":{"line":6,"column":2},"end":{"line":6,"column":47}},"2":{"start":{"line":8,"column":30},"end":{"line":14,"column":22}},"3":{"start":{"line":9,"column":2},"end":{"line":14,"column":22}},"4":{"start":{"line":14,"column":15},"end":{"line":14,"column":21}},"5":{"start":{"line":16,"column":26},"end":{"line":20,"column":22}},"6":{"start":{"line":17,"column":2},"end":{"line":20,"column":22}},"7":{"start":{"line":19,"column":15},"end":{"line":19,"column":21}},"8":{"start":{"line":20,"column":17},"end":{"line":20,"column":21}},"9":{"start":{"line":22,"column":31},"end":{"line":23,"column":48}},"10":{"start":{"line":23,"column":2},"end":{"line":23,"column":48}},"11":{"start":{"line":25,"column":35},"end":{"line":26,"column":37}},"12":{"start":{"line":26,"column":2},"end":{"line":26,"column":37}},"13":{"start":{"line":28,"column":28},"end":{"line":29,"column":48}},"14":{"start":{"line":29,"column":2},"end":{"line":29,"column":48}}},"fnMap":{"0":{"name":"(anonymous_0)","decl":{"start":{"line":5,"column":31},"end":{"line":5,"column":32}},"loc":{"start":{"line":6,"column":2},"end":{"line":6,"column":47}},"line":6},"1":{"name":"(anonymous_1)","decl":{"start":{"line":8,"column":30},"end":{"line":8,"column":31}},"loc":{"start":{"line":9,"column":2},"end":{"line":14,"column":22}},"line":9},"2":{"name":"(anonymous_2)","decl":{"start":{"line":14,"column":10},"end":{"line":14,"column":11}},"loc":{"start":{"line":14,"column":15},"end":{"line":14,"column":21}},"line":14},"3":{"name":"(anonymous_3)","decl":{"start":{"line":16,"column":26},"end":{"line":16,"column":27}},"loc":{"start":{"line":17,"column":2},"end":{"line":20,"column":22}},"line":17},"4":{"name":"(anonymous_4)","decl":{"start":{"line":19,"column":10},"end":{"line":19,"column":11}},"loc":{"start":{"line":19,"column":15},"end":{"line":19,"column":21}},"line":19},"5":{"name":"(anonymous_5)","decl":{"start":{"line":20,"column":11},"end":{"line":20,"column":12}},"loc":{"start":{"line":20,"column":17},"end":{"line":20,"column":21}},"line":20},"6":{"name":"(anonymous_6)","decl":{"start":{"line":22,"column":31},"end":{"line":22,"column":32}},"loc":{"start":{"line":23,"column":2},"end":{"line":23,"column":48}},"line":23},"7":{"name":"(anonymous_7)","decl":{"start":{"line":25,"column":35},"end":{"line":25,"column":36}},"loc":{"start":{"line":26,"column":2},"end":{"line":26,"column":37}},"line":26},"8":{"name":"(anonymous_8)","decl":{"start":{"line":28,"column":28},"end":{"line":28,"column":29}},"loc":{"start":{"line":29,"column":2},"end":{"line":29,"column":48}},"line":29}},"branchMap":{},"s":{"0":0,"1":0,"2":0,"3":0,"4":0,"5":0,"6":0,"7":0,"8":0,"9":0,"10":0,"11":0,"12":0,"13":0,"14":0},"f":{"0":0,"1":0,"2":0,"3":0,"4":0,"5":0,"6":0,"7":0,"8":0},"b":{},"hash":"ef8cc2797c011ecd7403f8e1d5ad6eb67ad4a314"}
,"/Users/bbreg/Documents/fdk-portal/src/api/datasets.js": {"path":"/Users/bbreg/Documents/fdk-portal/src/api/datasets.js","statementMap":{"0":{"start":{"line":6,"column":31},"end":{"line":7,"column":47}},"1":{"start":{"line":7,"column":2},"end":{"line":7,"column":47}},"2":{"start":{"line":10,"column":33},"end":{"line":16,"column":15}},"3":{"start":{"line":11,"column":2},"end":{"line":16,"column":15}},"4":{"start":{"line":18,"column":30},"end":{"line":27,"column":22}},"5":{"start":{"line":19,"column":2},"end":{"line":27,"column":22}},"6":{"start":{"line":27,"column":15},"end":{"line":27,"column":21}},"7":{"start":{"line":29,"column":26},"end":{"line":33,"column":22}},"8":{"start":{"line":30,"column":2},"end":{"line":33,"column":22}},"9":{"start":{"line":32,"column":15},"end":{"line":32,"column":21}},"10":{"start":{"line":33,"column":17},"end":{"line":33,"column":21}},"11":{"start":{"line":35,"column":31},"end":{"line":42,"column":22}},"12":{"start":{"line":36,"column":2},"end":{"line":42,"column":22}},"13":{"start":{"line":41,"column":15},"end":{"line":41,"column":21}},"14":{"start":{"line":42,"column":17},"end":{"line":42,"column":21}},"15":{"start":{"line":44,"column":31},"end":{"line":45,"column":62}},"16":{"start":{"line":45,"column":2},"end":{"line":45,"column":62}},"17":{"start":{"line":45,"column":50},"end":{"line":45,"column":61}},"18":{"start":{"line":47,"column":28},"end":{"line":47,"column":79}},"19":{"start":{"line":47,"column":46},"end":{"line":47,"column":79}},"20":{"start":{"line":49,"column":35},"end":{"line":52,"column":52}},"21":{"start":{"line":50,"column":2},"end":{"line":52,"column":52}}},"fnMap":{"0":{"name":"(anonymous_0)","decl":{"start":{"line":6,"column":31},"end":{"line":6,"column":32}},"loc":{"start":{"line":7,"column":2},"end":{"line":7,"column":47}},"line":7},"1":{"name":"(anonymous_1)","decl":{"start":{"line":10,"column":33},"end":{"line":10,"column":34}},"loc":{"start":{"line":11,"column":2},"end":{"line":16,"column":15}},"line":11},"2":{"name":"(anonymous_2)","decl":{"start":{"line":18,"column":30},"end":{"line":18,"column":31}},"loc":{"start":{"line":19,"column":2},"end":{"line":27,"column":22}},"line":19},"3":{"name":"(anonymous_3)","decl":{"start":{"line":27,"column":10},"end":{"line":27,"column":11}},"loc":{"start":{"line":27,"column":15},"end":{"line":27,"column":21}},"line":27},"4":{"name":"(anonymous_4)","decl":{"start":{"line":29,"column":26},"end":{"line":29,"column":27}},"loc":{"start":{"line":30,"column":2},"end":{"line":33,"column":22}},"line":30},"5":{"name":"(anonymous_5)","decl":{"start":{"line":32,"column":10},"end":{"line":32,"column":11}},"loc":{"start":{"line":32,"column":15},"end":{"line":32,"column":21}},"line":32},"6":{"name":"(anonymous_6)","decl":{"start":{"line":33,"column":11},"end":{"line":33,"column":12}},"loc":{"start":{"line":33,"column":17},"end":{"line":33,"column":21}},"line":33},"7":{"name":"(anonymous_7)","decl":{"start":{"line":35,"column":31},"end":{"line":35,"column":32}},"loc":{"start":{"line":36,"column":2},"end":{"line":42,"column":22}},"line":36},"8":{"name":"(anonymous_8)","decl":{"start":{"line":41,"column":10},"end":{"line":41,"column":11}},"loc":{"start":{"line":41,"column":15},"end":{"line":41,"column":21}},"line":41},"9":{"name":"(anonymous_9)","decl":{"start":{"line":42,"column":11},"end":{"line":42,"column":12}},"loc":{"start":{"line":42,"column":17},"end":{"line":42,"column":21}},"line":42},"10":{"name":"(anonymous_10)","decl":{"start":{"line":44,"column":31},"end":{"line":44,"column":32}},"loc":{"start":{"line":45,"column":2},"end":{"line":45,"column":62}},"line":45},"11":{"name":"(anonymous_11)","decl":{"start":{"line":45,"column":43},"end":{"line":45,"column":44}},"loc":{"start":{"line":45,"column":50},"end":{"line":45,"column":61}},"line":45},"12":{"name":"(anonymous_12)","decl":{"start":{"line":47,"column":28},"end":{"line":47,"column":29}},"loc":{"start":{"line":47,"column":46},"end":{"line":47,"column":79}},"line":47},"13":{"name":"(anonymous_13)","decl":{"start":{"line":49,"column":35},"end":{"line":49,"column":36}},"loc":{"start":{"line":50,"column":2},"end":{"line":52,"column":52}},"line":50}},"branchMap":{"0":{"loc":{"start":{"line":11,"column":2},"end":{"line":16,"column":15}},"type":"cond-expr","locations":[{"start":{"line":12,"column":6},"end":{"line":15,"column":7}},{"start":{"line":16,"column":6},"end":{"line":16,"column":15}}],"line":11},"1":{"loc":{"start":{"line":50,"column":2},"end":{"line":52,"column":52}},"type":"binary-expr","locations":[{"start":{"line":50,"column":2},"end":{"line":50,"column":16}},{"start":{"line":51,"column":2},"end":{"line":51,"column":29}},{"start":{"line":52,"column":2},"end":{"line":52,"column":52}}],"line":50}},"s":{"0":0,"1":0,"2":0,"3":0,"4":0,"5":0,"6":0,"7":0,"8":0,"9":0,"10":0,"11":0,"12":0,"13":0,"14":0,"15":0,"16":0,"17":0,"18":0,"19":0,"20":0,"21":0},"f":{"0":0,"1":0,"2":0,"3":0,"4":0,"5":0,"6":0,"7":0,"8":0,"9":0,"10":0,"11":0,"12":0,"13":0},"b":{"0":[0,0],"1":[0,0,0]},"hash":"3b114058e35f4c5c7e30b3e542f3a9448231d440"}
,"/Users/bbreg/Documents/fdk-portal/src/api/get-api-stats.js": {"path":"/Users/bbreg/Documents/fdk-portal/src/api/get-api-stats.js","statementMap":{"0":{"start":{"line":9,"column":18},"end":{"line":9,"column":75}},"1":{"start":{"line":10,"column":17},"end":{"line":12,"column":3}},"2":{"start":{"line":11,"column":14},"end":{"line":11,"column":60}},"3":{"start":{"line":13,"column":2},"end":{"line":13,"column":35}},"4":{"start":{"line":17,"column":2},"end":{"line":30,"column":4}},"5":{"start":{"line":33,"column":27},"end":{"line":46,"column":23}},"6":{"start":{"line":34,"column":2},"end":{"line":46,"column":23}},"7":{"start":{"line":44,"column":15},"end":{"line":44,"column":21}}},"fnMap":{"0":{"name":"getFromBucketArray","decl":{"start":{"line":8,"column":9},"end":{"line":8,"column":27}},"loc":{"start":{"line":8,"column":52},"end":{"line":14,"column":1}},"line":8},"1":{"name":"(anonymous_1)","decl":{"start":{"line":11,"column":4},"end":{"line":11,"column":5}},"loc":{"start":{"line":11,"column":14},"end":{"line":11,"column":60}},"line":11},"2":{"name":"extractStats","decl":{"start":{"line":16,"column":16},"end":{"line":16,"column":28}},"loc":{"start":{"line":16,"column":35},"end":{"line":31,"column":1}},"line":16},"3":{"name":"(anonymous_3)","decl":{"start":{"line":33,"column":27},"end":{"line":33,"column":28}},"loc":{"start":{"line":34,"column":2},"end":{"line":46,"column":23}},"line":34},"4":{"name":"(anonymous_4)","decl":{"start":{"line":44,"column":10},"end":{"line":44,"column":11}},"loc":{"start":{"line":44,"column":15},"end":{"line":44,"column":21}},"line":44}},"branchMap":{},"s":{"0":0,"1":0,"2":0,"3":0,"4":0,"5":0,"6":0,"7":0},"f":{"0":0,"1":0,"2":0,"3":0,"4":0},"b":{},"hash":"be8b2ee13b8648b57e59d19a4147307908a629d4"}
,"/Users/bbreg/Documents/fdk-portal/src/api/get-concept-stats.js": {"path":"/Users/bbreg/Documents/fdk-portal/src/api/get-concept-stats.js","statementMap":{"0":{"start":{"line":10,"column":18},"end":{"line":10,"column":75}},"1":{"start":{"line":11,"column":17},"end":{"line":13,"column":3}},"2":{"start":{"line":12,"column":14},"end":{"line":12,"column":60}},"3":{"start":{"line":14,"column":2},"end":{"line":14,"column":35}},"4":{"start":{"line":18,"column":2},"end":{"line":22,"column":4}},"5":{"start":{"line":25,"column":24},"end":{"line":25,"column":65}},"6":{"start":{"line":25,"column":32},"end":{"line":25,"column":65}},"7":{"start":{"line":27,"column":27},"end":{"line":28,"column":47}},"8":{"start":{"line":28,"column":2},"end":{"line":28,"column":47}},"9":{"start":{"line":30,"column":31},"end":{"line":49,"column":6}},"10":{"start":{"line":31,"column":2},"end":{"line":49,"column":6}},"11":{"start":{"line":41,"column":22},"end":{"line":41,"column":47}},"12":{"start":{"line":43,"column":20},"end":{"line":43,"column":61}},"13":{"start":{"line":44,"column":40},"end":{"line":46,"column":8}},"14":{"start":{"line":48,"column":6},"end":{"line":48,"column":53}}},"fnMap":{"0":{"name":"getFromBucketArray","decl":{"start":{"line":9,"column":9},"end":{"line":9,"column":27}},"loc":{"start":{"line":9,"column":52},"end":{"line":15,"column":1}},"line":9},"1":{"name":"(anonymous_1)","decl":{"start":{"line":12,"column":4},"end":{"line":12,"column":5}},"loc":{"start":{"line":12,"column":14},"end":{"line":12,"column":60}},"line":12},"2":{"name":"extractStats","decl":{"start":{"line":17,"column":16},"end":{"line":17,"column":28}},"loc":{"start":{"line":17,"column":35},"end":{"line":23,"column":1}},"line":17},"3":{"name":"(anonymous_3)","decl":{"start":{"line":25,"column":24},"end":{"line":25,"column":25}},"loc":{"start":{"line":25,"column":32},"end":{"line":25,"column":65}},"line":25},"4":{"name":"(anonymous_4)","decl":{"start":{"line":27,"column":27},"end":{"line":27,"column":28}},"loc":{"start":{"line":28,"column":2},"end":{"line":28,"column":47}},"line":28},"5":{"name":"(anonymous_5)","decl":{"start":{"line":30,"column":31},"end":{"line":30,"column":32}},"loc":{"start":{"line":31,"column":2},"end":{"line":49,"column":6}},"line":31},"6":{"name":"(anonymous_6)","decl":{"start":{"line":41,"column":10},"end":{"line":41,"column":11}},"loc":{"start":{"line":41,"column":22},"end":{"line":41,"column":47}},"line":41},"7":{"name":"(anonymous_7)","decl":{"start":{"line":42,"column":10},"end":{"line":42,"column":11}},"loc":{"start":{"line":42,"column":24},"end":{"line":49,"column":5}},"line":42}},"branchMap":{"0":{"loc":{"start":{"line":41,"column":22},"end":{"line":41,"column":47}},"type":"binary-expr","locations":[{"start":{"line":41,"column":22},"end":{"line":41,"column":30}},{"start":{"line":41,"column":34},"end":{"line":41,"column":47}}],"line":41}},"s":{"0":0,"1":0,"2":0,"3":0,"4":0,"5":0,"6":0,"7":0,"8":0,"9":0,"10":0,"11":0,"12":0,"13":0,"14":0},"f":{"0":0,"1":0,"2":0,"3":0,"4":0,"5":0,"6":0,"7":0},"b":{"0":[0,0]},"hash":"68273a24ee0ac89c0b2690d0a02d1a2052a5561b"}
,"/Users/bbreg/Documents/fdk-portal/src/api/get-dataset-stats.js": {"path":"/Users/bbreg/Documents/fdk-portal/src/api/get-dataset-stats.js","statementMap":{"0":{"start":{"line":9,"column":18},"end":{"line":9,"column":75}},"1":{"start":{"line":10,"column":17},"end":{"line":12,"column":3}},"2":{"start":{"line":11,"column":14},"end":{"line":11,"column":60}},"3":{"start":{"line":13,"column":2},"end":{"line":13,"column":35}},"4":{"start":{"line":17,"column":2},"end":{"line":17,"column":64}},"5":{"start":{"line":21,"column":2},"end":{"line":61,"column":4}},"6":{"start":{"line":64,"column":31},"end":{"line":77,"column":23}},"7":{"start":{"line":65,"column":2},"end":{"line":77,"column":23}},"8":{"start":{"line":75,"column":22},"end":{"line":75,"column":47}},"9":{"start":{"line":79,"column":44},"end":{"line":96,"column":56}},"10":{"start":{"line":80,"column":2},"end":{"line":96,"column":56}},"11":{"start":{"line":85,"column":22},"end":{"line":85,"column":47}},"12":{"start":{"line":86,"column":18},"end":{"line":86,"column":42}},"13":{"start":{"line":88,"column":6},"end":{"line":93,"column":7}},"14":{"start":{"line":89,"column":8},"end":{"line":92,"column":11}},"15":{"start":{"line":89,"column":56},"end":{"line":92,"column":9}},"16":{"start":{"line":96,"column":22},"end":{"line":96,"column":55}}},"fnMap":{"0":{"name":"getFromBucketArray","decl":{"start":{"line":8,"column":9},"end":{"line":8,"column":27}},"loc":{"start":{"line":8,"column":52},"end":{"line":14,"column":1}},"line":8},"1":{"name":"(anonymous_1)","decl":{"start":{"line":11,"column":4},"end":{"line":11,"column":5}},"loc":{"start":{"line":11,"column":14},"end":{"line":11,"column":60}},"line":11},"2":{"name":"getFromAggregation","decl":{"start":{"line":16,"column":9},"end":{"line":16,"column":27}},"loc":{"start":{"line":16,"column":47},"end":{"line":18,"column":1}},"line":16},"3":{"name":"extractStats","decl":{"start":{"line":20,"column":16},"end":{"line":20,"column":28}},"loc":{"start":{"line":20,"column":35},"end":{"line":62,"column":1}},"line":20},"4":{"name":"(anonymous_4)","decl":{"start":{"line":64,"column":31},"end":{"line":64,"column":32}},"loc":{"start":{"line":65,"column":2},"end":{"line":77,"column":23}},"line":65},"5":{"name":"(anonymous_5)","decl":{"start":{"line":75,"column":10},"end":{"line":75,"column":11}},"loc":{"start":{"line":75,"column":22},"end":{"line":75,"column":47}},"line":75},"6":{"name":"(anonymous_6)","decl":{"start":{"line":79,"column":44},"end":{"line":79,"column":45}},"loc":{"start":{"line":80,"column":2},"end":{"line":96,"column":56}},"line":80},"7":{"name":"(anonymous_7)","decl":{"start":{"line":85,"column":10},"end":{"line":85,"column":11}},"loc":{"start":{"line":85,"column":22},"end":{"line":85,"column":47}},"line":85},"8":{"name":"(anonymous_8)","decl":{"start":{"line":86,"column":10},"end":{"line":86,"column":11}},"loc":{"start":{"line":86,"column":18},"end":{"line":86,"column":42}},"line":86},"9":{"name":"(anonymous_9)","decl":{"start":{"line":87,"column":10},"end":{"line":87,"column":11}},"loc":{"start":{"line":88,"column":6},"end":{"line":93,"column":7}},"line":88},"10":{"name":"(anonymous_10)","decl":{"start":{"line":88,"column":19},"end":{"line":88,"column":20}},"loc":{"start":{"line":89,"column":8},"end":{"line":92,"column":11}},"line":89},"11":{"name":"(anonymous_11)","decl":{"start":{"line":89,"column":44},"end":{"line":89,"column":45}},"loc":{"start":{"line":89,"column":56},"end":{"line":92,"column":9}},"line":89},"12":{"name":"(anonymous_12)","decl":{"start":{"line":96,"column":10},"end":{"line":96,"column":11}},"loc":{"start":{"line":96,"column":22},"end":{"line":96,"column":55}},"line":96}},"branchMap":{"0":{"loc":{"start":{"line":75,"column":22},"end":{"line":75,"column":47}},"type":"binary-expr","locations":[{"start":{"line":75,"column":22},"end":{"line":75,"column":30}},{"start":{"line":75,"column":34},"end":{"line":75,"column":47}}],"line":75},"1":{"loc":{"start":{"line":85,"column":22},"end":{"line":85,"column":47}},"type":"binary-expr","locations":[{"start":{"line":85,"column":22},"end":{"line":85,"column":30}},{"start":{"line":85,"column":34},"end":{"line":85,"column":47}}],"line":85}},"s":{"0":0,"1":0,"2":0,"3":0,"4":0,"5":0,"6":0,"7":0,"8":0,"9":0,"10":0,"11":0,"12":0,"13":0,"14":0,"15":0,"16":0},"f":{"0":0,"1":0,"2":0,"3":0,"4":0,"5":0,"6":0,"7":0,"8":0,"9":0,"10":0,"11":0,"12":0},"b":{"0":[0,0],"1":[0,0]},"hash":"4a94b62207e37313c3a48a9b67190e788b6465e9"}
,"/Users/bbreg/Documents/fdk-portal/src/api/informationmodels.js": {"path":"/Users/bbreg/Documents/fdk-portal/src/api/informationmodels.js","statementMap":{"0":{"start":{"line":5,"column":33},"end":{"line":6,"column":65}},"1":{"start":{"line":6,"column":2},"end":{"line":6,"column":65}},"2":{"start":{"line":8,"column":39},"end":{"line":14,"column":22}},"3":{"start":{"line":9,"column":2},"end":{"line":14,"column":22}},"4":{"start":{"line":14,"column":15},"end":{"line":14,"column":21}},"5":{"start":{"line":16,"column":35},"end":{"line":23,"column":22}},"6":{"start":{"line":17,"column":2},"end":{"line":23,"column":22}},"7":{"start":{"line":22,"column":15},"end":{"line":22,"column":21}},"8":{"start":{"line":23,"column":17},"end":{"line":23,"column":21}},"9":{"start":{"line":25,"column":40},"end":{"line":26,"column":57}},"10":{"start":{"line":26,"column":2},"end":{"line":26,"column":57}},"11":{"start":{"line":28,"column":35},"end":{"line":29,"column":37}},"12":{"start":{"line":29,"column":2},"end":{"line":29,"column":37}},"13":{"start":{"line":31,"column":28},"end":{"line":32,"column":48}},"14":{"start":{"line":32,"column":2},"end":{"line":32,"column":48}}},"fnMap":{"0":{"name":"(anonymous_0)","decl":{"start":{"line":5,"column":33},"end":{"line":5,"column":34}},"loc":{"start":{"line":6,"column":2},"end":{"line":6,"column":65}},"line":6},"1":{"name":"(anonymous_1)","decl":{"start":{"line":8,"column":39},"end":{"line":8,"column":40}},"loc":{"start":{"line":9,"column":2},"end":{"line":14,"column":22}},"line":9},"2":{"name":"(anonymous_2)","decl":{"start":{"line":14,"column":10},"end":{"line":14,"column":11}},"loc":{"start":{"line":14,"column":15},"end":{"line":14,"column":21}},"line":14},"3":{"name":"(anonymous_3)","decl":{"start":{"line":16,"column":35},"end":{"line":16,"column":36}},"loc":{"start":{"line":17,"column":2},"end":{"line":23,"column":22}},"line":17},"4":{"name":"(anonymous_4)","decl":{"start":{"line":22,"column":10},"end":{"line":22,"column":11}},"loc":{"start":{"line":22,"column":15},"end":{"line":22,"column":21}},"line":22},"5":{"name":"(anonymous_5)","decl":{"start":{"line":23,"column":11},"end":{"line":23,"column":12}},"loc":{"start":{"line":23,"column":17},"end":{"line":23,"column":21}},"line":23},"6":{"name":"(anonymous_6)","decl":{"start":{"line":25,"column":40},"end":{"line":25,"column":41}},"loc":{"start":{"line":26,"column":2},"end":{"line":26,"column":57}},"line":26},"7":{"name":"(anonymous_7)","decl":{"start":{"line":28,"column":35},"end":{"line":28,"column":36}},"loc":{"start":{"line":29,"column":2},"end":{"line":29,"column":37}},"line":29},"8":{"name":"(anonymous_8)","decl":{"start":{"line":31,"column":28},"end":{"line":31,"column":29}},"loc":{"start":{"line":32,"column":2},"end":{"line":32,"column":48}},"line":32}},"branchMap":{},"s":{"0":0,"1":0,"2":0,"3":0,"4":0,"5":0,"6":0,"7":0,"8":0,"9":0,"10":0,"11":0,"12":0,"13":0,"14":0},"f":{"0":0,"1":0,"2":0,"3":0,"4":0,"5":0,"6":0,"7":0,"8":0},"b":{},"hash":"b31e58901e61f7fd86cad3023bed99253192354b"}
,"/Users/bbreg/Documents/fdk-portal/src/api/publishers.js": {"path":"/Users/bbreg/Documents/fdk-portal/src/api/publishers.js","statementMap":{"0":{"start":{"line":5,"column":26},"end":{"line":5,"column":76}},"1":{"start":{"line":5,"column":32},"end":{"line":5,"column":76}},"2":{"start":{"line":7,"column":33},"end":{"line":8,"column":58}},"3":{"start":{"line":8,"column":2},"end":{"line":8,"column":58}},"4":{"start":{"line":8,"column":48},"end":{"line":8,"column":57}},"5":{"start":{"line":10,"column":32},"end":{"line":14,"column":28}},"6":{"start":{"line":11,"column":2},"end":{"line":14,"column":28}},"7":{"start":{"line":13,"column":15},"end":{"line":13,"column":21}},"8":{"start":{"line":16,"column":37},"end":{"line":19,"column":22}},"9":{"start":{"line":17,"column":2},"end":{"line":19,"column":22}},"10":{"start":{"line":19,"column":15},"end":{"line":19,"column":21}}},"fnMap":{"0":{"name":"(anonymous_0)","decl":{"start":{"line":5,"column":26},"end":{"line":5,"column":27}},"loc":{"start":{"line":5,"column":32},"end":{"line":5,"column":76}},"line":5},"1":{"name":"(anonymous_1)","decl":{"start":{"line":7,"column":33},"end":{"line":7,"column":34}},"loc":{"start":{"line":8,"column":2},"end":{"line":8,"column":58}},"line":8},"2":{"name":"(anonymous_2)","decl":{"start":{"line":8,"column":43},"end":{"line":8,"column":44}},"loc":{"start":{"line":8,"column":48},"end":{"line":8,"column":57}},"line":8},"3":{"name":"(anonymous_3)","decl":{"start":{"line":10,"column":32},"end":{"line":10,"column":33}},"loc":{"start":{"line":11,"column":2},"end":{"line":14,"column":28}},"line":11},"4":{"name":"(anonymous_4)","decl":{"start":{"line":13,"column":10},"end":{"line":13,"column":11}},"loc":{"start":{"line":13,"column":15},"end":{"line":13,"column":21}},"line":13},"5":{"name":"(anonymous_5)","decl":{"start":{"line":16,"column":37},"end":{"line":16,"column":38}},"loc":{"start":{"line":17,"column":2},"end":{"line":19,"column":22}},"line":17},"6":{"name":"(anonymous_6)","decl":{"start":{"line":19,"column":10},"end":{"line":19,"column":11}},"loc":{"start":{"line":19,"column":15},"end":{"line":19,"column":21}},"line":19}},"branchMap":{},"s":{"0":0,"1":0,"2":0,"3":0,"4":0,"5":0,"6":0,"7":0,"8":0,"9":0,"10":0},"f":{"0":0,"1":0,"2":0,"3":0,"4":0,"5":0,"6":0},"b":{},"hash":"49bc90fd6591851678be288fb24f8f049c7a3eb9"}
,"/Users/bbreg/Documents/fdk-portal/src/api/referenceData.js": {"path":"/Users/bbreg/Documents/fdk-portal/src/api/referenceData.js","statementMap":{"0":{"start":{"line":4,"column":29},"end":{"line":5,"column":55}},"1":{"start":{"line":5,"column":2},"end":{"line":5,"column":55}},"2":{"start":{"line":7,"column":32},"end":{"line":13,"column":22}},"3":{"start":{"line":8,"column":2},"end":{"line":13,"column":22}},"4":{"start":{"line":13,"column":15},"end":{"line":13,"column":21}}},"fnMap":{"0":{"name":"(anonymous_0)","decl":{"start":{"line":4,"column":29},"end":{"line":4,"column":30}},"loc":{"start":{"line":5,"column":2},"end":{"line":5,"column":55}},"line":5},"1":{"name":"(anonymous_1)","decl":{"start":{"line":7,"column":32},"end":{"line":7,"column":33}},"loc":{"start":{"line":8,"column":2},"end":{"line":13,"column":22}},"line":8},"2":{"name":"(anonymous_2)","decl":{"start":{"line":13,"column":10},"end":{"line":13,"column":11}},"loc":{"start":{"line":13,"column":15},"end":{"line":13,"column":21}},"line":13}},"branchMap":{},"s":{"0":0,"1":0,"2":0,"3":0,"4":0},"f":{"0":0,"1":0,"2":0},"b":{},"hash":"abe0e533d730fa6a0425846d86a0929dd1308317"}
,"/Users/bbreg/Documents/fdk-portal/src/app/app.jsx": {"path":"/Users/bbreg/Documents/fdk-portal/src/app/app.jsx","statementMap":{"0":{"start":{"line":38,"column":2},"end":{"line":38,"column":37}},"1":{"start":{"line":39,"column":21},"end":{"line":42,"column":4}},"2":{"start":{"line":44,"column":21},"end":{"line":46,"column":45}},"3":{"start":{"line":48,"column":22},"end":{"line":50,"column":33}},"4":{"start":{"line":52,"column":2},"end":{"line":201,"column":4}},"5":{"start":{"line":204,"column":0},"end":{"line":206,"column":2}}},"fnMap":{"0":{"name":"App","decl":{"start":{"line":35,"column":16},"end":{"line":35,"column":19}},"loc":{"start":{"line":35,"column":34},"end":{"line":202,"column":1}},"line":35}},"branchMap":{"0":{"loc":{"start":{"line":44,"column":21},"end":{"line":46,"column":45}},"type":"cond-expr","locations":[{"start":{"line":45,"column":6},"end":{"line":45,"column":42}},{"start":{"line":46,"column":6},"end":{"line":46,"column":45}}],"line":44},"1":{"loc":{"start":{"line":48,"column":22},"end":{"line":50,"column":33}},"type":"cond-expr","locations":[{"start":{"line":49,"column":6},"end":{"line":49,"column":30}},{"start":{"line":50,"column":6},"end":{"line":50,"column":33}}],"line":48},"2":{"loc":{"start":{"line":54,"column":7},"end":{"line":54,"column":69}},"type":"binary-expr","locations":[{"start":{"line":54,"column":7},"end":{"line":54,"column":27}},{"start":{"line":54,"column":31},"end":{"line":54,"column":69}}],"line":54}},"s":{"0":0,"1":0,"2":0,"3":0,"4":0,"5":0},"f":{"0":0},"b":{"0":[0,0],"1":[0,0],"2":[0,0]},"hash":"cff12313f503f43acbac007e52f3f3b4141bd733"}
,"/Users/bbreg/Documents/fdk-portal/src/app/app.test.jsx": {"path":"/Users/bbreg/Documents/fdk-portal/src/app/app.test.jsx","statementMap":{"0":{"start":{"line":5,"column":0},"end":{"line":8,"column":3}},"1":{"start":{"line":6,"column":18},"end":{"line":6,"column":48}},"2":{"start":{"line":7,"column":2},"end":{"line":7,"column":36}}},"fnMap":{"0":{"name":"(anonymous_0)","decl":{"start":{"line":5,"column":36},"end":{"line":5,"column":37}},"loc":{"start":{"line":5,"column":42},"end":{"line":8,"column":1}},"line":5}},"branchMap":{},"s":{"0":0,"1":0,"2":0},"f":{"0":0},"b":{},"hash":"5349eb1ebdfe9dbf068c8741aceff861969798ce"}
,"/Users/bbreg/Documents/fdk-portal/src/app/connected-app.js": {"path":"/Users/bbreg/Documents/fdk-portal/src/app/connected-app.js","statementMap":{"0":{"start":{"line":4,"column":24},"end":{"line":7,"column":2}},"1":{"start":{"line":4,"column":34},"end":{"line":7,"column":1}},"2":{"start":{"line":9,"column":28},"end":{"line":9,"column":57}}},"fnMap":{"0":{"name":"(anonymous_0)","decl":{"start":{"line":4,"column":24},"end":{"line":4,"column":25}},"loc":{"start":{"line":4,"column":34},"end":{"line":7,"column":1}},"line":4}},"branchMap":{},"s":{"0":0,"1":0,"2":0},"f":{"0":0},"b":{},"hash":"832e92b815b6cb23d1cb0dc6546d5868be6feeae"}
,"/Users/bbreg/Documents/fdk-portal/src/app/styles.js": {"path":"/Users/bbreg/Documents/fdk-portal/src/app/styles.js","statementMap":{},"fnMap":{},"branchMap":{},"s":{},"f":{},"b":{},"hash":"48f7cf5daa1589331decae166dfc8bcd70ab24c4"}
,"/Users/bbreg/Documents/fdk-portal/src/app/app-nav-bar/app-nav-bar.jsx": {"path":"/Users/bbreg/Documents/fdk-portal/src/app/app-nav-bar/app-nav-bar.jsx","statementMap":{"0":{"start":{"line":25,"column":22},"end":{"line":27,"column":23}},"1":{"start":{"line":29,"column":2},"end":{"line":172,"column":4}},"2":{"start":{"line":97,"column":45},"end":{"line":97,"column":73}},"3":{"start":{"line":100,"column":45},"end":{"line":100,"column":73}},"4":{"start":{"line":103,"column":45},"end":{"line":103,"column":73}},"5":{"start":{"line":134,"column":47},"end":{"line":134,"column":75}},"6":{"start":{"line":137,"column":47},"end":{"line":137,"column":75}},"7":{"start":{"line":140,"column":47},"end":{"line":140,"column":75}},"8":{"start":{"line":156,"column":47},"end":{"line":156,"column":75}},"9":{"start":{"line":159,"column":47},"end":{"line":159,"column":75}},"10":{"start":{"line":162,"column":47},"end":{"line":162,"column":75}},"11":{"start":{"line":175,"column":0},"end":{"line":175,"column":28}},"12":{"start":{"line":177,"column":0},"end":{"line":179,"column":2}}},"fnMap":{"0":{"name":"AppNavBar","decl":{"start":{"line":24,"column":16},"end":{"line":24,"column":25}},"loc":{"start":{"line":24,"column":33},"end":{"line":173,"column":1}},"line":24},"1":{"name":"(anonymous_1)","decl":{"start":{"line":97,"column":39},"end":{"line":97,"column":40}},"loc":{"start":{"line":97,"column":45},"end":{"line":97,"column":73}},"line":97},"2":{"name":"(anonymous_2)","decl":{"start":{"line":100,"column":39},"end":{"line":100,"column":40}},"loc":{"start":{"line":100,"column":45},"end":{"line":100,"column":73}},"line":100},"3":{"name":"(anonymous_3)","decl":{"start":{"line":103,"column":39},"end":{"line":103,"column":40}},"loc":{"start":{"line":103,"column":45},"end":{"line":103,"column":73}},"line":103},"4":{"name":"(anonymous_4)","decl":{"start":{"line":134,"column":41},"end":{"line":134,"column":42}},"loc":{"start":{"line":134,"column":47},"end":{"line":134,"column":75}},"line":134},"5":{"name":"(anonymous_5)","decl":{"start":{"line":137,"column":41},"end":{"line":137,"column":42}},"loc":{"start":{"line":137,"column":47},"end":{"line":137,"column":75}},"line":137},"6":{"name":"(anonymous_6)","decl":{"start":{"line":140,"column":41},"end":{"line":140,"column":42}},"loc":{"start":{"line":140,"column":47},"end":{"line":140,"column":75}},"line":140},"7":{"name":"(anonymous_7)","decl":{"start":{"line":156,"column":41},"end":{"line":156,"column":42}},"loc":{"start":{"line":156,"column":47},"end":{"line":156,"column":75}},"line":156},"8":{"name":"(anonymous_8)","decl":{"start":{"line":159,"column":41},"end":{"line":159,"column":42}},"loc":{"start":{"line":159,"column":47},"end":{"line":159,"column":75}},"line":159},"9":{"name":"(anonymous_9)","decl":{"start":{"line":162,"column":41},"end":{"line":162,"column":42}},"loc":{"start":{"line":162,"column":47},"end":{"line":162,"column":75}},"line":162}},"branchMap":{"0":{"loc":{"start":{"line":25,"column":22},"end":{"line":27,"column":23}},"type":"cond-expr","locations":[{"start":{"line":26,"column":6},"end":{"line":26,"column":25}},{"start":{"line":27,"column":6},"end":{"line":27,"column":23}}],"line":25},"1":{"loc":{"start":{"line":36,"column":16},"end":{"line":38,"column":42}},"type":"cond-expr","locations":[{"start":{"line":37,"column":20},"end":{"line":37,"column":42}},{"start":{"line":38,"column":20},"end":{"line":38,"column":42}}],"line":36},"2":{"loc":{"start":{"line":40,"column":20},"end":{"line":40,"column":66}},"type":"cond-expr","locations":[{"start":{"line":40,"column":43},"end":{"line":40,"column":60}},{"start":{"line":40,"column":63},"end":{"line":40,"column":66}}],"line":40},"3":{"loc":{"start":{"line":48,"column":18},"end":{"line":50,"column":43}},"type":"cond-expr","locations":[{"start":{"line":49,"column":22},"end":{"line":49,"column":47}},{"start":{"line":50,"column":22},"end":{"line":50,"column":43}}],"line":48},"4":{"loc":{"start":{"line":57,"column":13},"end":{"line":75,"column":13}},"type":"binary-expr","locations":[{"start":{"line":57,"column":13},"end":{"line":57,"column":34}},{"start":{"line":58,"column":14},"end":{"line":74,"column":20}}],"line":57},"5":{"loc":{"start":{"line":76,"column":13},"end":{"line":89,"column":13}},"type":"binary-expr","locations":[{"start":{"line":76,"column":13},"end":{"line":76,"column":33}},{"start":{"line":77,"column":14},"end":{"line":88,"column":20}}],"line":76},"6":{"loc":{"start":{"line":120,"column":15},"end":{"line":144,"column":15}},"type":"binary-expr","locations":[{"start":{"line":120,"column":15},"end":{"line":120,"column":36}},{"start":{"line":121,"column":16},"end":{"line":143,"column":31}}],"line":120},"7":{"loc":{"start":{"line":145,"column":15},"end":{"line":166,"column":15}},"type":"binary-expr","locations":[{"start":{"line":145,"column":15},"end":{"line":145,"column":35}},{"start":{"line":146,"column":16},"end":{"line":165,"column":31}}],"line":145}},"s":{"0":0,"1":0,"2":0,"3":0,"4":0,"5":0,"6":0,"7":0,"8":0,"9":0,"10":0,"11":0,"12":0},"f":{"0":0,"1":0,"2":0,"3":0,"4":0,"5":0,"6":0,"7":0,"8":0,"9":0},"b":{"0":[0,0],"1":[0,0],"2":[0,0],"3":[0,0],"4":[0,0],"5":[0,0],"6":[0,0],"7":[0,0]},"hash":"f3fe079b6bdc67ea424c3fd76c1b1f0ce3430b6b"}
,"/Users/bbreg/Documents/fdk-portal/src/app/app-nav-bar/connected-app-nav-bar.js": {"path":"/Users/bbreg/Documents/fdk-portal/src/app/app-nav-bar/connected-app-nav-bar.js","statementMap":{"0":{"start":{"line":5,"column":24},"end":{"line":7,"column":2}},"1":{"start":{"line":5,"column":34},"end":{"line":7,"column":1}},"2":{"start":{"line":9,"column":27},"end":{"line":11,"column":2}},"3":{"start":{"line":9,"column":40},"end":{"line":11,"column":1}},"4":{"start":{"line":10,"column":32},"end":{"line":10,"column":69}},"5":{"start":{"line":13,"column":34},"end":{"line":16,"column":12}}},"fnMap":{"0":{"name":"(anonymous_0)","decl":{"start":{"line":5,"column":24},"end":{"line":5,"column":25}},"loc":{"start":{"line":5,"column":34},"end":{"line":7,"column":1}},"line":5},"1":{"name":"(anonymous_1)","decl":{"start":{"line":9,"column":27},"end":{"line":9,"column":28}},"loc":{"start":{"line":9,"column":40},"end":{"line":11,"column":1}},"line":9},"2":{"name":"(anonymous_2)","decl":{"start":{"line":10,"column":20},"end":{"line":10,"column":21}},"loc":{"start":{"line":10,"column":32},"end":{"line":10,"column":69}},"line":10}},"branchMap":{},"s":{"0":0,"1":0,"2":0,"3":0,"4":0,"5":0},"f":{"0":0,"1":0,"2":0},"b":{},"hash":"f7c893f348d07cd1961879d1a8c155d414df9661"}
,"/Users/bbreg/Documents/fdk-portal/src/app/breadcrumbs/breadcrumbs.component.jsx": {"path":"/Users/bbreg/Documents/fdk-portal/src/app/breadcrumbs/breadcrumbs.component.jsx","statementMap":{"0":{"start":{"line":19,"column":15},"end":{"line":48,"column":1}},"1":{"start":{"line":50,"column":16},"end":{"line":53,"column":1}},"2":{"start":{"line":57,"column":24},"end":{"line":80,"column":1}},"3":{"start":{"line":58,"column":2},"end":{"line":78,"column":3}},"4":{"start":{"line":59,"column":4},"end":{"line":77,"column":6}},"5":{"start":{"line":63,"column":12},"end":{"line":73,"column":19}},"6":{"start":{"line":79,"column":2},"end":{"line":79,"column":14}},"7":{"start":{"line":82,"column":27},"end":{"line":82,"column":76}}},"fnMap":{"0":{"name":"(anonymous_0)","decl":{"start":{"line":57,"column":24},"end":{"line":57,"column":25}},"loc":{"start":{"line":57,"column":45},"end":{"line":80,"column":1}},"line":57},"1":{"name":"(anonymous_1)","decl":{"start":{"line":62,"column":27},"end":{"line":62,"column":28}},"loc":{"start":{"line":63,"column":12},"end":{"line":73,"column":19}},"line":63}},"branchMap":{"0":{"loc":{"start":{"line":24,"column":18},"end":{"line":24,"column":59}},"type":"cond-expr","locations":[{"start":{"line":24,"column":41},"end":{"line":24,"column":50}},{"start":{"line":24,"column":53},"end":{"line":24,"column":59}}],"line":24},"1":{"loc":{"start":{"line":58,"column":2},"end":{"line":78,"column":3}},"type":"if","locations":[{"start":{"line":58,"column":2},"end":{"line":78,"column":3}},{"start":{"line":58,"column":2},"end":{"line":78,"column":3}}],"line":58},"2":{"loc":{"start":{"line":58,"column":6},"end":{"line":58,"column":43}},"type":"binary-expr","locations":[{"start":{"line":58,"column":6},"end":{"line":58,"column":17}},{"start":{"line":58,"column":21},"end":{"line":58,"column":43}}],"line":58},"3":{"loc":{"start":{"line":64,"column":15},"end":{"line":71,"column":15}},"type":"binary-expr","locations":[{"start":{"line":64,"column":15},"end":{"line":64,"column":45}},{"start":{"line":65,"column":16},"end":{"line":70,"column":19}}],"line":64},"4":{"loc":{"start":{"line":72,"column":15},"end":{"line":72,"column":61}},"type":"binary-expr","locations":[{"start":{"line":72,"column":15},"end":{"line":72,"column":47}},{"start":{"line":72,"column":51},"end":{"line":72,"column":61}}],"line":72}},"s":{"0":0,"1":0,"2":0,"3":0,"4":0,"5":0,"6":0,"7":0},"f":{"0":0,"1":0},"b":{"0":[0,0],"1":[0,0],"2":[0,0],"3":[0,0],"4":[0,0]},"hash":"5e27c9d3b76a871061bb794a551da754e100f1cc"}
,"/Users/bbreg/Documents/fdk-portal/src/app/breadcrumbs/breadcrumbs.test.jsx": {"path":"/Users/bbreg/Documents/fdk-portal/src/app/breadcrumbs/breadcrumbs.test.jsx","statementMap":{"0":{"start":{"line":5,"column":0},"end":{"line":8,"column":3}},"1":{"start":{"line":6,"column":18},"end":{"line":6,"column":42}},"2":{"start":{"line":7,"column":2},"end":{"line":7,"column":36}}},"fnMap":{"0":{"name":"(anonymous_0)","decl":{"start":{"line":5,"column":44},"end":{"line":5,"column":45}},"loc":{"start":{"line":5,"column":50},"end":{"line":8,"column":1}},"line":5}},"branchMap":{},"s":{"0":0,"1":0,"2":0},"f":{"0":0},"b":{},"hash":"8e92974a05f295375b499cddbb0b13b9f764b2da"}
,"/Users/bbreg/Documents/fdk-portal/src/app/breadcrumbs/api-breadcrumb/api-breadcrumb.jsx": {"path":"/Users/bbreg/Documents/fdk-portal/src/app/breadcrumbs/api-breadcrumb/api-breadcrumb.jsx","statementMap":{"0":{"start":{"line":8,"column":23},"end":{"line":8,"column":40}},"1":{"start":{"line":10,"column":33},"end":{"line":13,"column":1}},"2":{"start":{"line":11,"column":22},"end":{"line":11,"column":27}},"3":{"start":{"line":12,"column":2},"end":{"line":12,"column":67}},"4":{"start":{"line":15,"column":17},"end":{"line":17,"column":1}},"5":{"start":{"line":16,"column":20},"end":{"line":16,"column":57}},"6":{"start":{"line":19,"column":0},"end":{"line":21,"column":2}},"7":{"start":{"line":23,"column":0},"end":{"line":25,"column":2}},"8":{"start":{"line":27,"column":29},"end":{"line":27,"column":65}}},"fnMap":{"0":{"name":"(anonymous_0)","decl":{"start":{"line":10,"column":33},"end":{"line":10,"column":34}},"loc":{"start":{"line":10,"column":42},"end":{"line":13,"column":1}},"line":10},"1":{"name":"(anonymous_1)","decl":{"start":{"line":16,"column":11},"end":{"line":16,"column":12}},"loc":{"start":{"line":16,"column":20},"end":{"line":16,"column":57}},"line":16}},"branchMap":{"0":{"loc":{"start":{"line":12,"column":33},"end":{"line":12,"column":57}},"type":"binary-expr","locations":[{"start":{"line":12,"column":33},"end":{"line":12,"column":40}},{"start":{"line":12,"column":44},"end":{"line":12,"column":57}}],"line":12}},"s":{"0":0,"1":0,"2":0,"3":0,"4":0,"5":0,"6":0,"7":0,"8":0},"f":{"0":0,"1":0},"b":{"0":[0,0]},"hash":"f9092d8dd581b378e0bbf2d6e1e3710d212ff79f"}
,"/Users/bbreg/Documents/fdk-portal/src/app/breadcrumbs/api-breadcrumb/api-breadcrumb.test.jsx": {"path":"/Users/bbreg/Documents/fdk-portal/src/app/breadcrumbs/api-breadcrumb/api-breadcrumb.test.jsx","statementMap":{"0":{"start":{"line":5,"column":0},"end":{"line":13,"column":3}},"1":{"start":{"line":6,"column":23},"end":{"line":10,"column":3}},"2":{"start":{"line":11,"column":18},"end":{"line":11,"column":66}},"3":{"start":{"line":12,"column":2},"end":{"line":12,"column":36}},"4":{"start":{"line":15,"column":0},"end":{"line":19,"column":3}},"5":{"start":{"line":16,"column":23},"end":{"line":16,"column":25}},"6":{"start":{"line":17,"column":18},"end":{"line":17,"column":66}},"7":{"start":{"line":18,"column":2},"end":{"line":18,"column":36}}},"fnMap":{"0":{"name":"(anonymous_0)","decl":{"start":{"line":5,"column":72},"end":{"line":5,"column":73}},"loc":{"start":{"line":5,"column":78},"end":{"line":13,"column":1}},"line":5},"1":{"name":"(anonymous_1)","decl":{"start":{"line":15,"column":66},"end":{"line":15,"column":67}},"loc":{"start":{"line":15,"column":72},"end":{"line":19,"column":1}},"line":15}},"branchMap":{},"s":{"0":0,"1":0,"2":0,"3":0,"4":0,"5":0,"6":0,"7":0},"f":{"0":0,"1":0},"b":{},"hash":"ce7e0ce637cdd4d17671d618163eedf9ba05ac41"}
,"/Users/bbreg/Documents/fdk-portal/src/app/breadcrumbs/concept-breadcrumb/concept-breadcrumb.jsx": {"path":"/Users/bbreg/Documents/fdk-portal/src/app/breadcrumbs/concept-breadcrumb/concept-breadcrumb.jsx","statementMap":{"0":{"start":{"line":8,"column":23},"end":{"line":8,"column":44}},"1":{"start":{"line":10,"column":30},"end":{"line":13,"column":1}},"2":{"start":{"line":11,"column":26},"end":{"line":11,"column":31}},"3":{"start":{"line":12,"column":2},"end":{"line":12,"column":74}},"4":{"start":{"line":15,"column":17},"end":{"line":17,"column":1}},"5":{"start":{"line":16,"column":24},"end":{"line":16,"column":61}},"6":{"start":{"line":19,"column":0},"end":{"line":21,"column":2}},"7":{"start":{"line":23,"column":0},"end":{"line":25,"column":2}},"8":{"start":{"line":27,"column":33},"end":{"line":27,"column":73}}},"fnMap":{"0":{"name":"(anonymous_0)","decl":{"start":{"line":10,"column":30},"end":{"line":10,"column":31}},"loc":{"start":{"line":10,"column":39},"end":{"line":13,"column":1}},"line":10},"1":{"name":"(anonymous_1)","decl":{"start":{"line":16,"column":15},"end":{"line":16,"column":16}},"loc":{"start":{"line":16,"column":24},"end":{"line":16,"column":61}},"line":16}},"branchMap":{},"s":{"0":0,"1":0,"2":0,"3":0,"4":0,"5":0,"6":0,"7":0,"8":0},"f":{"0":0,"1":0},"b":{},"hash":"94eeac23b8f594c0953d1646bec8996dab62f703"}
,"/Users/bbreg/Documents/fdk-portal/src/app/breadcrumbs/dataset-breadcrumb/dataset-breadcrumb.jsx": {"path":"/Users/bbreg/Documents/fdk-portal/src/app/breadcrumbs/dataset-breadcrumb/dataset-breadcrumb.jsx","statementMap":{"0":{"start":{"line":8,"column":27},"end":{"line":8,"column":48}},"1":{"start":{"line":10,"column":37},"end":{"line":13,"column":1}},"2":{"start":{"line":11,"column":26},"end":{"line":11,"column":31}},"3":{"start":{"line":12,"column":2},"end":{"line":12,"column":75}},"4":{"start":{"line":15,"column":17},"end":{"line":17,"column":1}},"5":{"start":{"line":16,"column":24},"end":{"line":16,"column":65}},"6":{"start":{"line":19,"column":0},"end":{"line":21,"column":2}},"7":{"start":{"line":23,"column":0},"end":{"line":25,"column":2}},"8":{"start":{"line":27,"column":33},"end":{"line":27,"column":73}}},"fnMap":{"0":{"name":"(anonymous_0)","decl":{"start":{"line":10,"column":37},"end":{"line":10,"column":38}},"loc":{"start":{"line":10,"column":46},"end":{"line":13,"column":1}},"line":10},"1":{"name":"(anonymous_1)","decl":{"start":{"line":16,"column":15},"end":{"line":16,"column":16}},"loc":{"start":{"line":16,"column":24},"end":{"line":16,"column":65}},"line":16}},"branchMap":{"0":{"loc":{"start":{"line":12,"column":33},"end":{"line":12,"column":65}},"type":"binary-expr","locations":[{"start":{"line":12,"column":33},"end":{"line":12,"column":44}},{"start":{"line":12,"column":48},"end":{"line":12,"column":65}}],"line":12}},"s":{"0":0,"1":0,"2":0,"3":0,"4":0,"5":0,"6":0,"7":0,"8":0},"f":{"0":0,"1":0},"b":{"0":[0,0]},"hash":"82a0b23676ace0d80c4e4df755ea4928190cd83a"}
,"/Users/bbreg/Documents/fdk-portal/src/app/breadcrumbs/dataset-breadcrumb/dataset-breadcrumb.test.jsx": {"path":"/Users/bbreg/Documents/fdk-portal/src/app/breadcrumbs/dataset-breadcrumb/dataset-breadcrumb.test.jsx","statementMap":{"0":{"start":{"line":5,"column":0},"end":{"line":13,"column":3}},"1":{"start":{"line":6,"column":23},"end":{"line":10,"column":3}},"2":{"start":{"line":11,"column":18},"end":{"line":11,"column":70}},"3":{"start":{"line":12,"column":2},"end":{"line":12,"column":36}},"4":{"start":{"line":15,"column":0},"end":{"line":19,"column":3}},"5":{"start":{"line":16,"column":23},"end":{"line":16,"column":25}},"6":{"start":{"line":17,"column":18},"end":{"line":17,"column":70}},"7":{"start":{"line":18,"column":2},"end":{"line":18,"column":36}}},"fnMap":{"0":{"name":"(anonymous_0)","decl":{"start":{"line":5,"column":76},"end":{"line":5,"column":77}},"loc":{"start":{"line":5,"column":82},"end":{"line":13,"column":1}},"line":5},"1":{"name":"(anonymous_1)","decl":{"start":{"line":15,"column":74},"end":{"line":15,"column":75}},"loc":{"start":{"line":15,"column":80},"end":{"line":19,"column":1}},"line":15}},"branchMap":{},"s":{"0":0,"1":0,"2":0,"3":0,"4":0,"5":0,"6":0,"7":0},"f":{"0":0,"1":0},"b":{},"hash":"82e94afd10ce3b13ee98e58065cf7b81d5582147"}
,"/Users/bbreg/Documents/fdk-portal/src/app/breadcrumbs/informationModel-breadbrumb/information-breadcrumb.jsx": {"path":"/Users/bbreg/Documents/fdk-portal/src/app/breadcrumbs/informationModel-breadbrumb/information-breadcrumb.jsx","statementMap":{"0":{"start":{"line":8,"column":36},"end":{"line":8,"column":66}},"1":{"start":{"line":10,"column":46},"end":{"line":13,"column":1}},"2":{"start":{"line":11,"column":35},"end":{"line":11,"column":40}},"3":{"start":{"line":12,"column":2},"end":{"line":12,"column":79}},"4":{"start":{"line":15,"column":17},"end":{"line":18,"column":1}},"5":{"start":{"line":17,"column":4},"end":{"line":17,"column":54}},"6":{"start":{"line":20,"column":0},"end":{"line":22,"column":2}},"7":{"start":{"line":24,"column":0},"end":{"line":26,"column":2}},"8":{"start":{"line":28,"column":42},"end":{"line":30,"column":1}}},"fnMap":{"0":{"name":"(anonymous_0)","decl":{"start":{"line":10,"column":46},"end":{"line":10,"column":47}},"loc":{"start":{"line":10,"column":55},"end":{"line":13,"column":1}},"line":10},"1":{"name":"(anonymous_1)","decl":{"start":{"line":16,"column":24},"end":{"line":16,"column":25}},"loc":{"start":{"line":17,"column":4},"end":{"line":17,"column":54}},"line":17}},"branchMap":{},"s":{"0":0,"1":0,"2":0,"3":0,"4":0,"5":0,"6":0,"7":0,"8":0},"f":{"0":0,"1":0},"b":{},"hash":"ca75ddce295c946bae9ffb0bfe0ce23dbf6eef4e"}
,"/Users/bbreg/Documents/fdk-portal/src/app/breadcrumbs/informationModel-breadbrumb/information-breadcrumb.test.jsx": {"path":"/Users/bbreg/Documents/fdk-portal/src/app/breadcrumbs/informationModel-breadbrumb/information-breadcrumb.test.jsx","statementMap":{"0":{"start":{"line":5,"column":0},"end":{"line":13,"column":3}},"1":{"start":{"line":6,"column":23},"end":{"line":10,"column":3}},"2":{"start":{"line":11,"column":18},"end":{"line":11,"column":79}},"3":{"start":{"line":12,"column":2},"end":{"line":12,"column":36}},"4":{"start":{"line":15,"column":0},"end":{"line":19,"column":3}},"5":{"start":{"line":16,"column":23},"end":{"line":16,"column":25}},"6":{"start":{"line":17,"column":18},"end":{"line":17,"column":79}},"7":{"start":{"line":18,"column":2},"end":{"line":18,"column":36}}},"fnMap":{"0":{"name":"(anonymous_0)","decl":{"start":{"line":5,"column":85},"end":{"line":5,"column":86}},"loc":{"start":{"line":5,"column":91},"end":{"line":13,"column":1}},"line":5},"1":{"name":"(anonymous_1)","decl":{"start":{"line":15,"column":92},"end":{"line":15,"column":93}},"loc":{"start":{"line":15,"column":98},"end":{"line":19,"column":1}},"line":15}},"branchMap":{},"s":{"0":0,"1":0,"2":0,"3":0,"4":0,"5":0,"6":0,"7":0},"f":{"0":0,"1":0},"b":{},"hash":"d86ecf9301e5085083a1644d087a9f67ec6d427e"}
,"/Users/bbreg/Documents/fdk-portal/src/app/breadcrumbs/pathname-breadcrumb/pathname-breadcrumb.jsx": {"path":"/Users/bbreg/Documents/fdk-portal/src/app/breadcrumbs/pathname-breadcrumb/pathname-breadcrumb.jsx","statementMap":{"0":{"start":{"line":4,"column":34},"end":{"line":6,"column":1}},"1":{"start":{"line":5,"column":2},"end":{"line":5,"column":44}}},"fnMap":{"0":{"name":"(anonymous_0)","decl":{"start":{"line":4,"column":34},"end":{"line":4,"column":35}},"loc":{"start":{"line":5,"column":2},"end":{"line":5,"column":44}},"line":5}},"branchMap":{},"s":{"0":0,"1":0},"f":{"0":0},"b":{},"hash":"af3405d1a511bb9ba1de74f12fd8625d6804c05e"}
,"/Users/bbreg/Documents/fdk-portal/src/app/breadcrumbs/pathname-breadcrumb/pathname-breadcrumb.test.jsx": {"path":"/Users/bbreg/Documents/fdk-portal/src/app/breadcrumbs/pathname-breadcrumb/pathname-breadcrumb.test.jsx","statementMap":{"0":{"start":{"line":5,"column":0},"end":{"line":11,"column":3}},"1":{"start":{"line":6,"column":23},"end":{"line":8,"column":3}},"2":{"start":{"line":9,"column":18},"end":{"line":9,"column":67}},"3":{"start":{"line":10,"column":2},"end":{"line":10,"column":36}},"4":{"start":{"line":13,"column":0},"end":{"line":17,"column":3}},"5":{"start":{"line":14,"column":23},"end":{"line":14,"column":25}},"6":{"start":{"line":15,"column":18},"end":{"line":15,"column":67}},"7":{"start":{"line":16,"column":2},"end":{"line":16,"column":36}}},"fnMap":{"0":{"name":"(anonymous_0)","decl":{"start":{"line":5,"column":52},"end":{"line":5,"column":53}},"loc":{"start":{"line":5,"column":58},"end":{"line":11,"column":1}},"line":5},"1":{"name":"(anonymous_1)","decl":{"start":{"line":13,"column":68},"end":{"line":13,"column":69}},"loc":{"start":{"line":13,"column":74},"end":{"line":17,"column":1}},"line":13}},"branchMap":{},"s":{"0":0,"1":0,"2":0,"3":0,"4":0,"5":0,"6":0,"7":0},"f":{"0":0,"1":0},"b":{},"hash":"e1396c9c0b2d804728f1519710f2d67a2a60f0f7"}
,"/Users/bbreg/Documents/fdk-portal/src/components/api-icons.jsx": {"path":"/Users/bbreg/Documents/fdk-portal/src/components/api-icons.jsx","statementMap":{"0":{"start":{"line":4,"column":26},"end":{"line":15,"column":1}},"1":{"start":{"line":5,"column":2},"end":{"line":14,"column":9}},"2":{"start":{"line":17,"column":29},"end":{"line":25,"column":1}},"3":{"start":{"line":18,"column":2},"end":{"line":24,"column":9}},"4":{"start":{"line":27,"column":32},"end":{"line":37,"column":1}},"5":{"start":{"line":28,"column":2},"end":{"line":36,"column":9}},"6":{"start":{"line":39,"column":35},"end":{"line":47,"column":1}},"7":{"start":{"line":40,"column":2},"end":{"line":46,"column":9}},"8":{"start":{"line":49,"column":33},"end":{"line":61,"column":1}},"9":{"start":{"line":50,"column":2},"end":{"line":60,"column":9}},"10":{"start":{"line":62,"column":36},"end":{"line":74,"column":1}},"11":{"start":{"line":63,"column":2},"end":{"line":73,"column":9}}},"fnMap":{"0":{"name":"(anonymous_0)","decl":{"start":{"line":4,"column":26},"end":{"line":4,"column":27}},"loc":{"start":{"line":5,"column":2},"end":{"line":14,"column":9}},"line":5},"1":{"name":"(anonymous_1)","decl":{"start":{"line":17,"column":29},"end":{"line":17,"column":30}},"loc":{"start":{"line":18,"column":2},"end":{"line":24,"column":9}},"line":18},"2":{"name":"(anonymous_2)","decl":{"start":{"line":27,"column":32},"end":{"line":27,"column":33}},"loc":{"start":{"line":28,"column":2},"end":{"line":36,"column":9}},"line":28},"3":{"name":"(anonymous_3)","decl":{"start":{"line":39,"column":35},"end":{"line":39,"column":36}},"loc":{"start":{"line":40,"column":2},"end":{"line":46,"column":9}},"line":40},"4":{"name":"(anonymous_4)","decl":{"start":{"line":49,"column":33},"end":{"line":49,"column":34}},"loc":{"start":{"line":50,"column":2},"end":{"line":60,"column":9}},"line":50},"5":{"name":"(anonymous_5)","decl":{"start":{"line":62,"column":36},"end":{"line":62,"column":37}},"loc":{"start":{"line":63,"column":2},"end":{"line":73,"column":9}},"line":63}},"branchMap":{},"s":{"0":0,"1":0,"2":0,"3":0,"4":0,"5":0,"6":0,"7":0,"8":0,"9":0,"10":0,"11":0},"f":{"0":0,"1":0,"2":0,"3":0,"4":0,"5":0},"b":{},"hash":"c5063348f2f9a963e210ea0c4c6fbbd38da5c28b"}
,"/Users/bbreg/Documents/fdk-portal/src/components/alert-message/alert-message.component.jsx": {"path":"/Users/bbreg/Documents/fdk-portal/src/components/alert-message/alert-message.component.jsx","statementMap":{"0":{"start":{"line":5,"column":28},"end":{"line":27,"column":1}},"1":{"start":{"line":6,"column":41},"end":{"line":6,"column":46}},"2":{"start":{"line":7,"column":2},"end":{"line":9,"column":3}},"3":{"start":{"line":8,"column":4},"end":{"line":8,"column":16}},"4":{"start":{"line":10,"column":26},"end":{"line":15,"column":4}},"5":{"start":{"line":16,"column":25},"end":{"line":20,"column":4}},"6":{"start":{"line":21,"column":2},"end":{"line":26,"column":4}},"7":{"start":{"line":29,"column":0},"end":{"line":31,"column":2}},"8":{"start":{"line":33,"column":0},"end":{"line":37,"column":2}}},"fnMap":{"0":{"name":"(anonymous_0)","decl":{"start":{"line":5,"column":28},"end":{"line":5,"column":29}},"loc":{"start":{"line":5,"column":37},"end":{"line":27,"column":1}},"line":5}},"branchMap":{"0":{"loc":{"start":{"line":7,"column":2},"end":{"line":9,"column":3}},"type":"if","locations":[{"start":{"line":7,"column":2},"end":{"line":9,"column":3}},{"start":{"line":7,"column":2},"end":{"line":9,"column":3}}],"line":7},"1":{"loc":{"start":{"line":7,"column":8},"end":{"line":7,"column":24}},"type":"binary-expr","locations":[{"start":{"line":7,"column":8},"end":{"line":7,"column":12}},{"start":{"line":7,"column":16},"end":{"line":7,"column":24}}],"line":7}},"s":{"0":0,"1":0,"2":0,"3":0,"4":0,"5":0,"6":0,"7":0,"8":0},"f":{"0":0},"b":{"0":[0,0],"1":[0,0]},"hash":"c69d2f2b5af4654b4a762b420bffd473c9e9ac6e"}
,"/Users/bbreg/Documents/fdk-portal/src/components/alert-message/alert-message.component.test.jsx": {"path":"/Users/bbreg/Documents/fdk-portal/src/components/alert-message/alert-message.component.test.jsx","statementMap":{"0":{"start":{"line":5,"column":0},"end":{"line":10,"column":3}},"1":{"start":{"line":6,"column":18},"end":{"line":8,"column":3}},"2":{"start":{"line":9,"column":2},"end":{"line":9,"column":36}},"3":{"start":{"line":12,"column":0},"end":{"line":17,"column":3}},"4":{"start":{"line":13,"column":18},"end":{"line":15,"column":3}},"5":{"start":{"line":16,"column":2},"end":{"line":16,"column":36}}},"fnMap":{"0":{"name":"(anonymous_0)","decl":{"start":{"line":5,"column":64},"end":{"line":5,"column":65}},"loc":{"start":{"line":5,"column":70},"end":{"line":10,"column":1}},"line":5},"1":{"name":"(anonymous_1)","decl":{"start":{"line":12,"column":63},"end":{"line":12,"column":64}},"loc":{"start":{"line":12,"column":69},"end":{"line":17,"column":1}},"line":12}},"branchMap":{},"s":{"0":0,"1":0,"2":0,"3":0,"4":0,"5":0},"f":{"0":0,"1":0},"b":{},"hash":"48c84f72e0fd892692b3694a350bcd99029e6518"}
,"/Users/bbreg/Documents/fdk-portal/src/components/box-regular/box-regular.component.jsx": {"path":"/Users/bbreg/Documents/fdk-portal/src/components/box-regular/box-regular.component.jsx","statementMap":{"0":{"start":{"line":6,"column":26},"end":{"line":17,"column":1}},"1":{"start":{"line":7,"column":29},"end":{"line":7,"column":34}},"2":{"start":{"line":8,"column":2},"end":{"line":16,"column":4}},"3":{"start":{"line":19,"column":0},"end":{"line":22,"column":2}},"4":{"start":{"line":24,"column":0},"end":{"line":27,"column":2}}},"fnMap":{"0":{"name":"(anonymous_0)","decl":{"start":{"line":6,"column":26},"end":{"line":6,"column":27}},"loc":{"start":{"line":6,"column":35},"end":{"line":17,"column":1}},"line":6}},"branchMap":{},"s":{"0":0,"1":0,"2":0,"3":0,"4":0},"f":{"0":0},"b":{},"hash":"bfb79f572f26a34ee2fcf5a54fddf16ce6726ebf"}
,"/Users/bbreg/Documents/fdk-portal/src/components/error-boundary/error-boundary.jsx": {"path":"/Users/bbreg/Documents/fdk-portal/src/components/error-boundary/error-boundary.jsx","statementMap":{"0":{"start":{"line":12,"column":4},"end":{"line":12,"column":17}},"1":{"start":{"line":14,"column":4},"end":{"line":18,"column":6}},"2":{"start":{"line":23,"column":4},"end":{"line":27,"column":7}},"3":{"start":{"line":31,"column":46},"end":{"line":31,"column":56}},"4":{"start":{"line":32,"column":25},"end":{"line":32,"column":35}},"5":{"start":{"line":33,"column":4},"end":{"line":35,"column":5}},"6":{"start":{"line":34,"column":6},"end":{"line":34,"column":22}},"7":{"start":{"line":37,"column":4},"end":{"line":43,"column":6}}},"fnMap":{"0":{"name":"(anonymous_0)","decl":{"start":{"line":11,"column":2},"end":{"line":11,"column":3}},"loc":{"start":{"line":11,"column":21},"end":{"line":19,"column":3}},"line":11},"1":{"name":"(anonymous_1)","decl":{"start":{"line":21,"column":2},"end":{"line":21,"column":3}},"loc":{"start":{"line":21,"column":33},"end":{"line":28,"column":3}},"line":21},"2":{"name":"(anonymous_2)","decl":{"start":{"line":30,"column":2},"end":{"line":30,"column":3}},"loc":{"start":{"line":30,"column":11},"end":{"line":44,"column":3}},"line":30}},"branchMap":{"0":{"loc":{"start":{"line":33,"column":4},"end":{"line":35,"column":5}},"type":"if","locations":[{"start":{"line":33,"column":4},"end":{"line":35,"column":5}},{"start":{"line":33,"column":4},"end":{"line":35,"column":5}}],"line":33},"1":{"loc":{"start":{"line":40,"column":22},"end":{"line":40,"column":53}},"type":"binary-expr","locations":[{"start":{"line":40,"column":22},"end":{"line":40,"column":30}},{"start":{"line":40,"column":34},"end":{"line":40,"column":53}}],"line":40}},"s":{"0":0,"1":0,"2":0,"3":0,"4":0,"5":0,"6":0,"7":0},"f":{"0":0,"1":0,"2":0},"b":{"0":[0,0],"1":[0,0]},"hash":"8dde7b833ae6df1c4b250bacc31a052e22d26c4b"}
,"/Users/bbreg/Documents/fdk-portal/src/components/error-boundary/error-messaage.jsx": {"path":"/Users/bbreg/Documents/fdk-portal/src/components/error-boundary/error-messaage.jsx","statementMap":{"0":{"start":{"line":5,"column":28},"end":{"line":19,"column":1}},"1":{"start":{"line":6,"column":43},"end":{"line":6,"column":48}},"2":{"start":{"line":8,"column":2},"end":{"line":18,"column":4}},"3":{"start":{"line":21,"column":0},"end":{"line":23,"column":2}}},"fnMap":{"0":{"name":"(anonymous_0)","decl":{"start":{"line":5,"column":28},"end":{"line":5,"column":29}},"loc":{"start":{"line":5,"column":37},"end":{"line":19,"column":1}},"line":5}},"branchMap":{"0":{"loc":{"start":{"line":14,"column":7},"end":{"line":16,"column":7}},"type":"binary-expr","locations":[{"start":{"line":14,"column":7},"end":{"line":14,"column":14}},{"start":{"line":15,"column":8},"end":{"line":15,"column":71}}],"line":14}},"s":{"0":0,"1":0,"2":0,"3":0},"f":{"0":0},"b":{"0":[0,0]},"hash":"1f83a66ded40b7f0ac843f7d297e260100388ccd"}
,"/Users/bbreg/Documents/fdk-portal/src/components/error404/error404.component.jsx": {"path":"/Users/bbreg/Documents/fdk-portal/src/components/error404/error404.component.jsx","statementMap":{"0":{"start":{"line":4,"column":24},"end":{"line":15,"column":1}},"1":{"start":{"line":5,"column":2},"end":{"line":14,"column":8}}},"fnMap":{"0":{"name":"(anonymous_0)","decl":{"start":{"line":4,"column":24},"end":{"line":4,"column":25}},"loc":{"start":{"line":5,"column":2},"end":{"line":14,"column":8}},"line":5}},"branchMap":{},"s":{"0":0,"1":0},"f":{"0":0},"b":{},"hash":"daaa2e87bfd6b74bc2d7d20b29f31193f73b923b"}
,"/Users/bbreg/Documents/fdk-portal/src/components/error404/error404.component.test.jsx": {"path":"/Users/bbreg/Documents/fdk-portal/src/components/error404/error404.component.test.jsx","statementMap":{"0":{"start":{"line":5,"column":0},"end":{"line":8,"column":3}},"1":{"start":{"line":6,"column":18},"end":{"line":6,"column":39}},"2":{"start":{"line":7,"column":2},"end":{"line":7,"column":36}}},"fnMap":{"0":{"name":"(anonymous_0)","decl":{"start":{"line":5,"column":41},"end":{"line":5,"column":42}},"loc":{"start":{"line":5,"column":47},"end":{"line":8,"column":1}},"line":5}},"branchMap":{},"s":{"0":0,"1":0,"2":0},"f":{"0":0},"b":{},"hash":"65678f7ca7ab160b99820515fc8d956e0b7a09ba"}
,"/Users/bbreg/Documents/fdk-portal/src/components/filter-box/filter-box.component.jsx": {"path":"/Users/bbreg/Documents/fdk-portal/src/components/filter-box/filter-box.component.jsx","statementMap":{"0":{"start":{"line":13,"column":4},"end":{"line":13,"column":17}},"1":{"start":{"line":14,"column":4},"end":{"line":17,"column":6}},"2":{"start":{"line":18,"column":4},"end":{"line":18,"column":53}},"3":{"start":{"line":19,"column":4},"end":{"line":19,"column":49}},"4":{"start":{"line":23,"column":27},"end":{"line":23,"column":37}},"5":{"start":{"line":24,"column":4},"end":{"line":24,"column":47}},"6":{"start":{"line":28,"column":21},"end":{"line":28,"column":31}},"7":{"start":{"line":29,"column":4},"end":{"line":29,"column":35}},"8":{"start":{"line":33,"column":21},"end":{"line":33,"column":31}},"9":{"start":{"line":34,"column":37},"end":{"line":34,"column":47}},"10":{"start":{"line":36,"column":4},"end":{"line":38,"column":5}},"11":{"start":{"line":37,"column":6},"end":{"line":37,"column":40}},"12":{"start":{"line":39,"column":20},"end":{"line":62,"column":8}},"13":{"start":{"line":40,"column":6},"end":{"line":62,"column":8}},"14":{"start":{"line":42,"column":22},"end":{"line":42,"column":23}},"15":{"start":{"line":43,"column":8},"end":{"line":45,"column":9}},"16":{"start":{"line":44,"column":10},"end":{"line":44,"column":62}},"17":{"start":{"line":46,"column":21},"end":{"line":46,"column":26}},"18":{"start":{"line":47,"column":8},"end":{"line":49,"column":9}},"19":{"start":{"line":48,"column":10},"end":{"line":48,"column":24}},"20":{"start":{"line":50,"column":8},"end":{"line":61,"column":10}},"21":{"start":{"line":64,"column":4},"end":{"line":92,"column":5}},"22":{"start":{"line":65,"column":28},"end":{"line":65,"column":42}},"23":{"start":{"line":66,"column":28},"end":{"line":69,"column":8}},"24":{"start":{"line":70,"column":6},"end":{"line":91,"column":8}},"25":{"start":{"line":93,"column":4},"end":{"line":93,"column":16}},"26":{"start":{"line":97,"column":27},"end":{"line":97,"column":37}},"27":{"start":{"line":98,"column":53},"end":{"line":98,"column":63}},"28":{"start":{"line":99,"column":30},"end":{"line":102,"column":6}},"29":{"start":{"line":103,"column":4},"end":{"line":125,"column":5}},"30":{"start":{"line":104,"column":6},"end":{"line":124,"column":8}},"31":{"start":{"line":126,"column":4},"end":{"line":126,"column":16}},"32":{"start":{"line":130,"column":0},"end":{"line":135,"column":2}},"33":{"start":{"line":137,"column":0},"end":{"line":144,"column":2}}},"fnMap":{"0":{"name":"(anonymous_0)","decl":{"start":{"line":12,"column":2},"end":{"line":12,"column":3}},"loc":{"start":{"line":12,"column":21},"end":{"line":20,"column":3}},"line":12},"1":{"name":"(anonymous_1)","decl":{"start":{"line":22,"column":2},"end":{"line":22,"column":3}},"loc":{"start":{"line":22,"column":17},"end":{"line":25,"column":3}},"line":22},"2":{"name":"(anonymous_2)","decl":{"start":{"line":27,"column":2},"end":{"line":27,"column":3}},"loc":{"start":{"line":27,"column":15},"end":{"line":30,"column":3}},"line":27},"3":{"name":"(anonymous_3)","decl":{"start":{"line":32,"column":2},"end":{"line":32,"column":3}},"loc":{"start":{"line":32,"column":53},"end":{"line":94,"column":3}},"line":32},"4":{"name":"(anonymous_4)","decl":{"start":{"line":39,"column":20},"end":{"line":39,"column":21}},"loc":{"start":{"line":40,"column":6},"end":{"line":62,"column":8}},"line":40},"5":{"name":"(anonymous_5)","decl":{"start":{"line":40,"column":16},"end":{"line":40,"column":17}},"loc":{"start":{"line":40,"column":33},"end":{"line":62,"column":7}},"line":40},"6":{"name":"(anonymous_6)","decl":{"start":{"line":96,"column":2},"end":{"line":96,"column":3}},"loc":{"start":{"line":96,"column":11},"end":{"line":127,"column":3}},"line":96}},"branchMap":{"0":{"loc":{"start":{"line":36,"column":4},"end":{"line":38,"column":5}},"type":"if","locations":[{"start":{"line":36,"column":4},"end":{"line":38,"column":5}},{"start":{"line":36,"column":4},"end":{"line":38,"column":5}}],"line":36},"1":{"loc":{"start":{"line":43,"column":8},"end":{"line":45,"column":9}},"type":"if","locations":[{"start":{"line":43,"column":8},"end":{"line":45,"column":9}},{"start":{"line":43,"column":8},"end":{"line":45,"column":9}}],"line":43},"2":{"loc":{"start":{"line":47,"column":8},"end":{"line":49,"column":9}},"type":"if","locations":[{"start":{"line":47,"column":8},"end":{"line":49,"column":9}},{"start":{"line":47,"column":8},"end":{"line":49,"column":9}}],"line":47},"3":{"loc":{"start":{"line":47,"column":12},"end":{"line":47,"column":49}},"type":"binary-expr","locations":[{"start":{"line":47,"column":12},"end":{"line":47,"column":19}},{"start":{"line":47,"column":23},"end":{"line":47,"column":49}}],"line":47},"4":{"loc":{"start":{"line":64,"column":4},"end":{"line":92,"column":5}},"type":"if","locations":[{"start":{"line":64,"column":4},"end":{"line":92,"column":5}},{"start":{"line":64,"column":4},"end":{"line":92,"column":5}}],"line":64},"5":{"loc":{"start":{"line":73,"column":11},"end":{"line":89,"column":11}},"type":"binary-expr","locations":[{"start":{"line":73,"column":11},"end":{"line":73,"column":28}},{"start":{"line":74,"column":12},"end":{"line":88,"column":18}}],"line":73},"6":{"loc":{"start":{"line":84,"column":17},"end":{"line":86,"column":47}},"type":"cond-expr","locations":[{"start":{"line":85,"column":20},"end":{"line":85,"column":48}},{"start":{"line":86,"column":20},"end":{"line":86,"column":47}}],"line":84},"7":{"loc":{"start":{"line":103,"column":4},"end":{"line":125,"column":5}},"type":"if","locations":[{"start":{"line":103,"column":4},"end":{"line":125,"column":5}},{"start":{"line":103,"column":4},"end":{"line":125,"column":5}}],"line":103}},"s":{"0":0,"1":0,"2":0,"3":0,"4":0,"5":0,"6":0,"7":0,"8":0,"9":0,"10":0,"11":0,"12":0,"13":0,"14":0,"15":0,"16":0,"17":0,"18":0,"19":0,"20":0,"21":0,"22":0,"23":0,"24":0,"25":0,"26":0,"27":0,"28":0,"29":0,"30":0,"31":0,"32":0,"33":0},"f":{"0":0,"1":0,"2":0,"3":0,"4":0,"5":0,"6":0},"b":{"0":[0,0],"1":[0,0],"2":[0,0],"3":[0,0],"4":[0,0],"5":[0,0],"6":[0,0],"7":[0,0]},"hash":"d27f28a0eeaa18a8c69baf50ef7ce89f982eaa43"}
,"/Users/bbreg/Documents/fdk-portal/src/components/filter-box/filter-box.component.test.jsx": {"path":"/Users/bbreg/Documents/fdk-portal/src/components/filter-box/filter-box.component.test.jsx","statementMap":{"0":{"start":{"line":11,"column":0},"end":{"line":21,"column":3}},"1":{"start":{"line":12,"column":2},"end":{"line":12,"column":22}},"2":{"start":{"line":13,"column":2},"end":{"line":19,"column":4}},"3":{"start":{"line":20,"column":2},"end":{"line":20,"column":53}},"4":{"start":{"line":23,"column":0},"end":{"line":25,"column":3}},"5":{"start":{"line":24,"column":2},"end":{"line":24,"column":36}},"6":{"start":{"line":27,"column":0},"end":{"line":32,"column":3}},"7":{"start":{"line":28,"column":2},"end":{"line":30,"column":5}},"8":{"start":{"line":31,"column":2},"end":{"line":31,"column":36}},"9":{"start":{"line":34,"column":0},"end":{"line":39,"column":3}},"10":{"start":{"line":35,"column":2},"end":{"line":37,"column":5}},"11":{"start":{"line":38,"column":2},"end":{"line":38,"column":36}},"12":{"start":{"line":41,"column":0},"end":{"line":44,"column":3}},"13":{"start":{"line":42,"column":2},"end":{"line":42,"column":60}},"14":{"start":{"line":43,"column":2},"end":{"line":43,"column":50}},"15":{"start":{"line":46,"column":0},"end":{"line":49,"column":3}},"16":{"start":{"line":47,"column":2},"end":{"line":47,"column":58}},"17":{"start":{"line":48,"column":2},"end":{"line":48,"column":43}}},"fnMap":{"0":{"name":"(anonymous_0)","decl":{"start":{"line":11,"column":11},"end":{"line":11,"column":12}},"loc":{"start":{"line":11,"column":17},"end":{"line":21,"column":1}},"line":11},"1":{"name":"(anonymous_1)","decl":{"start":{"line":23,"column":42},"end":{"line":23,"column":43}},"loc":{"start":{"line":23,"column":48},"end":{"line":25,"column":1}},"line":23},"2":{"name":"(anonymous_2)","decl":{"start":{"line":27,"column":60},"end":{"line":27,"column":61}},"loc":{"start":{"line":27,"column":66},"end":{"line":32,"column":1}},"line":27},"3":{"name":"(anonymous_3)","decl":{"start":{"line":34,"column":60},"end":{"line":34,"column":61}},"loc":{"start":{"line":34,"column":66},"end":{"line":39,"column":1}},"line":34},"4":{"name":"(anonymous_4)","decl":{"start":{"line":41,"column":35},"end":{"line":41,"column":36}},"loc":{"start":{"line":41,"column":41},"end":{"line":44,"column":1}},"line":41},"5":{"name":"(anonymous_5)","decl":{"start":{"line":46,"column":33},"end":{"line":46,"column":34}},"loc":{"start":{"line":46,"column":39},"end":{"line":49,"column":1}},"line":46}},"branchMap":{},"s":{"0":0,"1":0,"2":0,"3":0,"4":0,"5":0,"6":0,"7":0,"8":0,"9":0,"10":0,"11":0,"12":0,"13":0,"14":0,"15":0,"16":0,"17":0},"f":{"0":0,"1":0,"2":0,"3":0,"4":0,"5":0},"b":{},"hash":"59c958540e00d20518bcbfcfc65685b0bcaa7e0e"}
,"/Users/bbreg/Documents/fdk-portal/src/components/filter-box/__fixtures/themeAggregation.js": {"path":"/Users/bbreg/Documents/fdk-portal/src/components/filter-box/__fixtures/themeAggregation.js","statementMap":{"0":{"start":{"line":1,"column":32},"end":{"line":10,"column":1}}},"fnMap":{},"branchMap":{},"s":{"0":0},"f":{},"b":{},"hash":"c63586beb3466b05b8ca3eadcf05c87ed9122f54"}
,"/Users/bbreg/Documents/fdk-portal/src/components/filter-box/__fixtures/themeItems.js": {"path":"/Users/bbreg/Documents/fdk-portal/src/components/filter-box/__fixtures/themeItems.js","statementMap":{"0":{"start":{"line":1,"column":26},"end":{"line":15,"column":1}}},"fnMap":{},"branchMap":{},"s":{"0":0},"f":{},"b":{},"hash":"69d0631fecca53cf6b87dbfa1935ad2ce6601d9a"}
[...]
entMap":{"0":{"start":{"line":12,"column":32},"end":{"line":12,"column":50}},"1":{"start":{"line":13,"column":32},"end":{"line":13,"column":50}},"2":{"start":{"line":14,"column":32},"end":{"line":14,"column":50}},"3":{"start":{"line":16,"column":25},"end":{"line":16,"column":74}},"4":{"start":{"line":16,"column":34},"end":{"line":16,"column":74}},"5":{"start":{"line":19,"column":20},"end":{"line":19,"column":28}},"6":{"start":{"line":20,"column":2},"end":{"line":25,"column":4}},"7":{"start":{"line":29,"column":19},"end":{"line":29,"column":42}},"8":{"start":{"line":30,"column":17},"end":{"line":33,"column":3}},"9":{"start":{"line":34,"column":2},"end":{"line":42,"column":6}},"10":{"start":{"line":35,"column":4},"end":{"line":42,"column":5}},"11":{"start":{"line":37,"column":26},"end":{"line":37,"column":48}},"12":{"start":{"line":45,"column":21},"end":{"line":45,"column":23}},"13":{"start":{"line":48,"column":2},"end":{"line":85,"column":3}},"14":{"start":{"line":50,"column":6},"end":{"line":57,"column":8}},"15":{"start":{"line":59,"column":6},"end":{"line":69,"column":8}},"16":{"start":{"line":71,"column":6},"end":{"line":82,"column":8}},"17":{"start":{"line":84,"column":6},"end":{"line":84,"column":19}}},"fnMap":{"0":{"name":"(anonymous_0)","decl":{"start":{"line":16,"column":25},"end":{"line":16,"column":26}},"loc":{"start":{"line":16,"column":34},"end":{"line":16,"column":74}},"line":16},"1":{"name":"shouldFetch","decl":{"start":{"line":18,"column":9},"end":{"line":18,"column":20}},"loc":{"start":{"line":18,"column":42},"end":{"line":26,"column":1}},"line":18},"2":{"name":"fetchDatasetsIfNeededAction","decl":{"start":{"line":28,"column":16},"end":{"line":28,"column":43}},"loc":{"start":{"line":28,"column":51},"end":{"line":43,"column":1}},"line":28},"3":{"name":"(anonymous_3)","decl":{"start":{"line":34,"column":9},"end":{"line":34,"column":10}},"loc":{"start":{"line":35,"column":4},"end":{"line":42,"column":5}},"line":35},"4":{"name":"(anonymous_4)","decl":{"start":{"line":37,"column":20},"end":{"line":37,"column":21}},"loc":{"start":{"line":37,"column":26},"end":{"line":37,"column":48}},"line":37},"5":{"name":"datasetsReducer","decl":{"start":{"line":47,"column":16},"end":{"line":47,"column":31}},"loc":{"start":{"line":47,"column":62},"end":{"line":86,"column":1}},"line":47}},"branchMap":{"0":{"loc":{"start":{"line":21,"column":4},"end":{"line":24,"column":41}},"type":"binary-expr","locations":[{"start":{"line":21,"column":4},"end":{"line":21,"column":14}},{"start":{"line":22,"column":5},"end":{"line":22,"column":26}},{"start":{"line":23,"column":7},"end":{"line":23,"column":58}},{"start":{"line":24,"column":8},"end":{"line":24,"column":39}}],"line":21},"1":{"loc":{"start":{"line":23,"column":8},"end":{"line":23,"column":32}},"type":"binary-expr","locations":[{"start":{"line":23,"column":8},"end":{"line":23,"column":27}},{"start":{"line":23,"column":31},"end":{"line":23,"column":32}}],"line":23},"2":{"loc":{"start":{"line":35,"column":4},"end":{"line":42,"column":5}},"type":"binary-expr","locations":[{"start":{"line":35,"column":4},"end":{"line":35,"column":66}},{"start":{"line":36,"column":4},"end":{"line":42,"column":5}}],"line":35},"3":{"loc":{"start":{"line":47,"column":32},"end":{"line":47,"column":52}},"type":"default-arg","locations":[{"start":{"line":47,"column":40},"end":{"line":47,"column":52}}],"line":47},"4":{"loc":{"start":{"line":48,"column":2},"end":{"line":85,"column":3}},"type":"switch","locations":[{"start":{"line":49,"column":4},"end":{"line":57,"column":8}},{"start":{"line":58,"column":4},"end":{"line":69,"column":8}},{"start":{"line":70,"column":4},"end":{"line":82,"column":8}},{"start":{"line":83,"column":4},"end":{"line":84,"column":19}}],"line":48}},"s":{"0":0,"1":0,"2":0,"3":0,"4":0,"5":0,"6":0,"7":0,"8":0,"9":0,"10":0,"11":0,"12":0,"13":0,"14":0,"15":0,"16":0,"17":0},"f":{"0":0,"1":0,"2":0,"3":0,"4":0,"5":0},"b":{"0":[0,0,0,0],"1":[0,0],"2":[0,0],"3":[0],"4":[0,0,0,0]},"hash":"8cee624e418405aec2ba3318231c25f28f91b32e"}
,"/Users/bbreg/Documents/fdk-portal/src/redux/modules/informationModels.js": {"path":"/Users/bbreg/Documents/fdk-portal/src/redux/modules/informationModels.js","statementMap":{"0":{"start":{"line":11,"column":41},"end":{"line":11,"column":68}},"1":{"start":{"line":12,"column":41},"end":{"line":12,"column":68}},"2":{"start":{"line":13,"column":41},"end":{"line":13,"column":68}},"3":{"start":{"line":16,"column":20},"end":{"line":16,"column":29}},"4":{"start":{"line":17,"column":2},"end":{"line":22,"column":4}},"5":{"start":{"line":26,"column":19},"end":{"line":26,"column":40}},"6":{"start":{"line":28,"column":2},"end":{"line":42,"column":6}},"7":{"start":{"line":29,"column":4},"end":{"line":42,"column":5}},"8":{"start":{"line":32,"column":14},"end":{"line":32,"column":73}},"9":{"start":{"line":45,"column":21},"end":{"line":45,"column":23}},"10":{"start":{"line":48,"column":2},"end":{"line":85,"column":3}},"11":{"start":{"line":50,"column":6},"end":{"line":57,"column":8}},"12":{"start":{"line":59,"column":6},"end":{"line":69,"column":8}},"13":{"start":{"line":71,"column":6},"end":{"line":82,"column":8}},"14":{"start":{"line":84,"column":6},"end":{"line":84,"column":19}}},"fnMap":{"0":{"name":"shouldFetch","decl":{"start":{"line":15,"column":9},"end":{"line":15,"column":20}},"loc":{"start":{"line":15,"column":42},"end":{"line":23,"column":1}},"line":15},"1":{"name":"fetchInformationModelsIfNeededAction","decl":{"start":{"line":25,"column":16},"end":{"line":25,"column":52}},"loc":{"start":{"line":25,"column":60},"end":{"line":43,"column":1}},"line":25},"2":{"name":"(anonymous_2)","decl":{"start":{"line":28,"column":9},"end":{"line":28,"column":10}},"loc":{"start":{"line":29,"column":4},"end":{"line":42,"column":5}},"line":29},"3":{"name":"(anonymous_3)","decl":{"start":{"line":32,"column":8},"end":{"line":32,"column":9}},"loc":{"start":{"line":32,"column":14},"end":{"line":32,"column":73}},"line":32},"4":{"name":"informationModelsReducer","decl":{"start":{"line":47,"column":16},"end":{"line":47,"column":40}},"loc":{"start":{"line":47,"column":71},"end":{"line":86,"column":1}},"line":47}},"branchMap":{"0":{"loc":{"start":{"line":18,"column":4},"end":{"line":21,"column":41}},"type":"binary-expr","locations":[{"start":{"line":18,"column":4},"end":{"line":18,"column":14}},{"start":{"line":19,"column":5},"end":{"line":19,"column":26}},{"start":{"line":20,"column":7},"end":{"line":20,"column":58}},{"start":{"line":21,"column":8},"end":{"line":21,"column":39}}],"line":18},"1":{"loc":{"start":{"line":20,"column":8},"end":{"line":20,"column":32}},"type":"binary-expr","locations":[{"start":{"line":20,"column":8},"end":{"line":20,"column":27}},{"start":{"line":20,"column":31},"end":{"line":20,"column":32}}],"line":20},"2":{"loc":{"start":{"line":29,"column":4},"end":{"line":42,"column":5}},"type":"binary-expr","locations":[{"start":{"line":29,"column":4},"end":{"line":29,"column":75}},{"start":{"line":30,"column":4},"end":{"line":42,"column":5}}],"line":29},"3":{"loc":{"start":{"line":47,"column":41},"end":{"line":47,"column":61}},"type":"default-arg","locations":[{"start":{"line":47,"column":49},"end":{"line":47,"column":61}}],"line":47},"4":{"loc":{"start":{"line":48,"column":2},"end":{"line":85,"column":3}},"type":"switch","locations":[{"start":{"line":49,"column":4},"end":{"line":57,"column":8}},{"start":{"line":58,"column":4},"end":{"line":69,"column":8}},{"start":{"line":70,"column":4},"end":{"line":82,"column":8}},{"start":{"line":83,"column":4},"end":{"line":84,"column":19}}],"line":48}},"s":{"0":0,"1":0,"2":0,"3":0,"4":0,"5":0,"6":0,"7":0,"8":0,"9":0,"10":0,"11":0,"12":0,"13":0,"14":0},"f":{"0":0,"1":0,"2":0,"3":0,"4":0},"b":{"0":[0,0,0,0],"1":[0,0],"2":[0,0],"3":[0],"4":[0,0,0,0]},"hash":"e641b1a10121d359679394b886f3f113c58873fc"}
,"/Users/bbreg/Documents/fdk-portal/src/redux/modules/publishers.js": {"path":"/Users/bbreg/Documents/fdk-portal/src/redux/modules/publishers.js","statementMap":{"0":{"start":{"line":6,"column":34},"end":{"line":6,"column":54}},"1":{"start":{"line":7,"column":34},"end":{"line":7,"column":54}},"2":{"start":{"line":8,"column":34},"end":{"line":8,"column":54}},"3":{"start":{"line":11,"column":20},"end":{"line":11,"column":29}},"4":{"start":{"line":12,"column":2},"end":{"line":16,"column":4}},"5":{"start":{"line":20,"column":2},"end":{"line":30,"column":4}},"6":{"start":{"line":21,"column":4},"end":{"line":29,"column":5}},"7":{"start":{"line":22,"column":6},"end":{"line":28,"column":8}},"8":{"start":{"line":23,"column":28},"end":{"line":23,"column":46}},"9":{"start":{"line":33,"column":21},"end":{"line":33,"column":53}},"10":{"start":{"line":36,"column":2},"end":{"line":68,"column":3}},"11":{"start":{"line":38,"column":6},"end":{"line":44,"column":8}},"12":{"start":{"line":47,"column":6},"end":{"line":54,"column":8}},"13":{"start":{"line":57,"column":6},"end":{"line":64,"column":8}},"14":{"start":{"line":67,"column":6},"end":{"line":67,"column":19}},"15":{"start":{"line":71,"column":35},"end":{"line":76,"column":1}},"16":{"start":{"line":72,"column":2},"end":{"line":74,"column":3}},"17":{"start":{"line":73,"column":4},"end":{"line":73,"column":46}},"18":{"start":{"line":75,"column":2},"end":{"line":75,"column":14}}},"fnMap":{"0":{"name":"shouldFetch","decl":{"start":{"line":10,"column":9},"end":{"line":10,"column":20}},"loc":{"start":{"line":10,"column":32},"end":{"line":17,"column":1}},"line":10},"1":{"name":"fetchPublishersIfNeededAction","decl":{"start":{"line":19,"column":16},"end":{"line":19,"column":45}},"loc":{"start":{"line":19,"column":48},"end":{"line":31,"column":1}},"line":19},"2":{"name":"(anonymous_2)","decl":{"start":{"line":20,"column":9},"end":{"line":20,"column":10}},"loc":{"start":{"line":20,"column":33},"end":{"line":30,"column":3}},"line":20},"3":{"name":"(anonymous_3)","decl":{"start":{"line":23,"column":22},"end":{"line":23,"column":23}},"loc":{"start":{"line":23,"column":28},"end":{"line":23,"column":46}},"line":23},"4":{"name":"publishersReducer","decl":{"start":{"line":35,"column":16},"end":{"line":35,"column":33}},"loc":{"start":{"line":35,"column":64},"end":{"line":69,"column":1}},"line":35},"5":{"name":"(anonymous_5)","decl":{"start":{"line":71,"column":35},"end":{"line":71,"column":36}},"loc":{"start":{"line":71,"column":59},"end":{"line":76,"column":1}},"line":71}},"branchMap":{"0":{"loc":{"start":{"line":13,"column":4},"end":{"line":15,"column":58}},"type":"binary-expr","locations":[{"start":{"line":13,"column":4},"end":{"line":13,"column":14}},{"start":{"line":14,"column":5},"end":{"line":14,"column":26}},{"start":{"line":15,"column":6},"end":{"line":15,"column":57}}],"line":13},"1":{"loc":{"start":{"line":15,"column":7},"end":{"line":15,"column":31}},"type":"binary-expr","locations":[{"start":{"line":15,"column":7},"end":{"line":15,"column":26}},{"start":{"line":15,"column":30},"end":{"line":15,"column":31}}],"line":15},"2":{"loc":{"start":{"line":21,"column":4},"end":{"line":29,"column":5}},"type":"if","locations":[{"start":{"line":21,"column":4},"end":{"line":29,"column":5}},{"start":{"line":21,"column":4},"end":{"line":29,"column":5}}],"line":21},"3":{"loc":{"start":{"line":35,"column":34},"end":{"line":35,"column":54}},"type":"default-arg","locations":[{"start":{"line":35,"column":42},"end":{"line":35,"column":54}}],"line":35},"4":{"loc":{"start":{"line":36,"column":2},"end":{"line":68,"column":3}},"type":"switch","locations":[{"start":{"line":37,"column":4},"end":{"line":45,"column":5}},{"start":{"line":46,"column":4},"end":{"line":55,"column":5}},{"start":{"line":56,"column":4},"end":{"line":65,"column":5}},{"start":{"line":66,"column":4},"end":{"line":67,"column":19}}],"line":36},"5":{"loc":{"start":{"line":72,"column":2},"end":{"line":74,"column":3}},"type":"if","locations":[{"start":{"line":72,"column":2},"end":{"line":74,"column":3}},{"start":{"line":72,"column":2},"end":{"line":74,"column":3}}],"line":72}},"s":{"0":0,"1":0,"2":0,"3":0,"4":0,"5":0,"6":0,"7":0,"8":0,"9":0,"10":0,"11":0,"12":0,"13":0,"14":0,"15":0,"16":0,"17":0,"18":0},"f":{"0":0,"1":0,"2":0,"3":0,"4":0,"5":0},"b":{"0":[0,0,0],"1":[0,0],"2":[0,0],"3":[0],"4":[0,0,0,0],"5":[0,0]},"hash":"b007ec841291f120b16ee141b0a339708bb97037"}
,"/Users/bbreg/Documents/fdk-portal/src/redux/modules/referenceData.js": {"path":"/Users/bbreg/Documents/fdk-portal/src/redux/modules/referenceData.js","statementMap":{"0":{"start":{"line":8,"column":38},"end":{"line":8,"column":62}},"1":{"start":{"line":9,"column":38},"end":{"line":9,"column":62}},"2":{"start":{"line":10,"column":38},"end":{"line":10,"column":62}},"3":{"start":{"line":12,"column":49},"end":{"line":12,"column":71}},"4":{"start":{"line":13,"column":44},"end":{"line":13,"column":61}},"5":{"start":{"line":14,"column":51},"end":{"line":14,"column":75}},"6":{"start":{"line":15,"column":49},"end":{"line":15,"column":71}},"7":{"start":{"line":16,"column":38},"end":{"line":16,"column":43}},"8":{"start":{"line":17,"column":41},"end":{"line":17,"column":49}},"9":{"start":{"line":20,"column":20},"end":{"line":20,"column":29}},"10":{"start":{"line":21,"column":2},"end":{"line":25,"column":4}},"11":{"start":{"line":29,"column":2},"end":{"line":39,"column":4}},"12":{"start":{"line":30,"column":4},"end":{"line":38,"column":5}},"13":{"start":{"line":31,"column":6},"end":{"line":37,"column":8}},"14":{"start":{"line":32,"column":28},"end":{"line":32,"column":50}},"15":{"start":{"line":42,"column":21},"end":{"line":45,"column":1}},"16":{"start":{"line":48,"column":2},"end":{"line":84,"column":3}},"17":{"start":{"line":50,"column":6},"end":{"line":56,"column":8}},"18":{"start":{"line":59,"column":6},"end":{"line":68,"column":8}},"19":{"start":{"line":71,"column":6},"end":{"line":80,"column":8}},"20":{"start":{"line":83,"column":6},"end":{"line":83,"column":19}},"21":{"start":{"line":87,"column":37},"end":{"line":88,"column":56}},"22":{"start":{"line":88,"column":2},"end":{"line":88,"column":56}},"23":{"start":{"line":90,"column":38},"end":{"line":91,"column":57}},"24":{"start":{"line":91,"column":2},"end":{"line":91,"column":57}},"25":{"start":{"line":93,"column":31},"end":{"line":105,"column":1}},"26":{"start":{"line":94,"column":18},"end":{"line":94,"column":75}},"27":{"start":{"line":95,"column":23},"end":{"line":97,"column":3}},"28":{"start":{"line":96,"column":4},"end":{"line":96,"column":48}},"29":{"start":{"line":99,"column":41},"end":{"line":103,"column":5}},"30":{"start":{"line":99,"column":74},"end":{"line":103,"column":3}},"31":{"start":{"line":104,"column":2},"end":{"line":104,"column":40}},"32":{"start":{"line":107,"column":34},"end":{"line":108,"column":77}},"33":{"start":{"line":108,"column":2},"end":{"line":108,"column":77}}},"fnMap":{"0":{"name":"shouldFetch","decl":{"start":{"line":19,"column":9},"end":{"line":19,"column":20}},"loc":{"start":{"line":19,"column":32},"end":{"line":26,"column":1}},"line":19},"1":{"name":"fetchReferenceDataIfNeededAction","decl":{"start":{"line":28,"column":16},"end":{"line":28,"column":48}},"loc":{"start":{"line":28,"column":55},"end":{"line":40,"column":1}},"line":28},"2":{"name":"(anonymous_2)","decl":{"start":{"line":29,"column":9},"end":{"line":29,"column":10}},"loc":{"start":{"line":29,"column":33},"end":{"line":39,"column":3}},"line":29},"3":{"name":"(anonymous_3)","decl":{"start":{"line":32,"column":22},"end":{"line":32,"column":23}},"loc":{"start":{"line":32,"column":28},"end":{"line":32,"column":50}},"line":32},"4":{"name":"referenceDataReducer","decl":{"start":{"line":47,"column":16},"end":{"line":47,"column":36}},"loc":{"start":{"line":47,"column":67},"end":{"line":85,"column":1}},"line":47},"5":{"name":"(anonymous_5)","decl":{"start":{"line":87,"column":37},"end":{"line":87,"column":38}},"loc":{"start":{"line":88,"column":2},"end":{"line":88,"column":56}},"line":88},"6":{"name":"(anonymous_6)","decl":{"start":{"line":90,"column":38},"end":{"line":90,"column":39}},"loc":{"start":{"line":91,"column":2},"end":{"line":91,"column":57}},"line":91},"7":{"name":"(anonymous_7)","decl":{"start":{"line":93,"column":31},"end":{"line":93,"column":32}},"loc":{"start":{"line":93,"column":48},"end":{"line":105,"column":1}},"line":93},"8":{"name":"(anonymous_8)","decl":{"start":{"line":95,"column":38},"end":{"line":95,"column":39}},"loc":{"start":{"line":96,"column":4},"end":{"line":96,"column":48}},"line":96},"9":{"name":"(anonymous_9)","decl":{"start":{"line":99,"column":65},"end":{"line":99,"column":66}},"loc":{"start":{"line":99,"column":74},"end":{"line":103,"column":3}},"line":99},"10":{"name":"(anonymous_10)","decl":{"start":{"line":107,"column":34},"end":{"line":107,"column":35}},"loc":{"start":{"line":108,"column":2},"end":{"line":108,"column":77}},"line":108}},"branchMap":{"0":{"loc":{"start":{"line":22,"column":4},"end":{"line":24,"column":58}},"type":"binary-expr","locations":[{"start":{"line":22,"column":4},"end":{"line":22,"column":14}},{"start":{"line":23,"column":5},"end":{"line":23,"column":26}},{"start":{"line":24,"column":6},"end":{"line":24,"column":57}}],"line":22},"1":{"loc":{"start":{"line":24,"column":7},"end":{"line":24,"column":31}},"type":"binary-expr","locations":[{"start":{"line":24,"column":7},"end":{"line":24,"column":26}},{"start":{"line":24,"column":30},"end":{"line":24,"column":31}}],"line":24},"2":{"loc":{"start":{"line":30,"column":4},"end":{"line":38,"column":5}},"type":"if","locations":[{"start":{"line":30,"column":4},"end":{"line":38,"column":5}},{"start":{"line":30,"column":4},"end":{"line":38,"column":5}}],"line":30},"3":{"loc":{"start":{"line":47,"column":37},"end":{"line":47,"column":57}},"type":"default-arg","locations":[{"start":{"line":47,"column":45},"end":{"line":47,"column":57}}],"line":47},"4":{"loc":{"start":{"line":48,"column":2},"end":{"line":84,"column":3}},"type":"switch","locations":[{"start":{"line":49,"column":4},"end":{"line":56,"column":8}},{"start":{"line":58,"column":4},"end":{"line":69,"column":5}},{"start":{"line":70,"column":4},"end":{"line":81,"column":5}},{"start":{"line":82,"column":4},"end":{"line":83,"column":19}}],"line":48}},"s":{"0":0,"1":0,"2":0,"3":0,"4":0,"5":0,"6":0,"7":0,"8":0,"9":0,"10":0,"11":0,"12":0,"13":0,"14":0,"15":0,"16":0,"17":0,"18":0,"19":0,"20":0,"21":0,"22":0,"23":0,"24":0,"25":0,"26":0,"27":0,"28":0,"29":0,"30":0,"31":0,"32":0,"33":0},"f":{"0":0,"1":0,"2":0,"3":0,"4":0,"5":0,"6":0,"7":0,"8":0,"9":0,"10":0},"b":{"0":[0,0,0],"1":[0,0],"2":[0,0],"3":[0],"4":[0,0,0,0]},"hash":"adb6ea86b98cf4338e7e87d5a765a2c8b36ed929"}
,"/Users/bbreg/Documents/fdk-portal/src/redux/modules/settings.js": {"path":"/Users/bbreg/Documents/fdk-portal/src/redux/modules/settings.js","statementMap":{"0":{"start":{"line":1,"column":30},"end":{"line":1,"column":46}},"1":{"start":{"line":4,"column":2},"end":{"line":7,"column":4}},"2":{"start":{"line":10,"column":21},"end":{"line":12,"column":1}},"3":{"start":{"line":15,"column":2},"end":{"line":20,"column":3}},"4":{"start":{"line":17,"column":6},"end":{"line":17,"column":46}},"5":{"start":{"line":19,"column":6},"end":{"line":19,"column":19}}},"fnMap":{"0":{"name":"setLanguageAction","decl":{"start":{"line":3,"column":16},"end":{"line":3,"column":33}},"loc":{"start":{"line":3,"column":44},"end":{"line":8,"column":1}},"line":3},"1":{"name":"settingsReducer","decl":{"start":{"line":14,"column":16},"end":{"line":14,"column":31}},"loc":{"start":{"line":14,"column":62},"end":{"line":21,"column":1}},"line":14}},"branchMap":{"0":{"loc":{"start":{"line":14,"column":32},"end":{"line":14,"column":52}},"type":"default-arg","locations":[{"start":{"line":14,"column":40},"end":{"line":14,"column":52}}],"line":14},"1":{"loc":{"start":{"line":15,"column":2},"end":{"line":20,"column":3}},"type":"switch","locations":[{"start":{"line":16,"column":4},"end":{"line":17,"column":46}},{"start":{"line":18,"column":4},"end":{"line":19,"column":19}}],"line":15}},"s":{"0":0,"1":0,"2":0,"3":0,"4":0,"5":0},"f":{"0":0,"1":0},"b":{"0":[0],"1":[0,0]},"hash":"e4daf7f4a4c78f48bc118b307a5fdb538afe96bd"}
}
