TN:
SF:/Users/bbreg/Documents/fdk-portal/src/config.js
FN:22,(anonymous_0)
FN:39,(anonymous_1)
FNF:2
FNH:0
FNDA:0,(anonymous_0)
FNDA:0,(anonymous_1)
DA:3,0
DA:14,0
DA:22,0
DA:24,0
DA:39,0
LF:5
LH:0
BRDA:3,0,0,0
BRDA:3,0,1,0
BRDA:15,1,0,0
BRDA:15,1,1,0
BRDA:17,2,0,0
BRDA:17,2,1,0
BRDA:22,3,0,0
BRDA:22,3,1,0
BRF:8
BRH:0
end_of_record
TN:
SF:/Users/bbreg/Documents/fdk-portal/src/index.jsx
FN:29,(anonymous_0)
FN:36,Analytics
FN:45,(anonymous_2)
FNF:3
FNH:0
FNDA:0,(anonymous_0)
FNDA:0,Analytics
FNDA:0,(anonymous_2)
DA:14,0
DA:15,0
DA:16,0
DA:17,0
DA:18,0
DA:22,0
DA:23,0
DA:24,0
DA:25,0
DA:26,0
DA:29,0
DA:30,0
DA:37,0
DA:38,0
DA:43,0
DA:44,0
DA:46,0
DA:54,0
DA:57,0
DA:59,0
LF:20
LH:0
BRDA:14,0,0,0
BRDA:14,0,1,0
BRDA:18,1,0,0
BRDA:18,1,1,0
BRDA:19,2,0,0
BRDA:19,2,1,0
BRDA:24,3,0,0
BRDA:24,3,1,0
BRDA:38,4,0,0
BRDA:38,4,1,0
BRDA:39,5,0,0
BRDA:39,5,1,0
BRDA:39,5,2,0
BRF:13
BRH:0
end_of_record
TN:
SF:/Users/bbreg/Documents/fdk-portal/src/api/apis.js
FN:4,(anonymous_0)
FN:6,(anonymous_1)
FN:12,(anonymous_2)
FN:15,(anonymous_3)
FN:18,(anonymous_4)
FN:19,(anonymous_5)
FN:21,extractApis
FN:25,extractTotal
FN:29,extractAggregations
FNF:9
FNH:0
FNDA:0,(anonymous_0)
FNDA:0,(anonymous_1)
FNDA:0,(anonymous_2)
FNDA:0,(anonymous_3)
FNDA:0,(anonymous_4)
FNDA:0,(anonymous_5)
FNDA:0,extractApis
FNDA:0,extractTotal
FNDA:0,extractAggregations
DA:4,0
DA:6,0
DA:7,0
DA:12,0
DA:15,0
DA:16,0
DA:18,0
DA:19,0
DA:22,0
DA:26,0
DA:30,0
LF:11
LH:0
BRDA:22,0,0,0
BRDA:22,0,1,0
BRDA:22,0,2,0
BRDA:26,1,0,0
BRDA:26,1,1,0
BRDA:30,2,0,0
BRDA:30,2,1,0
BRF:7
BRH:0
end_of_record
TN:
SF:/Users/bbreg/Documents/fdk-portal/src/api/catalogs.js
FN:4,(anonymous_0)
FN:6,(anonymous_1)
FN:7,(anonymous_2)
FNF:3
FNH:0
FNDA:0,(anonymous_0)
FNDA:0,(anonymous_1)
FNDA:0,(anonymous_2)
DA:4,0
DA:6,0
DA:7,0
LF:3
LH:0
BRF:0
BRH:0
end_of_record
TN:
SF:/Users/bbreg/Documents/fdk-portal/src/api/concepts.js
FN:5,(anonymous_0)
FN:8,(anonymous_1)
FN:14,(anonymous_2)
FN:16,(anonymous_3)
FN:19,(anonymous_4)
FN:20,(anonymous_5)
FN:22,(anonymous_6)
FN:25,(anonymous_7)
FN:28,(anonymous_8)
FNF:9
FNH:0
FNDA:0,(anonymous_0)
FNDA:0,(anonymous_1)
FNDA:0,(anonymous_2)
FNDA:0,(anonymous_3)
FNDA:0,(anonymous_4)
FNDA:0,(anonymous_5)
FNDA:0,(anonymous_6)
FNDA:0,(anonymous_7)
FNDA:0,(anonymous_8)
DA:5,0
DA:6,0
DA:8,0
DA:9,0
DA:14,0
DA:16,0
DA:17,0
DA:19,0
DA:20,0
DA:22,0
DA:23,0
DA:25,0
DA:26,0
DA:28,0
DA:29,0
LF:15
LH:0
BRF:0
BRH:0
end_of_record
TN:
SF:/Users/bbreg/Documents/fdk-portal/src/api/datasets.js
FN:6,(anonymous_0)
FN:10,(anonymous_1)
FN:18,(anonymous_2)
FN:27,(anonymous_3)
FN:29,(anonymous_4)
FN:32,(anonymous_5)
FN:33,(anonymous_6)
FN:35,(anonymous_7)
FN:41,(anonymous_8)
FN:42,(anonymous_9)
FN:44,(anonymous_10)
FN:45,(anonymous_11)
FN:47,(anonymous_12)
FN:49,(anonymous_13)
FNF:14
FNH:0
FNDA:0,(anonymous_0)
FNDA:0,(anonymous_1)
FNDA:0,(anonymous_2)
FNDA:0,(anonymous_3)
FNDA:0,(anonymous_4)
FNDA:0,(anonymous_5)
FNDA:0,(anonymous_6)
FNDA:0,(anonymous_7)
FNDA:0,(anonymous_8)
FNDA:0,(anonymous_9)
FNDA:0,(anonymous_10)
FNDA:0,(anonymous_11)
FNDA:0,(anonymous_12)
FNDA:0,(anonymous_13)
DA:6,0
DA:7,0
DA:10,0
DA:11,0
DA:18,0
DA:19,0
DA:27,0
DA:29,0
DA:30,0
DA:32,0
DA:33,0
DA:35,0
DA:36,0
DA:41,0
DA:42,0
DA:44,0
DA:45,0
DA:47,0
DA:49,0
DA:50,0
LF:20
LH:0
BRDA:11,0,0,0
BRDA:11,0,1,0
BRDA:50,1,0,0
BRDA:50,1,1,0
BRDA:50,1,2,0
BRF:5
BRH:0
end_of_record
TN:
SF:/Users/bbreg/Documents/fdk-portal/src/api/get-api-stats.js
FN:8,getFromBucketArray
FN:11,(anonymous_1)
FN:16,extractStats
FN:33,(anonymous_3)
FN:44,(anonymous_4)
FNF:5
FNH:0
FNDA:0,getFromBucketArray
FNDA:0,(anonymous_1)
FNDA:0,extractStats
FNDA:0,(anonymous_3)
FNDA:0,(anonymous_4)
DA:9,0
DA:10,0
DA:11,0
DA:13,0
DA:17,0
DA:33,0
DA:34,0
DA:44,0
LF:8
LH:0
BRF:0
BRH:0
end_of_record
TN:
SF:/Users/bbreg/Documents/fdk-portal/src/api/get-concept-stats.js
FN:9,getFromBucketArray
FN:12,(anonymous_1)
FN:17,extractStats
FN:25,(anonymous_3)
FN:27,(anonymous_4)
FN:30,(anonymous_5)
FN:41,(anonymous_6)
FN:42,(anonymous_7)
FNF:8
FNH:0
FNDA:0,getFromBucketArray
FNDA:0,(anonymous_1)
FNDA:0,extractStats
FNDA:0,(anonymous_3)
FNDA:0,(anonymous_4)
FNDA:0,(anonymous_5)
FNDA:0,(anonymous_6)
FNDA:0,(anonymous_7)
DA:10,0
DA:11,0
DA:12,0
DA:14,0
DA:18,0
DA:25,0
DA:27,0
DA:28,0
DA:30,0
DA:31,0
DA:41,0
DA:43,0
DA:44,0
DA:48,0
LF:14
LH:0
BRDA:41,0,0,0
BRDA:41,0,1,0
BRF:2
BRH:0
end_of_record
TN:
SF:/Users/bbreg/Documents/fdk-portal/src/api/get-dataset-stats.js
FN:8,getFromBucketArray
FN:11,(anonymous_1)
FN:16,getFromAggregation
FN:20,extractStats
FN:64,(anonymous_4)
FN:75,(anonymous_5)
FN:79,(anonymous_6)
FN:85,(anonymous_7)
FN:86,(anonymous_8)
FN:87,(anonymous_9)
FN:88,(anonymous_10)
FN:89,(anonymous_11)
FN:96,(anonymous_12)
FNF:13
FNH:0
FNDA:0,getFromBucketArray
FNDA:0,(anonymous_1)
FNDA:0,getFromAggregation
FNDA:0,extractStats
FNDA:0,(anonymous_4)
FNDA:0,(anonymous_5)
FNDA:0,(anonymous_6)
FNDA:0,(anonymous_7)
FNDA:0,(anonymous_8)
FNDA:0,(anonymous_9)
FNDA:0,(anonymous_10)
FNDA:0,(anonymous_11)
FNDA:0,(anonymous_12)
DA:9,0
DA:10,0
DA:11,0
DA:13,0
DA:17,0
DA:21,0
DA:64,0
DA:65,0
DA:75,0
DA:79,0
DA:80,0
DA:85,0
DA:86,0
DA:88,0
DA:89,0
DA:96,0
LF:16
LH:0
BRDA:75,0,0,0
BRDA:75,0,1,0
BRDA:85,1,0,0
BRDA:85,1,1,0
BRF:4
BRH:0
end_of_record
TN:
SF:/Users/bbreg/Documents/fdk-portal/src/api/informationmodels.js
FN:5,(anonymous_0)
FN:8,(anonymous_1)
FN:14,(anonymous_2)
FN:16,(anonymous_3)
FN:22,(anonymous_4)
FN:23,(anonymous_5)
FN:25,(anonymous_6)
FN:28,(anonymous_7)
FN:31,(anonymous_8)
FNF:9
FNH:0
FNDA:0,(anonymous_0)
FNDA:0,(anonymous_1)
FNDA:0,(anonymous_2)
FNDA:0,(anonymous_3)
FNDA:0,(anonymous_4)
FNDA:0,(anonymous_5)
FNDA:0,(anonymous_6)
FNDA:0,(anonymous_7)
FNDA:0,(anonymous_8)
DA:5,0
DA:6,0
DA:8,0
DA:9,0
DA:14,0
DA:16,0
DA:17,0
DA:22,0
DA:23,0
DA:25,0
DA:26,0
DA:28,0
DA:29,0
DA:31,0
DA:32,0
LF:15
LH:0
BRF:0
BRH:0
end_of_record
TN:
SF:/Users/bbreg/Documents/fdk-portal/src/api/publishers.js
FN:5,(anonymous_0)
FN:7,(anonymous_1)
FN:8,(anonymous_2)
FN:10,(anonymous_3)
FN:13,(anonymous_4)
FN:16,(anonymous_5)
FN:19,(anonymous_6)
FNF:7
FNH:0
FNDA:0,(anonymous_0)
FNDA:0,(anonymous_1)
FNDA:0,(anonymous_2)
FNDA:0,(anonymous_3)
FNDA:0,(anonymous_4)
FNDA:0,(anonymous_5)
FNDA:0,(anonymous_6)
DA:5,0
DA:7,0
DA:8,0
DA:10,0
DA:11,0
DA:13,0
DA:16,0
DA:17,0
DA:19,0
LF:9
LH:0
BRF:0
BRH:0
end_of_record
TN:
SF:/Users/bbreg/Documents/fdk-portal/src/api/referenceData.js
FN:4,(anonymous_0)
FN:7,(anonymous_1)
FN:13,(anonymous_2)
FNF:3
FNH:0
FNDA:0,(anonymous_0)
FNDA:0,(anonymous_1)
FNDA:0,(anonymous_2)
DA:4,0
DA:5,0
DA:7,0
DA:8,0
DA:13,0
LF:5
LH:0
BRF:0
BRH:0
end_of_record
TN:
SF:/Users/bbreg/Documents/fdk-portal/src/app/app.jsx
FN:35,App
FNF:1
FNH:0
FNDA:0,App
DA:38,0
DA:39,0
DA:44,0
DA:48,0
DA:52,0
DA:204,0
LF:6
LH:0
BRDA:44,0,0,0
BRDA:44,0,1,0
BRDA:48,1,0,0
BRDA:48,1,1,0
BRDA:54,2,0,0
BRDA:54,2,1,0
BRF:6
BRH:0
end_of_record
TN:
SF:/Users/bbreg/Documents/fdk-portal/src/app/app.test.jsx
FN:5,(anonymous_0)
FNF:1
FNH:0
FNDA:0,(anonymous_0)
DA:5,0
DA:6,0
DA:7,0
LF:3
LH:0
BRF:0
BRH:0
end_of_record
TN:
SF:/Users/bbreg/Documents/fdk-portal/src/app/connected-app.js
FN:4,(anonymous_0)
FNF:1
FNH:0
FNDA:0,(anonymous_0)
DA:4,0
DA:9,0
LF:2
LH:0
BRF:0
BRH:0
end_of_record
TN:
SF:/Users/bbreg/Documents/fdk-portal/src/app/styles.js
FNF:0
FNH:0
LF:0
LH:0
BRF:0
BRH:0
end_of_record
TN:
SF:/Users/bbreg/Documents/fdk-portal/src/app/app-nav-bar/app-nav-bar.jsx
FN:24,AppNavBar
FN:97,(anonymous_1)
FN:100,(anonymous_2)
FN:103,(anonymous_3)
FN:134,(anonymous_4)
FN:137,(anonymous_5)
FN:140,(anonymous_6)
FN:156,(anonymous_7)
FN:159,(anonymous_8)
FN:162,(anonymous_9)
FNF:10
FNH:0
FNDA:0,AppNavBar
FNDA:0,(anonymous_1)
FNDA:0,(anonymous_2)
FNDA:0,(anonymous_3)
FNDA:0,(anonymous_4)
FNDA:0,(anonymous_5)
FNDA:0,(anonymous_6)
FNDA:0,(anonymous_7)
FNDA:0,(anonymous_8)
FNDA:0,(anonymous_9)
DA:25,0
DA:29,0
DA:97,0
DA:100,0
DA:103,0
DA:134,0
DA:137,0
DA:140,0
DA:156,0
DA:159,0
DA:162,0
DA:175,0
DA:177,0
LF:13
LH:0
BRDA:25,0,0,0
BRDA:25,0,1,0
BRDA:36,1,0,0
BRDA:36,1,1,0
BRDA:40,2,0,0
BRDA:40,2,1,0
BRDA:48,3,0,0
BRDA:48,3,1,0
BRDA:57,4,0,0
BRDA:57,4,1,0
BRDA:76,5,0,0
BRDA:76,5,1,0
BRDA:120,6,0,0
BRDA:120,6,1,0
BRDA:145,7,0,0
BRDA:145,7,1,0
BRF:16
BRH:0
end_of_record
TN:
SF:/Users/bbreg/Documents/fdk-portal/src/app/app-nav-bar/connected-app-nav-bar.js
FN:5,(anonymous_0)
FN:9,(anonymous_1)
FN:10,(anonymous_2)
FNF:3
FNH:0
FNDA:0,(anonymous_0)
FNDA:0,(anonymous_1)
FNDA:0,(anonymous_2)
DA:5,0
DA:9,0
DA:10,0
DA:13,0
LF:4
LH:0
BRF:0
BRH:0
end_of_record
TN:
SF:/Users/bbreg/Documents/fdk-portal/src/app/breadcrumbs/breadcrumbs.component.jsx
FN:57,(anonymous_0)
FN:62,(anonymous_1)
FNF:2
FNH:0
FNDA:0,(anonymous_0)
FNDA:0,(anonymous_1)
DA:19,0
DA:50,0
DA:57,0
DA:58,0
DA:59,0
DA:63,0
DA:79,0
DA:82,0
LF:8
LH:0
BRDA:24,0,0,0
BRDA:24,0,1,0
BRDA:58,1,0,0
BRDA:58,1,1,0
BRDA:58,2,0,0
BRDA:58,2,1,0
BRDA:64,3,0,0
BRDA:64,3,1,0
BRDA:72,4,0,0
BRDA:72,4,1,0
BRF:10
BRH:0
end_of_record
TN:
SF:/Users/bbreg/Documents/fdk-portal/src/app/breadcrumbs/breadcrumbs.test.jsx
FN:5,(anonymous_0)
FNF:1
FNH:0
FNDA:0,(anonymous_0)
DA:5,0
DA:6,0
DA:7,0
LF:3
LH:0
BRF:0
BRH:0
end_of_record
TN:
SF:/Users/bbreg/Documents/fdk-portal/src/app/breadcrumbs/api-breadcrumb/api-breadcrumb.jsx
FN:10,(anonymous_0)
FN:16,(anonymous_1)
FNF:2
FNH:0
FNDA:0,(anonymous_0)
FNDA:0,(anonymous_1)
DA:8,0
DA:10,0
DA:11,0
DA:12,0
DA:15,0
DA:16,0
DA:19,0
DA:23,0
DA:27,0
LF:9
LH:0
BRDA:12,0,0,0
BRDA:12,0,1,0
BRF:2
BRH:0
end_of_record
TN:
SF:/Users/bbreg/Documents/fdk-portal/src/app/breadcrumbs/api-breadcrumb/api-breadcrumb.test.jsx
FN:5,(anonymous_0)
FN:15,(anonymous_1)
FNF:2
FNH:0
FNDA:0,(anonymous_0)
FNDA:0,(anonymous_1)
DA:5,0
DA:6,0
DA:11,0
DA:12,0
DA:15,0
DA:16,0
DA:17,0
DA:18,0
LF:8
LH:0
BRF:0
BRH:0
end_of_record
TN:
SF:/Users/bbreg/Documents/fdk-portal/src/app/breadcrumbs/concept-breadcrumb/concept-breadcrumb.jsx
FN:10,(anonymous_0)
FN:16,(anonymous_1)
FNF:2
FNH:0
FNDA:0,(anonymous_0)
FNDA:0,(anonymous_1)
DA:8,0
DA:10,0
DA:11,0
DA:12,0
DA:15,0
DA:16,0
DA:19,0
DA:23,0
DA:27,0
LF:9
LH:0
BRF:0
BRH:0
end_of_record
TN:
SF:/Users/bbreg/Documents/fdk-portal/src/app/breadcrumbs/dataset-breadcrumb/dataset-breadcrumb.jsx
FN:10,(anonymous_0)
FN:16,(anonymous_1)
FNF:2
FNH:0
FNDA:0,(anonymous_0)
FNDA:0,(anonymous_1)
DA:8,0
DA:10,0
DA:11,0
DA:12,0
DA:15,0
DA:16,0
DA:19,0
DA:23,0
DA:27,0
LF:9
LH:0
BRDA:12,0,0,0
BRDA:12,0,1,0
BRF:2
BRH:0
end_of_record
TN:
SF:/Users/bbreg/Documents/fdk-portal/src/app/breadcrumbs/dataset-breadcrumb/dataset-breadcrumb.test.jsx
FN:5,(anonymous_0)
FN:15,(anonymous_1)
FNF:2
FNH:0
FNDA:0,(anonymous_0)
FNDA:0,(anonymous_1)
DA:5,0
DA:6,0
DA:11,0
DA:12,0
DA:15,0
DA:16,0
DA:17,0
DA:18,0
LF:8
LH:0
BRF:0
BRH:0
end_of_record
TN:
SF:/Users/bbreg/Documents/fdk-portal/src/app/breadcrumbs/informationModel-breadbrumb/information-breadcrumb.jsx
FN:10,(anonymous_0)
FN:16,(anonymous_1)
FNF:2
FNH:0
FNDA:0,(anonymous_0)
FNDA:0,(anonymous_1)
DA:8,0
DA:10,0
DA:11,0
DA:12,0
DA:15,0
DA:17,0
DA:20,0
DA:24,0
DA:28,0
LF:9
LH:0
BRF:0
BRH:0
end_of_record
TN:
SF:/Users/bbreg/Documents/fdk-portal/src/app/breadcrumbs/informationModel-breadbrumb/information-breadcrumb.test.jsx
FN:5,(anonymous_0)
FN:15,(anonymous_1)
FNF:2
FNH:0
FNDA:0,(anonymous_0)
FNDA:0,(anonymous_1)
DA:5,0
DA:6,0
DA:11,0
DA:12,0
DA:15,0
DA:16,0
DA:17,0
DA:18,0
LF:8
LH:0
BRF:0
BRH:0
end_of_record
TN:
SF:/Users/bbreg/Documents/fdk-portal/src/app/breadcrumbs/pathname-breadcrumb/pathname-breadcrumb.jsx
FN:4,(anonymous_0)
FNF:1
FNH:0
FNDA:0,(anonymous_0)
DA:4,0
DA:5,0
LF:2
LH:0
BRF:0
BRH:0
end_of_record
TN:
SF:/Users/bbreg/Documents/fdk-portal/src/app/breadcrumbs/pathname-breadcrumb/pathname-breadcrumb.test.jsx
FN:5,(anonymous_0)
FN:13,(anonymous_1)
FNF:2
FNH:0
FNDA:0,(anonymous_0)
FNDA:0,(anonymous_1)
DA:5,0
DA:6,0
DA:9,0
DA:10,0
DA:13,0
DA:14,0
DA:15,0
DA:16,0
LF:8
LH:0
BRF:0
BRH:0
end_of_record
TN:
SF:/Users/bbreg/Documents/fdk-portal/src/components/api-icons.jsx
FN:4,(anonymous_0)
FN:17,(anonymous_1)
FN:27,(anonymous_2)
FN:39,(anonymous_3)
FN:49,(anonymous_4)
FN:62,(anonymous_5)
FNF:6
FNH:0
FNDA:0,(anonymous_0)
FNDA:0,(anonymous_1)
FNDA:0,(anonymous_2)
FNDA:0,(anonymous_3)
FNDA:0,(anonymous_4)
FNDA:0,(anonymous_5)
DA:4,0
DA:5,0
DA:17,0
DA:18,0
DA:27,0
DA:28,0
DA:39,0
DA:40,0
DA:49,0
DA:50,0
DA:62,0
DA:63,0
LF:12
LH:0
BRF:0
BRH:0
end_of_record
TN:
SF:/Users/bbreg/Documents/fdk-portal/src/components/alert-message/alert-message.component.jsx
FN:5,(anonymous_0)
FNF:1
FNH:0
FNDA:0,(anonymous_0)
DA:5,0
DA:6,0
DA:7,0
DA:8,0
DA:10,0
DA:16,0
DA:21,0
DA:29,0
DA:33,0
LF:9
LH:0
BRDA:7,0,0,0
BRDA:7,0,1,0
BRDA:7,1,0,0
BRDA:7,1,1,0
BRF:4
BRH:0
end_of_record
TN:
SF:/Users/bbreg/Documents/fdk-portal/src/components/alert-message/alert-message.component.test.jsx
FN:5,(anonymous_0)
FN:12,(anonymous_1)
FNF:2
FNH:0
FNDA:0,(anonymous_0)
FNDA:0,(anonymous_1)
DA:5,0
DA:6,0
DA:9,0
DA:12,0
DA:13,0
DA:16,0
LF:6
LH:0
BRF:0
BRH:0
end_of_record
TN:
SF:/Users/bbreg/Documents/fdk-portal/src/components/box-regular/box-regular.component.jsx
FN:6,(anonymous_0)
FNF:1
FNH:0
FNDA:0,(anonymous_0)
DA:6,0
DA:7,0
DA:8,0
DA:19,0
DA:24,0
LF:5
LH:0
BRF:0
BRH:0
end_of_record
TN:
SF:/Users/bbreg/Documents/fdk-portal/src/components/error-boundary/error-boundary.jsx
FN:11,(anonymous_0)
FN:21,(anonymous_1)
FN:30,(anonymous_2)
FNF:3
FNH:0
FNDA:0,(anonymous_0)
FNDA:0,(anonymous_1)
FNDA:0,(anonymous_2)
DA:12,0
DA:14,0
DA:23,0
DA:31,0
DA:32,0
DA:33,0
DA:34,0
DA:37,0
LF:8
LH:0
BRDA:33,0,0,0
BRDA:33,0,1,0
BRDA:40,1,0,0
BRDA:40,1,1,0
BRF:4
BRH:0
end_of_record
TN:
SF:/Users/bbreg/Documents/fdk-portal/src/components/error-boundary/error-messaage.jsx
FN:5,(anonymous_0)
FNF:1
FNH:0
FNDA:0,(anonymous_0)
DA:5,0
DA:6,0
DA:8,0
DA:21,0
LF:4
LH:0
BRDA:14,0,0,0
BRDA:14,0,1,0
BRF:2
BRH:0
end_of_record
TN:
SF:/Users/bbreg/Documents/fdk-portal/src/components/error404/error404.component.jsx
FN:4,(anonymous_0)
FNF:1
FNH:0
FNDA:0,(anonymous_0)
DA:4,0
DA:5,0
LF:2
LH:0
BRF:0
BRH:0
end_of_record
TN:
SF:/Users/bbreg/Documents/fdk-portal/src/components/error404/error404.component.test.jsx
FN:5,(anonymous_0)
FNF:1
FNH:0
FNDA:0,(anonymous_0)
DA:5,0
DA:6,0
DA:7,0
LF:3
LH:0
BRF:0
BRH:0
end_of_record
TN:
SF:/Users/bbreg/Documents/fdk-portal/src/components/filter-box/filter-box.component.jsx
FN:12,(anonymous_0)
FN:22,(anonymous_1)
FN:27,(anonymous_2)
FN:32,(anonymous_3)
FN:39,(anonymous_4)
FN:40,(anonymous_5)
FN:96,(anonymous_6)
FNF:7
FNH:0
FNDA:0,(anonymous_0)
FNDA:0,(anonymous_1)
FNDA:0,(anonymous_2)
FNDA:0,(anonymous_3)
FNDA:0,(anonymous_4)
FNDA:0,(anonymous_5)
FNDA:0,(anonymous_6)
DA:13,0
DA:14,0
DA:18,0
DA:19,0
DA:23,0
DA:24,0
DA:28,0
DA:29,0
DA:33,0
DA:34,0
DA:36,0
DA:37,0
DA:39,0
DA:40,0
DA:42,0
DA:43,0
DA:44,0
DA:46,0
DA:47,0
DA:48,0
DA:50,0
DA:64,0
DA:65,0
DA:66,0
DA:70,0
DA:93,0
DA:97,0
DA:98,0
DA:99,0
DA:103,0
DA:104,0
DA:126,0
DA:130,0
DA:137,0
LF:34
LH:0
BRDA:36,0,0,0
BRDA:36,0,1,0
BRDA:43,1,0,0
BRDA:43,1,1,0
BRDA:47,2,0,0
BRDA:47,2,1,0
BRDA:47,3,0,0
BRDA:47,3,1,0
BRDA:64,4,0,0
BRDA:64,4,1,0
BRDA:73,5,0,0
BRDA:73,5,1,0
BRDA:84,6,0,0
BRDA:84,6,1,0
BRDA:103,7,0,0
BRDA:103,7,1,0
BRF:16
BRH:0
end_of_record
TN:
SF:/Users/bbreg/Documents/fdk-portal/src/components/filter-box/filter-box.component.test.jsx
FN:11,(anonymous_0)
FN:23,(anonymous_1)
FN:27,(anonymous_2)
FN:34,(anonymous_3)
FN:41,(anonymous_4)
FN:46,(anonymous_5)
FNF:6
FNH:0
FNDA:0,(anonymous_0)
FNDA:0,(anonymous_1)
FNDA:0,(anonymous_2)
FNDA:0,(anonymous_3)
FNDA:0,(anonymous_4)
FNDA:0,(anonymous_5)
DA:11,0
DA:12,0
DA:13,0
DA:20,0
DA:23,0
DA:24,0
DA:27,0
DA:28,0
DA:31,0
DA:34,0
DA:35,0
DA:38,0
DA:41,0
DA:42,0
DA:43,0
DA:46,0
DA:47,0
DA:48,0
LF:18
LH:0
BRF:0
BRH:0
end_of_record
TN:
SF:/Users/bbreg/Documents/fdk-portal/src/components/filter-box/__fixtures/themeAggregation.js
FNF:0
FNH:0
DA:1,0
LF:1
LH:0
BRF:0
BRH:0
end_of_record
TN:
SF:/Users/bbreg/Documents/fdk-portal/src/components/filter-box/__fixtures/themeItems.js
FNF:0
FNH:0
DA:1,0
LF:1
LH:0
BRF:0
BRH:0
end_of_record
TN:
SF:/Users/bbreg/Documents/fdk-portal/src/components/filter-option/filter-option.component.jsx
FN:8,(anonymous_0)
FN:51,(anonymous_1)
FN:59,(anonymous_2)
FN:66,(anonymous_3)
FNF:4
FNH:0
FNDA:0,(anonymous_0)
FNDA:0,(anonymous_1)
FNDA:0,(anonymous_2)
FNDA:0,(anonymous_3)
DA:8,0
DA:19,0
DA:20,0
DA:24,0
DA:25,0
DA:26,0
DA:28,0
DA:30,0
DA:34,0
DA:36,0
DA:38,0
DA:39,0
DA:43,0
DA:47,0
DA:52,0
DA:60,0
DA:66,0
DA:77,0
DA:87,0
LF:19
LH:0
BRDA:20,0,0,0
BRDA:20,0,1,0
BRDA:24,1,0,0
BRDA:24,1,1,0
BRDA:25,2,0,0
BRDA:25,2,1,0
BRDA:30,3,0,0
BRDA:30,3,1,0
BRDA:31,4,0,0
BRDA:31,4,1,0
BRDA:36,5,0,0
BRDA:36,5,1,0
BRDA:38,6,0,0
BRDA:38,6,1,0
BRDA:38,7,0,0
BRDA:38,7,1,0
BRDA:40,8,0,0
BRDA:40,8,1,0
BRF:18
BRH:0
end_of_record
TN:
SF:/Users/bbreg/Documents/fdk-portal/src/components/filter-option/filter-option.component.test.jsx
FN:6,(anonymous_0)
FN:23,(anonymous_1)
FN:40,(anonymous_2)
FN:57,(anonymous_3)
FNF:4
FNH:0
FNDA:0,(anonymous_0)
FNDA:0,(anonymous_1)
FNDA:0,(anonymous_2)
FNDA:0,(anonymous_3)
DA:6,0
DA:7,0
DA:8,0
DA:20,0
DA:23,0
DA:24,0
DA:25,0
DA:37,0
DA:40,0
DA:41,0
DA:42,0
DA:54,0
DA:57,0
DA:58,0
DA:59,0
DA:71,0
DA:72,0
LF:17
LH:0
BRF:0
BRH:0
end_of_record
TN:
SF:/Users/bbreg/Documents/fdk-portal/src/components/harvest-date/harvest-date.component.jsx
FN:8,(anonymous_0)
FN:20,(anonymous_1)
FN:32,(anonymous_2)
FNF:3
FNH:0
FNDA:0,(anonymous_0)
FNDA:0,(anonymous_1)
FNDA:0,(anonymous_2)
DA:8,0
DA:9,0
DA:10,0
DA:12,0
DA:20,0
DA:21,0
DA:22,0
DA:24,0
DA:32,0
DA:33,0
DA:34,0
DA:35,0
DA:38,0
DA:46,0
DA:50,0
LF:15
LH:0
BRDA:9,0,0,0
BRDA:9,0,1,0
BRDA:21,1,0,0
BRDA:21,1,1,0
BRDA:34,2,0,0
BRDA:34,2,1,0
BRF:6
BRH:0
end_of_record
TN:
SF:/Users/bbreg/Documents/fdk-portal/src/components/harvest-date/harvest-date.component.test.jsx
FN:6,(anonymous_0)
FN:11,(anonymous_1)
FNF:2
FNH:0
FNDA:0,(anonymous_0)
FNDA:0,(anonymous_1)
DA:6,0
DA:7,0
DA:8,0
DA:11,0
DA:12,0
DA:13,0
LF:6
LH:0
BRF:0
BRH:0
end_of_record
TN:
SF:/Users/bbreg/Documents/fdk-portal/src/components/harvest-date/__fixtures/harvest.js
FNF:0
FNH:0
DA:1,0
LF:1
LH:0
BRF:0
BRH:0
end_of_record
TN:
SF:/Users/bbreg/Documents/fdk-portal/src/components/label-national/label-national.component.jsx
FN:5,(anonymous_0)
FNF:1
FNH:0
FNDA:0,(anonymous_0)
DA:5,0
DA:6,0
LF:2
LH:0
BRF:0
BRH:0
end_of_record
TN:
SF:/Users/bbreg/Documents/fdk-portal/src/components/label-status/label-status.component.jsx
FN:12,(anonymous_0)
FNF:1
FNH:0
FNDA:0,(anonymous_0)
DA:12,0
DA:13,0
DA:14,0
DA:16,0
DA:23,0
DA:34,0
DA:41,0
DA:46,0
LF:8
LH:0
BRDA:13,0,0,0
BRDA:13,0,1,0
BRDA:13,1,0,0
BRDA:13,1,1,0
BRDA:18,2,0,0
BRDA:18,2,1,0
BRDA:36,3,0,0
BRDA:36,3,1,0
BRF:8
BRH:0
end_of_record
TN:
SF:/Users/bbreg/Documents/fdk-portal/src/components/link-external/link-external.component.jsx
FN:5,(anonymous_0)
FNF:1
FNH:0
FNDA:0,(anonymous_0)
DA:5,0
DA:6,0
DA:12,0
DA:18,0
LF:4
LH:0
BRDA:6,0,0,0
BRDA:6,0,1,0
BRF:2
BRH:0
end_of_record
TN:
SF:/Users/bbreg/Documents/fdk-portal/src/components/link-external/link-external.component.test.jsx
FN:8,(anonymous_0)
FN:16,(anonymous_1)
FNF:2
FNH:0
FNDA:0,(anonymous_0)
FNDA:0,(anonymous_1)
DA:8,0
DA:9,0
DA:13,0
DA:16,0
DA:17,0
LF:5
LH:0
BRF:0
BRH:0
end_of_record
TN:
SF:/Users/bbreg/Documents/fdk-portal/src/components/list-regular/list-regular.component.jsx
FN:5,(anonymous_0)
FNF:1
FNH:0
FNDA:0,(anonymous_0)
DA:5,0
DA:6,0
DA:21,0
DA:28,0
LF:4
LH:0
BRDA:8,0,0,0
BRDA:8,0,1,0
BRDA:9,1,0,0
BRDA:9,1,1,0
BRDA:11,2,0,0
BRDA:11,2,1,0
BRF:6
BRH:0
end_of_record
TN:
SF:/Users/bbreg/Documents/fdk-portal/src/components/list-regular/twoColRow/twoColRow.jsx
FN:4,(anonymous_0)
FNF:1
FNH:0
FNDA:0,(anonymous_0)
DA:4,0
DA:5,0
DA:6,0
DA:14,0
DA:21,0
LF:5
LH:0
BRDA:8,0,0,0
BRDA:8,0,1,0
BRDA:9,1,0,0
BRDA:9,1,1,0
BRF:4
BRH:0
end_of_record
TN:
SF:/Users/bbreg/Documents/fdk-portal/src/components/pill/pill.component.jsx
FN:7,(anonymous_0)
FNF:1
FNH:0
FNDA:0,(anonymous_0)
DA:7,0
DA:8,0
DA:9,0
DA:12,0
DA:22,0
DA:27,0
LF:6
LH:0
BRDA:8,0,0,0
BRDA:8,0,1,0
BRF:2
BRH:0
end_of_record
TN:
SF:/Users/bbreg/Documents/fdk-portal/src/components/publisher-label/publisher-label.component.jsx
FN:7,(anonymous_0)
FN:20,(anonymous_1)
FNF:2
FNH:0
FNDA:0,(anonymous_0)
FNDA:0,(anonymous_1)
DA:7,0
DA:8,0
DA:12,0
DA:14,0
DA:17,0
DA:20,0
DA:21,0
DA:22,0
DA:23,0
DA:27,0
DA:30,0
DA:41,0
DA:47,0
LF:13
LH:0
BRDA:8,0,0,0
BRDA:8,0,1,0
BRDA:9,1,0,0
BRDA:9,1,1,0
BRDA:22,2,0,0
BRDA:22,2,1,0
BRDA:27,3,0,0
BRDA:27,3,1,0
BRF:8
BRH:0
end_of_record
TN:
SF:/Users/bbreg/Documents/fdk-portal/src/components/publisher-label/publisher-label.component.test.jsx
FN:7,(anonymous_0)
FN:16,(anonymous_1)
FN:21,(anonymous_2)
FNF:3
FNH:0
FNDA:0,(anonymous_0)
FNDA:0,(anonymous_1)
FNDA:0,(anonymous_2)
DA:7,0
DA:8,0
DA:12,0
DA:13,0
DA:16,0
DA:17,0
DA:18,0
DA:21,0
DA:22,0
DA:26,0
DA:27,0
LF:11
LH:0
BRF:0
BRH:0
end_of_record
TN:
SF:/Users/bbreg/Documents/fdk-portal/src/components/publisher-label/__fixtures/publisherWithNoPrefLabel.js
FNF:0
FNH:0
DA:1,0
LF:1
LH:0
BRF:0
BRH:0
end_of_record
TN:
SF:/Users/bbreg/Documents/fdk-portal/src/components/publisher-label/__fixtures/publisherWithPrefLabel.js
FNF:0
FNH:0
DA:1,0
LF:1
LH:0
BRF:0
BRH:0
end_of_record
TN:
SF:/Users/bbreg/Documents/fdk-portal/src/components/scroll-to-top/scrollToTop.component.jsx
FN:5,(anonymous_0)
FN:15,(anonymous_1)
FNF:2
FNH:0
FNDA:0,(anonymous_0)
FNDA:0,(anonymous_1)
DA:6,0
DA:7,0
DA:11,0
DA:16,0
DA:17,0
LF:5
LH:0
BRDA:7,0,0,0
BRDA:7,0,1,0
BRDA:8,1,0,0
BRDA:8,1,1,0
BRF:4
BRH:0
end_of_record
TN:
SF:/Users/bbreg/Documents/fdk-portal/src/components/search-hit-header/search-hit-header.component.jsx
FN:25,(anonymous_0)
FN:45,(anonymous_1)
FN:52,(anonymous_2)
FN:74,(anonymous_3)
FN:82,(anonymous_4)
FN:119,(anonymous_5)
FNF:6
FNH:0
FNDA:0,(anonymous_0)
FNDA:0,(anonymous_1)
FNDA:0,(anonymous_2)
FNDA:0,(anonymous_3)
FNDA:0,(anonymous_4)
FNDA:0,(anonymous_5)
DA:25,0
DA:31,0
DA:32,0
DA:35,0
DA:36,0
DA:45,0
DA:46,0
DA:51,0
DA:53,0
DA:54,0
DA:57,0
DA:74,0
DA:82,0
DA:83,0
DA:97,0
DA:98,0
DA:99,0
DA:106,0
DA:116,0
DA:119,0
DA:137,0
DA:139,0
DA:140,0
DA:142,0
DA:143,0
DA:145,0
DA:146,0
DA:203,0
DA:221,0
LF:29
LH:0
BRDA:31,0,0,0
BRDA:31,0,1,0
BRDA:35,1,0,0
BRDA:35,1,1,0
BRDA:55,2,0,0
BRDA:55,2,1,0
BRDA:58,3,0,0
BRDA:58,3,1,0
BRDA:85,4,0,0
BRDA:85,4,1,0
BRDA:90,5,0,0
BRDA:90,5,1,0
BRDA:90,5,2,0
BRDA:97,6,0,0
BRDA:97,6,1,0
BRDA:98,7,0,0
BRDA:98,7,1,0
BRDA:129,8,0,0
BRDA:148,9,0,0
BRDA:148,9,1,0
BRDA:158,10,0,0
BRDA:158,10,1,0
BRDA:168,11,0,0
BRDA:168,11,1,0
BRDA:171,12,0,0
BRDA:171,12,1,0
BRDA:171,12,2,0
BRDA:181,13,0,0
BRDA:181,13,1,0
BRDA:181,13,2,0
BRDA:182,14,0,0
BRDA:182,14,1,0
BRDA:183,15,0,0
BRDA:183,15,1,0
BRDA:188,16,0,0
BRDA:188,16,1,0
BRDA:193,17,0,0
BRDA:193,17,1,0
BRDA:193,17,2,0
BRDA:195,18,0,0
BRDA:195,18,1,0
BRF:41
BRH:0
end_of_record
TN:
SF:/Users/bbreg/Documents/fdk-portal/src/components/search-hit-header/search-hit-header.component.test.jsx
FN:7,(anonymous_0)
FN:12,(anonymous_1)
FNF:2
FNH:0
FNDA:0,(anonymous_0)
FNDA:0,(anonymous_1)
DA:7,0
DA:8,0
DA:9,0
DA:12,0
DA:13,0
DA:16,0
LF:6
LH:0
BRF:0
BRH:0
end_of_record
TN:
SF:/Users/bbreg/Documents/fdk-portal/src/components/search-hit-header/__fixtures/header.js
FNF:0
FNH:0
DA:1,0
LF:1
LH:0
BRF:0
BRH:0
end_of_record
TN:
SF:/Users/bbreg/Documents/fdk-portal/src/components/select/select.component.jsx
FN:14,(anonymous_0)
FN:25,(anonymous_1)
FN:33,(anonymous_2)
FN:47,(anonymous_3)
FN:53,(anonymous_4)
FNF:5
FNH:0
FNDA:0,(anonymous_0)
FNDA:0,(anonymous_1)
FNDA:0,(anonymous_2)
FNDA:0,(anonymous_3)
FNDA:0,(anonymous_4)
DA:15,0
DA:16,0
DA:17,0
DA:22,0
DA:26,0
DA:27,0
DA:28,0
DA:34,0
DA:35,0
DA:36,0
DA:48,0
DA:49,0
DA:50,0
DA:53,0
DA:66,0
DA:71,0
LF:16
LH:0
BRDA:18,0,0,0
BRDA:18,0,1,0
BRF:2
BRH:0
end_of_record
TN:
SF:/Users/bbreg/Documents/fdk-portal/src/components/select/select.component.test.jsx
FN:8,(anonymous_0)
FN:35,(anonymous_1)
FN:40,(anonymous_2)
FN:47,(anonymous_3)
FNF:4
FNH:0
FNDA:0,(anonymous_0)
FNDA:0,(anonymous_1)
FNDA:0,(anonymous_2)
FNDA:0,(anonymous_3)
DA:8,0
DA:9,0
DA:10,0
DA:35,0
DA:36,0
DA:37,0
DA:40,0
DA:41,0
DA:44,0
DA:47,0
DA:48,0
DA:49,0
DA:53,0
LF:13
LH:0
BRF:0
BRH:0
end_of_record
TN:
SF:/Users/bbreg/Documents/fdk-portal/src/components/show-more/show-more.jsx
FN:10,convertRemToPixels
FN:17,(anonymous_1)
FN:26,onRef
FN:31,_renderContent
FN:96,(anonymous_4)
FN:101,(anonymous_5)
FN:101,(anonymous_6)
FN:102,(anonymous_7)
FN:102,(anonymous_8)
FNF:9
FNH:0
FNDA:0,convertRemToPixels
FNDA:0,(anonymous_1)
FNDA:0,onRef
FNDA:0,_renderContent
FNDA:0,(anonymous_4)
FNDA:0,(anonymous_5)
FNDA:0,(anonymous_6)
FNDA:0,(anonymous_7)
FNDA:0,(anonymous_8)
DA:11,0
DA:15,0
DA:17,0
DA:27,0
DA:28,0
DA:32,0
DA:39,0
DA:41,0
DA:42,0
DA:44,0
DA:45,0
DA:47,0
DA:62,0
DA:76,0
DA:79,0
DA:87,0
DA:95,0
DA:96,0
DA:101,0
DA:102,0
DA:106,0
DA:107,0
LF:22
LH:0
BRDA:27,0,0,0
BRDA:27,0,1,0
BRDA:27,1,0,0
BRDA:27,1,1,0
BRDA:39,2,0,0
BRDA:39,2,1,0
BRDA:42,3,0,0
BRDA:42,3,1,0
BRDA:45,4,0,0
BRDA:45,4,1,0
BRDA:56,5,0,0
BRDA:56,5,1,0
BRDA:71,6,0,0
BRDA:71,6,1,0
BRDA:96,7,0,0
BRDA:96,8,0,0
BRF:16
BRH:0
end_of_record
TN:
SF:/Users/bbreg/Documents/fdk-portal/src/components/singleColGrid/singleColGrid.jsx
FN:4,(anonymous_0)
FN:6,(anonymous_1)
FN:15,(anonymous_2)
FNF:3
FNH:0
FNDA:0,(anonymous_0)
FNDA:0,(anonymous_1)
FNDA:0,(anonymous_2)
DA:4,0
DA:5,0
DA:7,0
DA:15,0
DA:16,0
DA:17,0
DA:28,0
DA:32,0
LF:8
LH:0
BRDA:5,0,0,0
BRDA:5,0,1,0
BRDA:8,1,0,0
BRDA:8,1,1,0
BRF:4
BRH:0
end_of_record
TN:
SF:/Users/bbreg/Documents/fdk-portal/src/components/sticky-menu/sticky-menu.component.jsx
FN:8,(anonymous_0)
FN:24,(anonymous_1)
FN:27,(anonymous_2)
FN:31,(anonymous_3)
FNF:4
FNH:0
FNDA:0,(anonymous_0)
FNDA:0,(anonymous_1)
FNDA:0,(anonymous_2)
FNDA:0,(anonymous_3)
DA:6,0
DA:8,0
DA:9,0
DA:24,0
DA:25,0
DA:27,0
DA:31,0
DA:32,0
DA:41,0
DA:46,0
LF:10
LH:0
BRDA:25,0,0,0
BRDA:25,0,1,0
BRDA:36,1,0,0
BRDA:36,1,1,0
BRF:4
BRH:0
end_of_record
TN:
SF:/Users/bbreg/Documents/fdk-portal/src/components/tabs/tabs.component.jsx
FN:7,(anonymous_0)
FN:12,(anonymous_1)
FN:13,(anonymous_2)
FN:27,(anonymous_3)
FN:37,(anonymous_4)
FN:46,(anonymous_5)
FN:51,(anonymous_6)
FN:52,(anonymous_7)
FN:56,(anonymous_8)
FN:68,(anonymous_9)
FNF:10
FNH:0
FNDA:0,(anonymous_0)
FNDA:0,(anonymous_1)
FNDA:0,(anonymous_2)
FNDA:0,(anonymous_3)
FNDA:0,(anonymous_4)
FNDA:0,(anonymous_5)
FNDA:0,(anonymous_6)
FNDA:0,(anonymous_7)
FNDA:0,(anonymous_8)
FNDA:0,(anonymous_9)
DA:7,0
DA:8,0
DA:9,0
DA:12,0
DA:13,0
DA:14,0
DA:19,0
DA:28,0
DA:30,0
DA:31,0
DA:32,0
DA:38,0
DA:39,0
DA:40,0
DA:47,0
DA:48,0
DA:51,0
DA:52,0
DA:53,0
DA:57,0
DA:65,0
DA:69,0
DA:70,0
DA:71,0
DA:80,0
DA:84,0
LF:26
LH:0
BRDA:8,0,0,0
BRDA:8,0,1,0
BRDA:39,1,0,0
BRDA:39,1,1,0
BRDA:47,2,0,0
BRDA:47,2,1,0
BRF:6
BRH:0
end_of_record
TN:
SF:/Users/bbreg/Documents/fdk-portal/src/components/tabs/tabs.component.test.jsx
FN:5,(anonymous_0)
FN:10,(anonymous_1)
FNF:2
FNH:0
FNDA:0,(anonymous_0)
FNDA:0,(anonymous_1)
DA:5,0
DA:6,0
DA:7,0
DA:10,0
DA:11,0
DA:17,0
DA:18,0
LF:7
LH:0
BRF:0
BRH:0
end_of_record
TN:
SF:/Users/bbreg/Documents/fdk-portal/src/constants/constants.js
FNF:0
FNH:0
DA:1,0
DA:2,0
DA:3,0
DA:4,0
DA:5,0
DA:6,0
DA:7,0
DA:8,0
DA:9,0
DA:10,0
DA:12,0
DA:14,0
LF:12
LH:0
BRF:0
BRH:0
end_of_record
TN:
SF:/Users/bbreg/Documents/fdk-portal/src/lib/addOrReplaceUrlParam.js
FN:7,getParamFromUrl
FN:17,getParamFromLocation
FNF:2
FNH:0
FNDA:0,getParamFromUrl
FNDA:0,getParamFromLocation
DA:8,0
DA:11,0
DA:12,0
DA:14,0
DA:18,0
DA:22,0
LF:6
LH:0
BRDA:11,0,0,0
BRDA:11,0,1,0
BRDA:11,1,0,0
BRDA:11,1,1,0
BRDA:18,2,0,0
BRDA:18,2,1,0
BRDA:22,3,0,0
BRDA:22,3,1,0
BRF:8
BRH:0
end_of_record
TN:
SF:/Users/bbreg/Documents/fdk-portal/src/lib/date-utils.js
FN:1,(anonymous_0)
FN:8,(anonymous_1)
FN:13,(anonymous_2)
FN:16,(anonymous_3)
FN:19,(anonymous_4)
FNF:5
FNH:0
FNDA:0,(anonymous_0)
FNDA:0,(anonymous_1)
FNDA:0,(anonymous_2)
FNDA:0,(anonymous_3)
FNDA:0,(anonymous_4)
DA:1,0
DA:2,0
DA:3,0
DA:4,0
DA:5,0
DA:8,0
DA:9,0
DA:13,0
DA:14,0
DA:16,0
DA:17,0
DA:19,0
DA:20,0
LF:13
LH:0
BRDA:5,0,0,0
BRDA:5,0,1,0
BRDA:9,1,0,0
BRDA:9,1,1,0
BRDA:9,1,2,0
BRDA:14,2,0,0
BRDA:14,2,1,0
BRDA:14,2,2,0
BRDA:17,3,0,0
BRDA:17,3,1,0
BRDA:17,3,2,0
BRDA:20,4,0,0
BRDA:20,4,1,0
BRDA:20,4,2,0
BRF:14
BRH:0
end_of_record
TN:
SF:/Users/bbreg/Documents/fdk-portal/src/lib/key-prefix-forest.js
FN:14,keyPrefixForest
FN:19,(anonymous_1)
FN:20,(anonymous_2)
FN:22,(anonymous_3)
FN:25,(anonymous_4)
FN:30,(anonymous_5)
FNF:6
FNH:0
FNDA:0,keyPrefixForest
FNDA:0,(anonymous_1)
FNDA:0,(anonymous_2)
FNDA:0,(anonymous_3)
FNDA:0,(anonymous_4)
FNDA:0,(anonymous_5)
DA:15,0
DA:16,0
DA:19,0
DA:20,0
DA:22,0
DA:23,0
DA:25,0
DA:27,0
DA:30,0
LF:9
LH:0
BRDA:15,0,0,0
BRDA:15,0,1,0
BRF:2
BRH:0
end_of_record
TN:
SF:/Users/bbreg/Documents/fdk-portal/src/lib/localization.jsx
FNF:0
FNH:0
DA:7,0
LF:1
LH:0
BRF:0
BRH:0
end_of_record
TN:
SF:/Users/bbreg/Documents/fdk-portal/src/lib/location-history-helper.js
FN:3,(anonymous_0)
FN:6,(anonymous_1)
FN:15,(anonymous_2)
FNF:3
FNH:0
FNDA:0,(anonymous_0)
FNDA:0,(anonymous_1)
FNDA:0,(anonymous_2)
DA:3,0
DA:4,0
DA:6,0
DA:7,0
DA:8,0
DA:10,0
DA:15,0
DA:16,0
DA:17,0
DA:21,0
LF:10
LH:0
BRDA:7,0,0,0
BRDA:7,0,1,0
BRDA:16,1,0,0
BRDA:16,1,1,0
BRDA:16,2,0,0
BRDA:16,2,1,0
BRDA:21,3,0,0
BRDA:21,3,1,0
BRF:8
BRH:0
end_of_record
TN:
SF:/Users/bbreg/Documents/fdk-portal/src/lib/markdown-converter.js
FN:12,convertToSanitizedHtml
FNF:1
FNH:0
FNDA:0,convertToSanitizedHtml
DA:6,0
DA:8,0
DA:13,0
DA:14,0
DA:16,0
DA:17,0
LF:6
LH:0
BRDA:13,0,0,0
BRDA:13,0,1,0
BRF:2
BRH:0
end_of_record
TN:
SF:/Users/bbreg/Documents/fdk-portal/src/lib/nap-profile.js
FN:1,(anonymous_0)
FNF:1
FNH:0
FNDA:0,(anonymous_0)
DA:1,0
DA:2,0
LF:2
LH:0
BRDA:2,0,0,0
BRDA:2,0,1,0
BRDA:2,0,2,0
BRF:3
BRH:0
end_of_record
TN:
SF:/Users/bbreg/Documents/fdk-portal/src/lib/normalizeAggregations.js
FN:3,(anonymous_0)
FN:4,(anonymous_1)
FN:9,(anonymous_2)
FN:10,(anonymous_3)
FN:15,(anonymous_4)
FN:30,(anonymous_5)
FNF:6
FNH:0
FNDA:0,(anonymous_0)
FNDA:0,(anonymous_1)
FNDA:0,(anonymous_2)
FNDA:0,(anonymous_3)
FNDA:0,(anonymous_4)
FNDA:0,(anonymous_5)
DA:3,0
DA:4,0
DA:9,0
DA:10,0
DA:15,0
DA:16,0
DA:17,0
DA:20,0
DA:21,0
DA:22,0
DA:24,0
DA:25,0
DA:27,0
DA:30,0
DA:31,0
DA:32,0
DA:33,0
DA:38,0
LF:18
LH:0
BRDA:6,0,0,0
BRDA:6,0,1,0
BRDA:12,1,0,0
BRDA:12,1,1,0
BRDA:16,2,0,0
BRDA:16,2,1,0
BRDA:16,3,0,0
BRDA:16,3,1,0
BRDA:17,4,0,0
BRDA:17,4,1,0
BRDA:21,5,0,0
BRDA:21,5,1,0
BRDA:21,6,0,0
BRDA:21,6,1,0
BRDA:24,7,0,0
BRDA:24,7,1,0
BRDA:32,8,0,0
BRDA:32,8,1,0
BRF:18
BRH:0
end_of_record
TN:
SF:/Users/bbreg/Documents/fdk-portal/src/lib/redux-fsa-thunk.js
FN:4,reduxFsaThunk
FN:5,(anonymous_1)
FNF:2
FNH:0
FNDA:0,reduxFsaThunk
FNDA:0,(anonymous_1)
DA:5,0
DA:6,0
DA:7,0
DA:10,0
DA:11,0
DA:13,0
DA:14,0
DA:17,0
DA:18,0
LF:9
LH:0
BRDA:6,0,0,0
BRDA:6,0,1,0
BRDA:13,1,0,0
BRDA:13,1,1,0
BRDA:17,2,0,0
BRDA:17,2,1,0
BRF:6
BRH:0
end_of_record
TN:
SF:/Users/bbreg/Documents/fdk-portal/src/lib/stringUtils.js
FN:3,removeValue
FN:7,addValue
FN:11,(anonymous_2)
FN:15,getFirstLineOfText
FNF:4
FNH:0
FNDA:0,removeValue
FNDA:0,addValue
FNDA:0,(anonymous_2)
FNDA:0,getFirstLineOfText
DA:4,0
DA:8,0
DA:11,0
DA:16,0
DA:17,0
DA:19,0
DA:20,0
DA:22,0
DA:24,0
DA:25,0
DA:26,0
DA:29,0
DA:30,0
DA:32,0
LF:14
LH:0
BRDA:4,0,0,0
BRDA:4,0,1,0
BRDA:8,1,0,0
BRDA:8,1,1,0
BRDA:16,2,0,0
BRDA:16,2,1,0
BRDA:22,3,0,0
BRDA:22,3,1,0
BRDA:24,4,0,0
BRDA:24,4,1,0
BRDA:29,5,0,0
BRDA:29,5,1,0
BRF:12
BRH:0
end_of_record
TN:
SF:/Users/bbreg/Documents/fdk-portal/src/lib/translateText.js
FN:3,getTranslateText
FNF:1
FNH:0
FNDA:0,getTranslateText
DA:4,0
DA:5,0
DA:6,0
DA:9,0
DA:10,0
DA:13,0
LF:6
LH:0
BRDA:4,0,0,0
BRDA:4,0,1,0
BRDA:5,1,0,0
BRDA:5,1,1,0
BRDA:9,2,0,0
BRDA:9,2,1,0
BRDA:9,3,0,0
BRDA:9,3,1,0
BRDA:14,4,0,0
BRDA:14,4,1,0
BRDA:14,4,2,0
BRDA:14,4,3,0
BRDA:14,4,4,0
BRDA:14,4,5,0
BRF:14
BRH:0
end_of_record
TN:
SF:/Users/bbreg/Documents/fdk-portal/src/lib/informationmodel/informationmodel.js
FN:15,getTypeFromTypeRef
FN:19,getTypeSchema
FN:28,getTypeSchemaByLocalRef
FN:33,getParentTypeRef
FN:69,convertPropertyFromJsonSchema
FN:103,getOwnProperties
FN:117,(anonymous_6)
FNF:7
FNH:0
FNDA:0,getTypeFromTypeRef
FNDA:0,getTypeSchema
FNDA:0,getTypeSchemaByLocalRef
FNDA:0,getParentTypeRef
FNDA:0,convertPropertyFromJsonSchema
FNDA:0,getOwnProperties
FNDA:0,(anonymous_6)
DA:12,0
DA:13,0
DA:16,0
DA:20,0
DA:22,0
DA:23,0
DA:25,0
DA:29,0
DA:30,0
DA:37,0
DA:39,0
DA:40,0
DA:43,0
DA:48,0
DA:49,0
DA:52,0
DA:70,0
DA:72,0
DA:75,0
DA:77,0
DA:78,0
DA:81,0
DA:82,0
DA:87,0
DA:88,0
DA:89,0
DA:92,0
DA:94,0
DA:100,0
DA:106,0
DA:109,0
DA:110,0
DA:114,0
DA:117,0
DA:118,0
DA:119,0
DA:124,0
DA:125,0
DA:128,0
DA:129,0
DA:132,0
DA:133,0
LF:42
LH:0
BRDA:16,0,0,0
BRDA:16,0,1,0
BRDA:22,1,0,0
BRDA:22,1,1,0
BRDA:39,2,0,0
BRDA:39,2,1,0
BRDA:48,3,0,0
BRDA:48,3,1,0
BRDA:70,4,0,0
BRDA:70,4,1,0
BRDA:77,5,0,0
BRDA:77,5,1,0
BRDA:81,6,0,0
BRDA:81,6,1,0
BRDA:87,7,0,0
BRDA:87,7,1,0
BRDA:88,8,0,0
BRDA:88,8,1,0
BRDA:92,9,0,0
BRDA:92,9,1,0
BRDA:109,10,0,0
BRDA:109,10,1,0
BRDA:114,11,0,0
BRDA:114,11,1,0
BRDA:118,12,0,0
BRDA:118,12,1,0
BRDA:124,13,0,0
BRDA:124,13,1,0
BRDA:128,14,0,0
BRDA:128,14,1,0
BRF:30
BRH:0
end_of_record
TN:
SF:/Users/bbreg/Documents/fdk-portal/src/lib/informationmodel/informationmodel.test.js
FN:198,(anonymous_0)
FN:203,(anonymous_1)
FN:217,(anonymous_2)
FN:247,(anonymous_3)
FN:252,(anonymous_4)
FN:260,(anonymous_5)
FN:266,(anonymous_6)
FN:274,(anonymous_7)
FNF:8
FNH:0
FNDA:0,(anonymous_0)
FNDA:0,(anonymous_1)
FNDA:0,(anonymous_2)
FNDA:0,(anonymous_3)
FNDA:0,(anonymous_4)
FNDA:0,(anonymous_5)
FNDA:0,(anonymous_6)
FNDA:0,(anonymous_7)
DA:5,0
DA:42,0
DA:113,0
DA:142,0
DA:153,0
DA:198,0
DA:199,0
DA:200,0
DA:203,0
DA:204,0
DA:206,0
DA:207,0
DA:217,0
DA:218,0
DA:220,0
DA:221,0
DA:247,0
DA:248,0
DA:249,0
DA:252,0
DA:253,0
DA:254,0
DA:257,0
DA:260,0
DA:261,0
DA:262,0
DA:263,0
DA:266,0
DA:267,0
DA:268,0
DA:269,0
DA:274,0
DA:275,0
DA:276,0
LF:34
LH:0
BRF:0
BRH:0
end_of_record
TN:
SF:/Users/bbreg/Documents/fdk-portal/src/pages/about-page/about-page.component.jsx
FN:7,(anonymous_0)
FNF:1
FNH:0
FNDA:0,(anonymous_0)
DA:7,0
DA:8,0
DA:12,0
LF:3
LH:0
BRF:0
BRH:0
end_of_record
TN:
SF:/Users/bbreg/Documents/fdk-portal/src/pages/about-page/about-page.component.test.jsx
FN:5,(anonymous_0)
FNF:1
FNH:0
FNDA:0,(anonymous_0)
DA:5,0
DA:6,0
DA:7,0
LF:3
LH:0
BRF:0
BRH:0
end_of_record
TN:
SF:/Users/bbreg/Documents/fdk-portal/src/pages/api-details-page/api-details-page.jsx
FN:34,(anonymous_0)
FN:50,(anonymous_1)
FN:54,(anonymous_2)
FN:55,(anonymous_3)
FN:68,(anonymous_4)
FN:78,(anonymous_5)
FN:92,(anonymous_6)
FN:99,(anonymous_7)
FN:103,(anonymous_8)
FN:104,(anonymous_9)
FN:118,(anonymous_10)
FN:125,(anonymous_11)
FN:126,(anonymous_12)
FN:140,(anonymous_13)
FN:147,(anonymous_14)
FN:181,(anonymous_15)
FN:191,(anonymous_16)
FN:191,(anonymous_17)
FN:200,(anonymous_18)
FN:275,(anonymous_19)
FN:341,(anonymous_20)
FN:362,(anonymous_21)
FN:409,(anonymous_22)
FN:530,(anonymous_23)
FNF:24
FNH:0
FNDA:0,(anonymous_0)
FNDA:0,(anonymous_1)
FNDA:0,(anonymous_2)
FNDA:0,(anonymous_3)
FNDA:0,(anonymous_4)
FNDA:0,(anonymous_5)
FNDA:0,(anonymous_6)
FNDA:0,(anonymous_7)
FNDA:0,(anonymous_8)
FNDA:0,(anonymous_9)
FNDA:0,(anonymous_10)
FNDA:0,(anonymous_11)
FNDA:0,(anonymous_12)
FNDA:0,(anonymous_13)
FNDA:0,(anonymous_14)
FNDA:0,(anonymous_15)
FNDA:0,(anonymous_16)
FNDA:0,(anonymous_17)
FNDA:0,(anonymous_18)
FNDA:0,(anonymous_19)
FNDA:0,(anonymous_20)
FNDA:0,(anonymous_21)
FNDA:0,(anonymous_22)
FNDA:0,(anonymous_23)
DA:34,0
DA:35,0
DA:36,0
DA:39,0
DA:50,0
DA:51,0
DA:52,0
DA:54,0
DA:55,0
DA:56,0
DA:61,0
DA:68,0
DA:69,0
DA:78,0
DA:79,0
DA:80,0
DA:82,0
DA:92,0
DA:93,0
DA:94,0
DA:96,0
DA:99,0
DA:100,0
DA:101,0
DA:103,0
DA:104,0
DA:105,0
DA:111,0
DA:118,0
DA:119,0
DA:123,0
DA:125,0
DA:126,0
DA:127,0
DA:133,0
DA:140,0
DA:141,0
DA:147,0
DA:148,0
DA:149,0
DA:181,0
DA:182,0
DA:188,0
DA:191,0
DA:193,0
DA:200,0
DA:208,0
DA:218,0
DA:221,0
DA:275,0
DA:276,0
DA:277,0
DA:278,0
DA:283,0
DA:284,0
DA:289,0
DA:290,0
DA:295,0
DA:296,0
DA:301,0
DA:302,0
DA:307,0
DA:315,0
DA:320,0
DA:321,0
DA:326,0
DA:327,0
DA:332,0
DA:333,0
DA:338,0
DA:341,0
DA:342,0
DA:343,0
DA:345,0
DA:350,0
DA:362,0
DA:363,0
DA:364,0
DA:368,0
DA:372,0
DA:373,0
DA:384,0
DA:385,0
DA:406,0
DA:409,0
DA:419,0
DA:420,0
DA:423,0
DA:424,0
DA:425,0
DA:427,0
DA:429,0
DA:434,0
DA:436,0
DA:526,0
DA:536,0
LF:96
LH:0
BRDA:35,0,0,0
BRDA:35,0,1,0
BRDA:51,1,0,0
BRDA:51,1,1,0
BRDA:51,2,0,0
BRDA:51,2,1,0
BRDA:57,3,0,0
BRDA:57,3,1,0
BRDA:69,4,0,0
BRDA:69,4,1,0
BRDA:69,4,2,0
BRDA:79,5,0,0
BRDA:79,5,1,0
BRDA:93,6,0,0
BRDA:93,6,1,0
BRDA:100,7,0,0
BRDA:100,7,1,0
BRDA:100,8,0,0
BRDA:100,8,1,0
BRDA:100,8,2,0
BRDA:119,9,0,0
BRDA:119,9,1,0
BRDA:120,10,0,0
BRDA:120,10,1,0
BRDA:120,10,2,0
BRDA:141,11,0,0
BRDA:141,11,1,0
BRDA:141,11,2,0
BRDA:141,11,3,0
BRDA:141,11,4,0
BRDA:151,12,0,0
BRDA:151,12,1,0
BRDA:151,12,2,0
BRDA:155,13,0,0
BRDA:155,13,1,0
BRDA:157,14,0,0
BRDA:157,14,1,0
BRDA:166,15,0,0
BRDA:166,15,1,0
BRDA:176,16,0,0
BRDA:176,16,1,0
BRDA:182,17,0,0
BRDA:182,17,1,0
BRDA:183,18,0,0
BRDA:183,18,1,0
BRDA:183,18,2,0
BRDA:183,18,3,0
BRDA:208,19,0,0
BRDA:208,19,1,0
BRDA:210,20,0,0
BRDA:210,20,1,0
BRDA:210,20,2,0
BRDA:210,20,3,0
BRDA:210,20,4,0
BRDA:210,20,5,0
BRDA:225,21,0,0
BRDA:225,21,1,0
BRDA:236,22,0,0
BRDA:236,22,1,0
BRDA:247,23,0,0
BRDA:247,23,1,0
BRDA:253,24,0,0
BRDA:253,24,1,0
BRDA:259,25,0,0
BRDA:259,25,1,0
BRDA:265,26,0,0
BRDA:265,26,1,0
BRDA:277,27,0,0
BRDA:277,27,1,0
BRDA:283,28,0,0
BRDA:283,28,1,0
BRDA:289,29,0,0
BRDA:289,29,1,0
BRDA:295,30,0,0
BRDA:295,30,1,0
BRDA:301,31,0,0
BRDA:301,31,1,0
BRDA:307,32,0,0
BRDA:307,32,1,0
BRDA:308,33,0,0
BRDA:308,33,1,0
BRDA:308,33,2,0
BRDA:308,33,3,0
BRDA:308,33,4,0
BRDA:308,33,5,0
BRDA:320,34,0,0
BRDA:320,34,1,0
BRDA:326,35,0,0
BRDA:326,35,1,0
BRDA:326,36,0,0
BRDA:326,36,1,0
BRDA:332,37,0,0
BRDA:332,37,1,0
BRDA:342,38,0,0
BRDA:342,38,1,0
BRDA:372,39,0,0
BRDA:372,39,1,0
BRDA:376,40,0,0
BRDA:376,40,1,0
BRDA:384,41,0,0
BRDA:384,41,1,0
BRDA:388,42,0,0
BRDA:388,42,1,0
BRDA:394,43,0,0
BRDA:394,43,1,0
BRDA:398,44,0,0
BRDA:398,44,1,0
BRDA:419,45,0,0
BRDA:419,45,1,0
BRDA:476,46,0,0
BRDA:476,46,1,0
BRDA:479,47,0,0
BRDA:479,47,1,0
BRDA:480,48,0,0
BRDA:480,48,1,0
BRDA:481,49,0,0
BRDA:481,49,1,0
BRDA:482,50,0,0
BRDA:482,50,1,0
BRDA:483,51,0,0
BRDA:483,51,1,0
BRDA:484,52,0,0
BRDA:484,52,1,0
BRDA:492,53,0,0
BRDA:492,53,1,0
BRDA:497,54,0,0
BRDA:497,54,1,0
BRF:127
BRH:0
end_of_record
TN:
SF:/Users/bbreg/Documents/fdk-portal/src/pages/api-details-page/api-details-page.test.jsx
FN:7,(anonymous_0)
FN:12,(anonymous_1)
FN:19,(anonymous_2)
FNF:3
FNH:0
FNDA:0,(anonymous_0)
FNDA:0,(anonymous_1)
FNDA:0,(anonymous_2)
DA:7,0
DA:8,0
DA:9,0
DA:12,0
DA:13,0
DA:16,0
DA:19,0
DA:20,0
DA:23,0
LF:9
LH:0
BRF:0
BRH:0
end_of_record
TN:
SF:/Users/bbreg/Documents/fdk-portal/src/pages/api-details-page/connected-api-details-page.jsx
FN:10,(anonymous_0)
FN:21,(anonymous_1)
FN:22,(anonymous_2)
FN:23,(anonymous_3)
FN:25,(anonymous_4)
FNF:5
FNH:0
FNDA:0,(anonymous_0)
FNDA:0,(anonymous_1)
FNDA:0,(anonymous_2)
FNDA:0,(anonymous_3)
FNDA:0,(anonymous_4)
DA:10,0
DA:11,0
DA:15,0
DA:21,0
DA:22,0
DA:24,0
DA:26,0
DA:31,0
LF:8
LH:0
BRDA:11,0,0,0
BRDA:11,0,1,0
BRF:2
BRH:0
end_of_record
TN:
SF:/Users/bbreg/Documents/fdk-portal/src/pages/api-details-page/resolved-api-details-page.jsx
FN:16,(anonymous_0)
FN:29,(anonymous_1)
FN:37,(anonymous_2)
FN:38,(anonymous_3)
FN:42,(anonymous_4)
FN:49,(anonymous_5)
FNF:6
FNH:0
FNDA:0,(anonymous_0)
FNDA:0,(anonymous_1)
FNDA:0,(anonymous_2)
FNDA:0,(anonymous_3)
FNDA:0,(anonymous_4)
FNDA:0,(anonymous_5)
DA:16,0
DA:17,0
DA:21,0
DA:22,0
DA:23,0
DA:29,0
DA:30,0
DA:34,0
DA:36,0
DA:37,0
DA:39,0
DA:40,0
DA:41,0
DA:42,0
DA:45,0
DA:50,0
DA:52,0
DA:54,0
DA:59,0
DA:63,0
LF:20
LH:0
BRDA:59,0,0,0
BRDA:59,0,1,0
BRF:2
BRH:0
end_of_record
TN:
SF:/Users/bbreg/Documents/fdk-portal/src/pages/api-details-page/__fixtures/apiItemMissingFields.js
FNF:0
FNH:0
DA:1,0
LF:1
LH:0
BRF:0
BRH:0
end_of_record
TN:
SF:/Users/bbreg/Documents/fdk-portal/src/pages/api-details-page/api-endpoints/api-endpoints.component.jsx
FN:17,(anonymous_0)
FN:28,(anonymous_1)
FN:35,(anonymous_2)
FN:40,(anonymous_3)
FN:42,(anonymous_4)
FN:46,(anonymous_5)
FNF:6
FNH:0
FNDA:0,(anonymous_0)
FNDA:0,(anonymous_1)
FNDA:0,(anonymous_2)
FNDA:0,(anonymous_3)
FNDA:0,(anonymous_4)
FNDA:0,(anonymous_5)
DA:6,0
DA:17,0
DA:18,0
DA:28,0
DA:29,0
DA:30,0
DA:33,0
DA:35,0
DA:36,0
DA:40,0
DA:42,0
DA:43,0
DA:46,0
DA:47,0
DA:48,0
DA:63,0
DA:68,0
LF:17
LH:0
BRDA:29,0,0,0
BRDA:29,0,1,0
BRDA:42,1,0,0
BRDA:42,1,1,0
BRF:4
BRH:0
end_of_record
TN:
SF:/Users/bbreg/Documents/fdk-portal/src/pages/api-details-page/api-endpoints/api-endpoints.component.test.jsx
FN:8,(anonymous_0)
FN:13,(anonymous_1)
FNF:2
FNH:0
FNDA:0,(anonymous_0)
FNDA:0,(anonymous_1)
DA:8,0
DA:9,0
DA:10,0
DA:13,0
DA:14,0
DA:20,0
DA:21,0
LF:7
LH:0
BRDA:16,0,0,0
BRDA:16,0,1,0
BRF:2
BRH:0
end_of_record
TN:
SF:/Users/bbreg/Documents/fdk-portal/src/pages/api-details-page/api-usage-instruction/api-usage-instruction.component.jsx
FN:9,ApiServer
FN:10,(anonymous_1)
FN:40,(anonymous_2)
FNF:3
FNH:0
FNDA:0,ApiServer
FNDA:0,(anonymous_1)
FNDA:0,(anonymous_2)
DA:10,0
DA:11,0
DA:30,0
DA:41,0
DA:54,0
DA:60,0
LF:6
LH:0
BRDA:11,0,0,0
BRDA:11,0,1,0
BRDA:11,0,2,0
BRDA:14,1,0,0
BRDA:14,1,1,0
BRDA:20,2,0,0
BRDA:20,2,1,0
BRF:7
BRH:0
end_of_record
TN:
SF:/Users/bbreg/Documents/fdk-portal/src/pages/api-details-page/api-usage-instruction/api-usage-instruction.component.test.jsx
FN:9,(anonymous_0)
FN:13,(anonymous_1)
FN:30,(anonymous_2)
FN:40,(anonymous_3)
FN:50,(anonymous_4)
FNF:5
FNH:0
FNDA:0,(anonymous_0)
FNDA:0,(anonymous_1)
FNDA:0,(anonymous_2)
FNDA:0,(anonymous_3)
FNDA:0,(anonymous_4)
DA:9,0
DA:10,0
DA:13,0
DA:18,0
DA:19,0
DA:30,0
DA:34,0
DA:35,0
DA:40,0
DA:44,0
DA:45,0
DA:50,0
DA:53,0
DA:54,0
LF:14
LH:0
BRF:0
BRH:0
end_of_record
TN:
SF:/Users/bbreg/Documents/fdk-portal/src/pages/api-details-page/dataset-reference/dataset-reference.component.jsx
FN:8,(anonymous_0)
FN:47,(anonymous_1)
FNF:2
FNH:0
FNDA:0,(anonymous_0)
FNDA:0,(anonymous_1)
DA:8,0
DA:9,0
DA:10,0
DA:13,0
DA:19,0
DA:21,0
DA:22,0
DA:24,0
DA:26,0
DA:27,0
DA:29,0
DA:31,0
DA:32,0
DA:34,0
DA:36,0
DA:39,0
DA:47,0
DA:48,0
DA:50,0
DA:51,0
DA:54,0
DA:55,0
DA:57,0
DA:74,0
DA:78,0
LF:25
LH:0
BRDA:9,0,0,0
BRDA:9,0,1,0
BRDA:13,1,0,0
BRDA:13,1,1,0
BRDA:19,2,0,0
BRDA:19,2,1,0
BRDA:19,2,2,0
BRDA:19,2,3,0
BRDA:50,3,0,0
BRDA:50,3,1,0
BRDA:60,4,0,0
BRDA:60,4,1,0
BRF:12
BRH:0
end_of_record
TN:
SF:/Users/bbreg/Documents/fdk-portal/src/pages/api-details-page/dataset-reference/dataset-reference.component.test.jsx
FN:8,(anonymous_0)
FN:13,(anonymous_1)
FNF:2
FNH:0
FNDA:0,(anonymous_0)
FNDA:0,(anonymous_1)
DA:8,0
DA:9,0
DA:10,0
DA:13,0
DA:14,0
DA:18,0
DA:19,0
LF:7
LH:0
BRF:0
BRH:0
end_of_record
TN:
SF:/Users/bbreg/Documents/fdk-portal/src/pages/api-details-page/informationmodel-reference/informationmodel-reference.component.jsx
FN:7,(anonymous_0)
FNF:1
FNH:0
FNDA:0,(anonymous_0)
DA:7,0
DA:8,0
DA:9,0
DA:10,0
DA:13,0
DA:14,0
DA:16,0
DA:25,0
DA:29,0
LF:9
LH:0
BRDA:9,0,0,0
BRDA:9,0,1,0
BRDA:19,1,0,0
BRDA:19,1,1,0
BRF:4
BRH:0
end_of_record
TN:
SF:/Users/bbreg/Documents/fdk-portal/src/pages/api-details-page/informationmodel-reference/informationmodel-reference.component.test.jsx
FN:9,(anonymous_0)
FN:14,(anonymous_1)
FNF:2
FNH:0
FNDA:0,(anonymous_0)
FNDA:0,(anonymous_1)
DA:7,0
DA:9,0
DA:10,0
DA:11,0
DA:14,0
DA:15,0
DA:19,0
DA:20,0
LF:8
LH:0
BRF:0
BRH:0
end_of_record
TN:
SF:/Users/bbreg/Documents/fdk-portal/src/pages/article-page/article-page.component.jsx
FN:7,(anonymous_0)
FNF:1
FNH:0
FNDA:0,(anonymous_0)
DA:7,0
DA:8,0
DA:11,0
LF:3
LH:0
BRF:0
BRH:0
end_of_record
TN:
SF:/Users/bbreg/Documents/fdk-portal/src/pages/article-page/article-page.component.test.jsx
FN:5,(anonymous_0)
FNF:1
FNH:0
FNDA:0,(anonymous_0)
DA:5,0
DA:6,0
DA:7,0
LF:3
LH:0
BRF:0
BRH:0
end_of_record
TN:
SF:/Users/bbreg/Documents/fdk-portal/src/pages/concept-compare-page/concept-compare-page.jsx
FN:12,(anonymous_0)
FN:14,(anonymous_1)
FN:18,(anonymous_2)
FN:19,(anonymous_3)
FN:20,(anonymous_4)
FN:36,(anonymous_5)
FN:37,(anonymous_6)
FN:39,(anonymous_7)
FN:40,(anonymous_8)
FN:42,(anonymous_9)
FN:44,(anonymous_10)
FN:59,(anonymous_11)
FN:68,(anonymous_12)
FN:75,(anonymous_13)
FN:76,(anonymous_14)
FN:103,(anonymous_15)
FN:110,(anonymous_16)
FN:111,(anonymous_17)
FN:112,(anonymous_18)
FN:117,(anonymous_19)
FN:141,(anonymous_20)
FNF:21
FNH:0
FNDA:0,(anonymous_0)
FNDA:0,(anonymous_1)
FNDA:0,(anonymous_2)
FNDA:0,(anonymous_3)
FNDA:0,(anonymous_4)
FNDA:0,(anonymous_5)
FNDA:0,(anonymous_6)
FNDA:0,(anonymous_7)
FNDA:0,(anonymous_8)
FNDA:0,(anonymous_9)
FNDA:0,(anonymous_10)
FNDA:0,(anonymous_11)
FNDA:0,(anonymous_12)
FNDA:0,(anonymous_13)
FNDA:0,(anonymous_14)
FNDA:0,(anonymous_15)
FNDA:0,(anonymous_16)
FNDA:0,(anonymous_17)
FNDA:0,(anonymous_18)
FNDA:0,(anonymous_19)
FNDA:0,(anonymous_20)
DA:12,0
DA:13,0
DA:14,0
DA:15,0
DA:18,0
DA:19,0
DA:20,0
DA:21,0
DA:26,0
DA:36,0
DA:37,0
DA:39,0
DA:40,0
DA:42,0
DA:43,0
DA:44,0
DA:45,0
DA:50,0
DA:59,0
DA:60,0
DA:61,0
DA:63,0
DA:69,0
DA:75,0
DA:76,0
DA:77,0
DA:78,0
DA:94,0
DA:95,0
DA:98,0
DA:104,0
DA:110,0
DA:111,0
DA:112,0
DA:113,0
DA:118,0
DA:133,0
DA:141,0
DA:148,0
DA:149,0
DA:152,0
DA:153,0
DA:155,0
DA:159,0
DA:228,0
DA:233,0
LF:46
LH:0
BRDA:37,0,0,0
BRDA:37,0,1,0
BRDA:52,1,0,0
BRDA:52,1,1,0
BRDA:60,2,0,0
BRDA:60,2,1,0
BRDA:80,3,0,0
BRDA:80,3,1,0
BRDA:84,4,0,0
BRDA:84,4,1,0
BRDA:94,5,0,0
BRDA:94,5,1,0
BRDA:165,6,0,0
BRDA:165,6,1,0
BRF:14
BRH:0
end_of_record
TN:
SF:/Users/bbreg/Documents/fdk-portal/src/pages/concept-compare-page/concept-compare-page.test.jsx
FN:11,(anonymous_0)
FN:16,(anonymous_1)
FNF:2
FNH:0
FNDA:0,(anonymous_0)
FNDA:0,(anonymous_1)
DA:8,0
DA:9,0
DA:11,0
DA:12,0
DA:13,0
DA:16,0
DA:17,0
DA:20,0
LF:8
LH:0
BRF:0
BRH:0
end_of_record
TN:
SF:/Users/bbreg/Documents/fdk-portal/src/pages/concept-compare-page/connected-concept-compare-page.jsx
FN:8,(anonymous_0)
FN:18,(anonymous_1)
FN:19,(anonymous_2)
FN:21,(anonymous_3)
FNF:4
FNH:0
FNDA:0,(anonymous_0)
FNDA:0,(anonymous_1)
FNDA:0,(anonymous_2)
FNDA:0,(anonymous_3)
DA:8,0
DA:9,0
DA:13,0
DA:18,0
DA:20,0
DA:21,0
DA:24,0
LF:7
LH:0
BRDA:9,0,0,0
BRDA:9,0,1,0
BRF:2
BRH:0
end_of_record
TN:
SF:/Users/bbreg/Documents/fdk-portal/src/pages/concept-details-page/concept-details-page.jsx
FN:23,(anonymous_0)
FN:36,(anonymous_1)
FN:60,(anonymous_2)
FN:75,(anonymous_3)
FN:99,(anonymous_4)
FN:113,(anonymous_5)
FN:125,(anonymous_6)
FN:126,(anonymous_7)
FN:128,(anonymous_8)
FN:129,(anonymous_9)
FN:147,(anonymous_10)
FN:160,(anonymous_11)
FN:161,(anonymous_12)
FN:163,(anonymous_13)
FN:164,(anonymous_14)
FN:170,(anonymous_15)
FN:171,(anonymous_16)
FN:195,(anonymous_17)
FN:211,(anonymous_18)
FN:228,(anonymous_19)
FN:232,(anonymous_20)
FN:240,(anonymous_21)
FN:245,(anonymous_22)
FN:256,(anonymous_23)
FN:289,(anonymous_24)
FN:319,(anonymous_25)
FN:332,(anonymous_26)
FN:407,(anonymous_27)
FNF:28
FNH:0
FNDA:0,(anonymous_0)
FNDA:0,(anonymous_1)
FNDA:0,(anonymous_2)
FNDA:0,(anonymous_3)
FNDA:0,(anonymous_4)
FNDA:0,(anonymous_5)
FNDA:0,(anonymous_6)
FNDA:0,(anonymous_7)
FNDA:0,(anonymous_8)
FNDA:0,(anonymous_9)
FNDA:0,(anonymous_10)
FNDA:0,(anonymous_11)
FNDA:0,(anonymous_12)
FNDA:0,(anonymous_13)
FNDA:0,(anonymous_14)
FNDA:0,(anonymous_15)
FNDA:0,(anonymous_16)
FNDA:0,(anonymous_17)
FNDA:0,(anonymous_18)
FNDA:0,(anonymous_19)
FNDA:0,(anonymous_20)
FNDA:0,(anonymous_21)
FNDA:0,(anonymous_22)
FNDA:0,(anonymous_23)
FNDA:0,(anonymous_24)
FNDA:0,(anonymous_25)
FNDA:0,(anonymous_26)
FNDA:0,(anonymous_27)
DA:23,0
DA:24,0
DA:25,0
DA:28,0
DA:29,0
DA:36,0
DA:37,0
DA:38,0
DA:47,0
DA:48,0
DA:51,0
DA:61,0
DA:75,0
DA:76,0
DA:77,0
DA:78,0
DA:79,0
DA:96,0
DA:99,0
DA:100,0
DA:101,0
DA:104,0
DA:113,0
DA:114,0
DA:115,0
DA:117,0
DA:125,0
DA:126,0
DA:127,0
DA:128,0
DA:130,0
DA:136,0
DA:137,0
DA:139,0
DA:147,0
DA:148,0
DA:149,0
DA:152,0
DA:160,0
DA:161,0
DA:162,0
DA:163,0
DA:165,0
DA:170,0
DA:171,0
DA:173,0
DA:174,0
DA:177,0
DA:195,0
DA:196,0
DA:197,0
DA:199,0
DA:211,0
DA:212,0
DA:213,0
DA:216,0
DA:228,0
DA:229,0
DA:233,0
DA:240,0
DA:244,0
DA:245,0
DA:246,0
DA:248,0
DA:262,0
DA:265,0
DA:268,0
DA:286,0
DA:289,0
DA:290,0
DA:291,0
DA:293,0
DA:319,0
DA:320,0
DA:321,0
DA:323,0
DA:332,0
DA:333,0
DA:334,0
DA:338,0
DA:339,0
DA:344,0
DA:345,0
DA:350,0
DA:351,0
DA:356,0
DA:360,0
DA:366,0
DA:370,0
DA:376,0
DA:381,0
DA:382,0
DA:388,0
DA:389,0
DA:395,0
DA:399,0
DA:405,0
DA:407,0
DA:415,0
DA:417,0
DA:418,0
DA:421,0
DA:422,0
DA:423,0
DA:425,0
DA:426,0
DA:433,0
DA:438,0
DA:447,0
DA:518,0
DA:524,0
LF:111
LH:0
BRDA:24,0,0,0
BRDA:24,0,1,0
BRDA:37,1,0,0
BRDA:37,1,1,0
BRDA:47,2,0,0
BRDA:47,2,1,0
BRDA:55,3,0,0
BRDA:55,3,1,0
BRDA:62,4,0,0
BRDA:62,4,1,0
BRDA:64,5,0,0
BRDA:64,5,1,0
BRDA:65,6,0,0
BRDA:65,6,1,0
BRDA:76,7,0,0
BRDA:76,7,1,0
BRDA:76,8,0,0
BRDA:76,8,1,0
BRDA:84,9,0,0
BRDA:84,9,1,0
BRDA:90,10,0,0
BRDA:90,10,1,0
BRDA:100,11,0,0
BRDA:100,11,1,0
BRDA:114,12,0,0
BRDA:114,12,1,0
BRDA:131,13,0,0
BRDA:131,13,1,0
BRDA:136,14,0,0
BRDA:136,14,1,0
BRDA:136,15,0,0
BRDA:136,15,1,0
BRDA:148,16,0,0
BRDA:148,16,1,0
BRDA:148,17,0,0
BRDA:148,17,1,0
BRDA:171,18,0,0
BRDA:171,18,1,0
BRDA:173,19,0,0
BRDA:173,19,1,0
BRDA:173,20,0,0
BRDA:173,20,1,0
BRDA:179,21,0,0
BRDA:179,21,1,0
BRDA:185,22,0,0
BRDA:185,22,1,0
BRDA:196,23,0,0
BRDA:196,23,1,0
BRDA:196,24,0,0
BRDA:196,24,1,0
BRDA:204,25,0,0
BRDA:204,25,1,0
BRDA:212,26,0,0
BRDA:212,26,1,0
BRDA:229,27,0,0
BRDA:229,27,1,0
BRDA:229,27,2,0
BRDA:241,28,0,0
BRDA:244,29,0,0
BRDA:244,29,1,0
BRDA:274,30,0,0
BRDA:274,30,1,0
BRDA:275,31,0,0
BRDA:275,31,1,0
BRDA:275,31,2,0
BRDA:290,32,0,0
BRDA:290,32,1,0
BRDA:290,33,0,0
BRDA:290,33,1,0
BRDA:295,34,0,0
BRDA:295,34,1,0
BRDA:309,35,0,0
BRDA:309,35,1,0
BRDA:320,36,0,0
BRDA:320,36,1,0
BRDA:320,37,0,0
BRDA:320,37,1,0
BRDA:338,38,0,0
BRDA:338,38,1,0
BRDA:344,39,0,0
BRDA:344,39,1,0
BRDA:350,40,0,0
BRDA:350,40,1,0
BRDA:356,41,0,0
BRDA:356,41,1,0
BRDA:357,42,0,0
BRDA:357,42,1,0
BRDA:366,43,0,0
BRDA:366,43,1,0
BRDA:367,44,0,0
BRDA:367,44,1,0
BRDA:381,45,0,0
BRDA:381,45,1,0
BRDA:381,46,0,0
BRDA:381,46,1,0
BRDA:388,47,0,0
BRDA:388,47,1,0
BRDA:388,48,0,0
BRDA:388,48,1,0
BRDA:395,49,0,0
BRDA:395,49,1,0
BRDA:396,50,0,0
BRDA:396,50,1,0
BRDA:417,51,0,0
BRDA:417,51,1,0
BRDA:421,52,0,0
BRDA:421,52,1,0
BRDA:422,53,0,0
BRDA:425,54,0,0
BRDA:425,54,1,0
BRF:110
BRH:0
end_of_record
TN:
SF:/Users/bbreg/Documents/fdk-portal/src/pages/concept-details-page/concept-details-page.test.jsx
FN:11,(anonymous_0)
FN:16,(anonymous_1)
FNF:2
FNH:0
FNDA:0,(anonymous_0)
FNDA:0,(anonymous_1)
DA:9,0
DA:11,0
DA:12,0
DA:13,0
DA:16,0
DA:17,0
DA:22,0
LF:7
LH:0
BRF:0
BRH:0
end_of_record
TN:
SF:/Users/bbreg/Documents/fdk-portal/src/pages/concept-details-page/connected-concept-details-page.jsx
FN:6,(anonymous_0)
FN:20,(anonymous_1)
FN:21,(anonymous_2)
FN:22,(anonymous_3)
FNF:4
FNH:0
FNDA:0,(anonymous_0)
FNDA:0,(anonymous_1)
FNDA:0,(anonymous_2)
FNDA:0,(anonymous_3)
DA:6,0
DA:10,0
DA:14,0
DA:20,0
DA:21,0
DA:22,0
DA:25,0
LF:7
LH:0
BRDA:8,0,0,0
BRDA:10,1,0,0
BRDA:10,1,1,0
BRF:3
BRH:0
end_of_record
TN:
SF:/Users/bbreg/Documents/fdk-portal/src/pages/concept-details-page/resolved-concept-details-page.jsx
FN:7,(anonymous_0)
FN:17,(anonymous_1)
FN:18,(anonymous_2)
FNF:3
FNH:0
FNDA:0,(anonymous_0)
FNDA:0,(anonymous_1)
FNDA:0,(anonymous_2)
DA:7,0
DA:8,0
DA:9,0
DA:10,0
DA:13,0
DA:14,0
DA:16,0
DA:17,0
DA:18,0
DA:21,0
LF:10
LH:0
BRF:0
BRH:0
end_of_record
TN:
SF:/Users/bbreg/Documents/fdk-portal/src/pages/dataset-details-page/dataset-details-page-pure.jsx
FN:32,(anonymous_0)
FN:69,(anonymous_1)
FN:88,(anonymous_2)
FN:116,(anonymous_3)
FN:130,(anonymous_4)
FN:163,(anonymous_5)
FN:170,(anonymous_6)
FN:178,(anonymous_7)
FN:190,(anonymous_8)
FN:209,(anonymous_9)
FN:210,(anonymous_10)
FN:211,(anonymous_11)
FN:228,sortedSubject
FN:240,(anonymous_13)
FN:242,(anonymous_14)
FN:244,(anonymous_15)
FN:245,(anonymous_16)
FN:259,(anonymous_17)
FN:261,(anonymous_18)
FN:270,(anonymous_19)
FN:271,(anonymous_20)
FN:298,(anonymous_21)
FN:299,(anonymous_22)
FN:325,(anonymous_23)
FN:329,(anonymous_24)
FN:410,(anonymous_25)
FN:484,(anonymous_26)
FNF:27
FNH:0
FNDA:0,(anonymous_0)
FNDA:0,(anonymous_1)
FNDA:0,(anonymous_2)
FNDA:0,(anonymous_3)
FNDA:0,(anonymous_4)
FNDA:0,(anonymous_5)
FNDA:0,(anonymous_6)
FNDA:0,(anonymous_7)
FNDA:0,(anonymous_8)
FNDA:0,(anonymous_9)
FNDA:0,(anonymous_10)
FNDA:0,(anonymous_11)
FNDA:0,sortedSubject
FNDA:0,(anonymous_13)
FNDA:0,(anonymous_14)
FNDA:0,(anonymous_15)
FNDA:0,(anonymous_16)
FNDA:0,(anonymous_17)
FNDA:0,(anonymous_18)
FNDA:0,(anonymous_19)
FNDA:0,(anonymous_20)
FNDA:0,(anonymous_21)
FNDA:0,(anonymous_22)
FNDA:0,(anonymous_23)
FNDA:0,(anonymous_24)
FNDA:0,(anonymous_25)
FNDA:0,(anonymous_26)
DA:32,0
DA:33,0
DA:34,0
DA:36,0
DA:69,0
DA:70,0
DA:71,0
DA:73,0
DA:88,0
DA:89,0
DA:90,0
DA:92,0
DA:116,0
DA:117,0
DA:118,0
DA:121,0
DA:130,0
DA:131,0
DA:132,0
DA:134,0
DA:163,0
DA:164,0
DA:165,0
DA:170,0
DA:171,0
DA:172,0
DA:174,0
DA:176,0
DA:179,0
DA:190,0
DA:191,0
DA:194,0
DA:195,0
DA:202,0
DA:209,0
DA:210,0
DA:211,0
DA:212,0
DA:223,0
DA:224,0
DA:227,0
DA:229,0
DA:233,0
DA:240,0
DA:241,0
DA:242,0
DA:243,0
DA:244,0
DA:245,0
DA:247,0
DA:248,0
DA:250,0
DA:259,0
DA:261,0
DA:267,0
DA:268,0
DA:270,0
DA:271,0
DA:272,0
DA:287,0
DA:298,0
DA:299,0
DA:300,0
DA:318,0
DA:325,0
DA:326,0
DA:328,0
DA:329,0
DA:331,0
DA:332,0
DA:337,0
DA:338,0
DA:343,0
DA:344,0
DA:352,0
DA:353,0
DA:358,0
DA:359,0
DA:364,0
DA:372,0
DA:377,0
DA:378,0
DA:383,0
DA:384,0
DA:389,0
DA:390,0
DA:395,0
DA:396,0
DA:401,0
DA:402,0
DA:407,0
DA:410,0
DA:418,0
DA:420,0
DA:421,0
DA:422,0
DA:424,0
DA:425,0
DA:428,0
DA:433,0
DA:484,0
DA:514,0
DA:523,0
LF:103
LH:0
BRDA:33,0,0,0
BRDA:33,0,1,0
BRDA:38,1,0,0
BRDA:38,1,1,0
BRDA:46,2,0,0
BRDA:46,2,1,0
BRDA:56,3,0,0
BRDA:56,3,1,0
BRDA:70,4,0,0
BRDA:70,4,1,0
BRDA:89,5,0,0
BRDA:89,5,1,0
BRDA:117,6,0,0
BRDA:117,6,1,0
BRDA:131,7,0,0
BRDA:131,7,1,0
BRDA:131,8,0,0
BRDA:131,8,1,0
BRDA:131,8,2,0
BRDA:131,8,3,0
BRDA:135,9,0,0
BRDA:135,9,1,0
BRDA:135,9,2,0
BRDA:135,9,3,0
BRDA:136,10,0,0
BRDA:136,10,1,0
BRDA:140,11,0,0
BRDA:140,11,1,0
BRDA:141,12,0,0
BRDA:141,12,1,0
BRDA:148,13,0,0
BRDA:148,13,1,0
BRDA:158,14,0,0
BRDA:158,14,1,0
BRDA:166,15,0,0
BRDA:166,15,1,0
BRDA:166,15,2,0
BRDA:171,16,0,0
BRDA:171,16,1,0
BRDA:194,17,0,0
BRDA:194,17,1,0
BRDA:215,18,0,0
BRDA:215,18,1,0
BRDA:223,19,0,0
BRDA:223,19,1,0
BRDA:244,20,0,0
BRDA:244,20,1,0
BRDA:247,21,0,0
BRDA:247,21,1,0
BRDA:247,22,0,0
BRDA:247,22,1,0
BRDA:259,23,0,0
BRDA:259,23,1,0
BRDA:267,24,0,0
BRDA:267,24,1,0
BRDA:267,25,0,0
BRDA:267,25,1,0
BRDA:291,26,0,0
BRDA:291,26,1,0
BRDA:331,27,0,0
BRDA:331,27,1,0
BRDA:337,28,0,0
BRDA:337,28,1,0
BRDA:343,29,0,0
BRDA:343,29,1,0
BRDA:352,30,0,0
BRDA:352,30,1,0
BRDA:352,31,0,0
BRDA:352,31,1,0
BRDA:358,32,0,0
BRDA:358,32,1,0
BRDA:364,33,0,0
BRDA:364,33,1,0
BRDA:365,34,0,0
BRDA:365,34,1,0
BRDA:365,34,2,0
BRDA:365,34,3,0
BRDA:365,34,4,0
BRDA:365,34,5,0
BRDA:377,35,0,0
BRDA:377,35,1,0
BRDA:383,36,0,0
BRDA:383,36,1,0
BRDA:383,37,0,0
BRDA:383,37,1,0
BRDA:389,38,0,0
BRDA:389,38,1,0
BRDA:395,39,0,0
BRDA:395,39,1,0
BRDA:401,40,0,0
BRDA:401,40,1,0
BRDA:424,41,0,0
BRDA:424,41,1,0
BRDA:470,42,0,0
BRDA:470,42,1,0
BRF:95
BRH:0
end_of_record
TN:
SF:/Users/bbreg/Documents/fdk-portal/src/pages/dataset-details-page/dataset-details-page-pure.test.jsx
FN:8,(anonymous_0)
FN:12,(anonymous_1)
FN:17,(anonymous_2)
FNF:3
FNH:0
FNDA:0,(anonymous_0)
FNDA:0,(anonymous_1)
FNDA:0,(anonymous_2)
DA:8,0
DA:9,0
DA:12,0
DA:13,0
DA:14,0
DA:17,0
DA:18,0
LF:7
LH:0
BRF:0
BRH:0
end_of_record
TN:
SF:/Users/bbreg/Documents/fdk-portal/src/pages/dataset-details-page/dataset-details-page-resolver.jsx
FN:6,(anonymous_0)
FN:9,(anonymous_1)
FN:17,(anonymous_2)
FN:18,(anonymous_3)
FN:20,(anonymous_4)
FN:26,(anonymous_5)
FN:29,(anonymous_6)
FN:30,(anonymous_7)
FN:34,(anonymous_8)
FNF:9
FNH:0
FNDA:0,(anonymous_0)
FNDA:0,(anonymous_1)
FNDA:0,(anonymous_2)
FNDA:0,(anonymous_3)
FNDA:0,(anonymous_4)
FNDA:0,(anonymous_5)
FNDA:0,(anonymous_6)
FNDA:0,(anonymous_7)
FNDA:0,(anonymous_8)
DA:6,0
DA:7,0
DA:9,0
DA:11,0
DA:12,0
DA:13,0
DA:14,0
DA:16,0
DA:17,0
DA:19,0
DA:20,0
DA:21,0
DA:23,0
DA:24,0
DA:27,0
DA:28,0
DA:29,0
DA:31,0
DA:34,0
DA:35,0
DA:36,0
DA:40,0
DA:50,0
LF:23
LH:0
BRF:0
BRH:0
end_of_record
TN:
SF:/Users/bbreg/Documents/fdk-portal/src/pages/dataset-details-page/dataset-details-page.jsx
FN:7,(anonymous_0)
FN:17,(anonymous_1)
FN:18,(anonymous_2)
FNF:3
FNH:0
FNDA:0,(anonymous_0)
FNDA:0,(anonymous_1)
FNDA:0,(anonymous_2)
DA:7,0
DA:8,0
DA:11,0
DA:17,0
DA:19,0
DA:22,0
DA:30,0
LF:7
LH:0
BRDA:8,0,0,0
BRDA:8,0,1,0
BRF:2
BRH:0
end_of_record
TN:
SF:/Users/bbreg/Documents/fdk-portal/src/pages/dataset-details-page/dataset-description/dataset-description.component.jsx
FN:12,(anonymous_0)
FN:20,(anonymous_1)
FN:25,(anonymous_2)
FNF:3
FNH:0
FNDA:0,(anonymous_0)
FNDA:0,(anonymous_1)
FNDA:0,(anonymous_2)
DA:13,0
DA:14,0
DA:17,0
DA:21,0
DA:22,0
DA:26,0
DA:27,0
DA:28,0
DA:29,0
DA:30,0
DA:31,0
DA:33,0
DA:67,0
DA:72,0
LF:14
LH:0
BRDA:27,0,0,0
BRDA:27,0,1,0
BRDA:28,1,0,0
BRDA:28,1,1,0
BRDA:46,2,0,0
BRDA:46,2,1,0
BRDA:56,3,0,0
BRDA:56,3,1,0
BRF:8
BRH:0
end_of_record
TN:
SF:/Users/bbreg/Documents/fdk-portal/src/pages/dataset-details-page/dataset-description/dataset-description.component.test.jsx
FN:6,(anonymous_0)
FN:11,(anonymous_1)
FNF:2
FNH:0
FNDA:0,(anonymous_0)
FNDA:0,(anonymous_1)
DA:6,0
DA:7,0
DA:8,0
DA:11,0
DA:12,0
DA:15,0
DA:16,0
LF:7
LH:0
BRF:0
BRH:0
end_of_record
TN:
SF:/Users/bbreg/Documents/fdk-portal/src/pages/dataset-details-page/dataset-distribution/dataset-distribution.component.jsx
FN:17,(anonymous_0)
FN:21,(anonymous_1)
FN:30,(anonymous_2)
FN:39,(anonymous_3)
FN:44,(anonymous_4)
FN:50,(anonymous_5)
FN:74,(anonymous_6)
FN:89,(anonymous_7)
FN:91,(anonymous_8)
FN:92,(anonymous_9)
FN:106,(anonymous_10)
FN:108,(anonymous_11)
FN:125,(anonymous_12)
FN:128,(anonymous_13)
FN:129,(anonymous_14)
FN:148,(anonymous_15)
FN:150,(anonymous_16)
FN:151,(anonymous_17)
FN:175,(anonymous_18)
FNF:19
FNH:0
FNDA:0,(anonymous_0)
FNDA:0,(anonymous_1)
FNDA:0,(anonymous_2)
FNDA:0,(anonymous_3)
FNDA:0,(anonymous_4)
FNDA:0,(anonymous_5)
FNDA:0,(anonymous_6)
FNDA:0,(anonymous_7)
FNDA:0,(anonymous_8)
FNDA:0,(anonymous_9)
FNDA:0,(anonymous_10)
FNDA:0,(anonymous_11)
FNDA:0,(anonymous_12)
FNDA:0,(anonymous_13)
FNDA:0,(anonymous_14)
FNDA:0,(anonymous_15)
FNDA:0,(anonymous_16)
FNDA:0,(anonymous_17)
FNDA:0,(anonymous_18)
DA:17,0
DA:18,0
DA:19,0
DA:21,0
DA:22,0
DA:31,0
DA:32,0
DA:33,0
DA:36,0
DA:40,0
DA:41,0
DA:45,0
DA:46,0
DA:47,0
DA:48,0
DA:50,0
DA:51,0
DA:52,0
DA:53,0
DA:58,0
DA:59,0
DA:61,0
DA:63,0
DA:66,0
DA:75,0
DA:77,0
DA:78,0
DA:81,0
DA:90,0
DA:91,0
DA:92,0
DA:93,0
DA:95,0
DA:96,0
DA:98,0
DA:107,0
DA:108,0
DA:109,0
DA:114,0
DA:115,0
DA:117,0
DA:126,0
DA:128,0
DA:129,0
DA:130,0
DA:137,0
DA:138,0
DA:140,0
DA:149,0
DA:150,0
DA:151,0
DA:152,0
DA:153,0
DA:161,0
DA:164,0
DA:165,0
DA:168,0
DA:176,0
DA:177,0
DA:178,0
DA:242,0
DA:255,0
LF:62
LH:0
BRDA:18,0,0,0
BRDA:18,0,1,0
BRDA:23,1,0,0
BRDA:23,1,1,0
BRDA:47,2,0,0
BRDA:47,2,1,0
BRDA:52,3,0,0
BRDA:52,3,1,0
BRDA:52,4,0,0
BRDA:52,4,1,0
BRDA:52,4,2,0
BRDA:58,5,0,0
BRDA:58,5,1,0
BRDA:77,6,0,0
BRDA:77,6,1,0
BRDA:77,7,0,0
BRDA:77,7,1,0
BRDA:95,8,0,0
BRDA:95,8,1,0
BRDA:114,9,0,0
BRDA:114,9,1,0
BRDA:137,10,0,0
BRDA:137,10,1,0
BRDA:152,11,0,0
BRDA:152,11,1,0
BRDA:164,12,0,0
BRDA:164,12,1,0
BRDA:182,13,0,0
BRDA:182,13,1,0
BRDA:193,14,0,0
BRDA:193,14,1,0
BRDA:199,15,0,0
BRDA:199,15,1,0
BRDA:207,16,0,0
BRDA:207,16,1,0
BRDA:210,17,0,0
BRDA:210,17,1,0
BRDA:218,18,0,0
BRDA:218,18,1,0
BRDA:218,19,0,0
BRDA:218,19,1,0
BRF:41
BRH:0
end_of_record
TN:
SF:/Users/bbreg/Documents/fdk-portal/src/pages/dataset-details-page/dataset-distribution/dataset-distribution.component.test.jsx
FN:6,(anonymous_0)
FN:11,(anonymous_1)
FNF:2
FNH:0
FNDA:0,(anonymous_0)
FNDA:0,(anonymous_1)
DA:6,0
DA:7,0
DA:8,0
DA:11,0
DA:12,0
DA:22,0
DA:23,0
LF:7
LH:0
BRF:0
BRH:0
end_of_record
TN:
SF:/Users/bbreg/Documents/fdk-portal/src/pages/dataset-details-page/dataset-info/dataset-info.component.jsx
FN:18,(anonymous_0)
FN:19,(anonymous_1)
FN:20,(anonymous_2)
FN:68,(anonymous_3)
FN:72,(anonymous_4)
FN:73,(anonymous_5)
FN:90,(anonymous_6)
FN:91,(anonymous_7)
FN:92,(anonymous_8)
FN:115,(anonymous_9)
FN:128,(anonymous_10)
FNF:11
FNH:0
FNDA:0,(anonymous_0)
FNDA:0,(anonymous_1)
FNDA:0,(anonymous_2)
FNDA:0,(anonymous_3)
FNDA:0,(anonymous_4)
FNDA:0,(anonymous_5)
FNDA:0,(anonymous_6)
FNDA:0,(anonymous_7)
FNDA:0,(anonymous_8)
FNDA:0,(anonymous_9)
FNDA:0,(anonymous_10)
DA:18,0
DA:19,0
DA:20,0
DA:21,0
DA:22,0
DA:28,0
DA:29,0
DA:31,0
DA:58,0
DA:59,0
DA:61,0
DA:68,0
DA:69,0
DA:70,0
DA:72,0
DA:73,0
DA:74,0
DA:80,0
DA:90,0
DA:91,0
DA:92,0
DA:93,0
DA:109,0
DA:110,0
DA:112,0
DA:115,0
DA:116,0
DA:117,0
DA:120,0
DA:128,0
DA:129,0
DA:130,0
DA:131,0
DA:139,0
DA:145,0
LF:35
LH:0
BRDA:37,0,0,0
BRDA:37,0,1,0
BRDA:43,1,0,0
BRDA:43,1,1,0
BRDA:50,2,0,0
BRDA:50,2,1,0
BRDA:58,3,0,0
BRDA:58,3,1,0
BRDA:69,4,0,0
BRDA:69,4,1,0
BRDA:75,5,0,0
BRDA:75,5,1,0
BRDA:94,6,0,0
BRDA:94,6,1,0
BRDA:100,7,0,0
BRDA:100,7,1,0
BRDA:109,8,0,0
BRDA:109,8,1,0
BRDA:116,9,0,0
BRDA:116,9,1,0
BRDA:116,10,0,0
BRDA:116,10,1,0
BRDA:130,11,0,0
BRDA:130,11,1,0
BRF:24
BRH:0
end_of_record
TN:
SF:/Users/bbreg/Documents/fdk-portal/src/pages/dataset-details-page/dataset-info/dataset-info.component.test.jsx
FN:6,(anonymous_0)
FN:11,(anonymous_1)
FNF:2
FNH:0
FNDA:0,(anonymous_0)
FNDA:0,(anonymous_1)
DA:6,0
DA:7,0
DA:8,0
DA:11,0
DA:12,0
DA:72,0
DA:73,0
LF:7
LH:0
BRF:0
BRH:0
end_of_record
TN:
SF:/Users/bbreg/Documents/fdk-portal/src/pages/dataset-details-page/dataset-key-info/dataset-key-info.component.jsx
FN:11,(anonymous_0)
FN:59,(anonymous_1)
FN:60,(anonymous_2)
FN:61,(anonymous_3)
FN:82,(anonymous_4)
FN:90,(anonymous_5)
FN:91,(anonymous_6)
FN:92,(anonymous_7)
FN:114,(anonymous_8)
FN:115,(anonymous_9)
FN:116,(anonymous_10)
FN:141,(anonymous_11)
FN:142,(anonymous_12)
FN:143,(anonymous_13)
FN:163,(anonymous_14)
FN:164,(anonymous_15)
FN:165,(anonymous_16)
FN:189,(anonymous_17)
FN:240,(anonymous_18)
FNF:19
FNH:0
FNDA:0,(anonymous_0)
FNDA:0,(anonymous_1)
FNDA:0,(anonymous_2)
FNDA:0,(anonymous_3)
FNDA:0,(anonymous_4)
FNDA:0,(anonymous_5)
FNDA:0,(anonymous_6)
FNDA:0,(anonymous_7)
FNDA:0,(anonymous_8)
FNDA:0,(anonymous_9)
FNDA:0,(anonymous_10)
FNDA:0,(anonymous_11)
FNDA:0,(anonymous_12)
FNDA:0,(anonymous_13)
FNDA:0,(anonymous_14)
FNDA:0,(anonymous_15)
FNDA:0,(anonymous_16)
FNDA:0,(anonymous_17)
FNDA:0,(anonymous_18)
DA:11,0
DA:12,0
DA:13,0
DA:16,0
DA:23,0
DA:25,0
DA:26,0
DA:27,0
DA:29,0
DA:31,0
DA:32,0
DA:33,0
DA:35,0
DA:37,0
DA:38,0
DA:39,0
DA:41,0
DA:43,0
DA:46,0
DA:59,0
DA:60,0
DA:61,0
DA:62,0
DA:70,0
DA:71,0
DA:74,0
DA:82,0
DA:83,0
DA:84,0
DA:87,0
DA:90,0
DA:91,0
DA:92,0
DA:93,0
DA:100,0
DA:101,0
DA:104,0
DA:114,0
DA:115,0
DA:116,0
DA:117,0
DA:127,0
DA:128,0
DA:131,0
DA:141,0
DA:142,0
DA:143,0
DA:144,0
DA:149,0
DA:150,0
DA:153,0
DA:163,0
DA:164,0
DA:165,0
DA:166,0
DA:167,0
DA:175,0
DA:178,0
DA:179,0
DA:182,0
DA:189,0
DA:200,0
DA:213,0
DA:216,0
DA:240,0
DA:251,0
DA:252,0
DA:269,0
DA:281,0
LF:69
LH:0
BRDA:12,0,0,0
BRDA:12,0,1,0
BRDA:16,1,0,0
BRDA:16,1,1,0
BRDA:23,2,0,0
BRDA:23,2,1,0
BRDA:23,2,2,0
BRDA:23,2,3,0
BRDA:70,3,0,0
BRDA:70,3,1,0
BRDA:83,4,0,0
BRDA:83,4,1,0
BRDA:100,5,0,0
BRDA:100,5,1,0
BRDA:100,6,0,0
BRDA:100,6,1,0
BRDA:121,7,0,0
BRDA:121,7,1,0
BRDA:127,8,0,0
BRDA:127,8,1,0
BRDA:127,9,0,0
BRDA:127,9,1,0
BRDA:149,10,0,0
BRDA:149,10,1,0
BRDA:149,11,0,0
BRDA:149,11,1,0
BRDA:166,12,0,0
BRDA:166,12,1,0
BRDA:178,13,0,0
BRDA:178,13,1,0
BRDA:178,14,0,0
BRDA:178,14,1,0
BRDA:200,15,0,0
BRDA:200,15,1,0
BRDA:202,16,0,0
BRDA:202,16,1,0
BRDA:202,16,2,0
BRDA:202,16,3,0
BRDA:202,16,4,0
BRDA:202,16,5,0
BRDA:202,16,6,0
BRDA:202,16,7,0
BRDA:202,16,8,0
BRF:43
BRH:0
end_of_record
TN:
SF:/Users/bbreg/Documents/fdk-portal/src/pages/dataset-details-page/dataset-key-info/dataset-key-info.component.test.jsx
FN:9,(anonymous_0)
FN:22,(anonymous_1)
FN:27,(anonymous_2)
FNF:3
FNH:0
FNDA:0,(anonymous_0)
FNDA:0,(anonymous_1)
FNDA:0,(anonymous_2)
DA:9,0
DA:10,0
DA:19,0
DA:22,0
DA:23,0
DA:24,0
DA:27,0
DA:28,0
LF:8
LH:0
BRF:0
BRH:0
end_of_record
TN:
SF:/Users/bbreg/Documents/fdk-portal/src/pages/dataset-details-page/dataset-quality/dataset-quality.component.jsx
FN:8,(anonymous_0)
FNF:1
FNH:0
FNDA:0,(anonymous_0)
DA:8,0
DA:16,0
DA:18,0
DA:28,0
DA:31,0
DA:70,0
DA:79,0
LF:7
LH:0
BRDA:18,0,0,0
BRDA:18,0,1,0
BRDA:20,1,0,0
BRDA:20,1,1,0
BRDA:20,1,2,0
BRDA:20,1,3,0
BRDA:20,1,4,0
BRDA:20,1,5,0
BRDA:33,2,0,0
BRDA:33,2,1,0
BRDA:36,3,0,0
BRDA:36,3,1,0
BRDA:42,4,0,0
BRDA:42,4,1,0
BRDA:48,5,0,0
BRDA:48,5,1,0
BRDA:54,6,0,0
BRDA:54,6,1,0
BRDA:60,7,0,0
BRDA:60,7,1,0
BRF:20
BRH:0
end_of_record
TN:
SF:/Users/bbreg/Documents/fdk-portal/src/pages/dataset-details-page/dataset-quality/dataset-quality.component.test.jsx
FN:8,(anonymous_0)
FN:18,(anonymous_1)
FNF:2
FNH:0
FNDA:0,(anonymous_0)
FNDA:0,(anonymous_1)
DA:8,0
DA:9,0
DA:15,0
DA:18,0
DA:19,0
LF:5
LH:0
BRF:0
BRH:0
end_of_record
TN:
SF:/Users/bbreg/Documents/fdk-portal/src/pages/dataset-details-page/distribution-heading/distribution-heading.component.jsx
FN:5,(anonymous_0)
FNF:1
FNH:0
FNDA:0,(anonymous_0)
DA:5,0
DA:6,0
DA:7,0
DA:8,0
DA:10,0
DA:20,0
DA:25,0
LF:7
LH:0
BRDA:7,0,0,0
BRDA:7,0,1,0
BRDA:14,1,0,0
BRDA:14,1,1,0
BRF:4
BRH:0
end_of_record
TN:
SF:/Users/bbreg/Documents/fdk-portal/src/pages/datasets-report-page/connected-datasets-report-page.jsx
FN:5,(anonymous_0)
FN:9,(anonymous_1)
FN:10,(anonymous_2)
FNF:3
FNH:0
FNDA:0,(anonymous_0)
FNDA:0,(anonymous_1)
FNDA:0,(anonymous_2)
DA:5,0
DA:9,0
DA:10,0
DA:13,0
LF:4
LH:0
BRDA:6,0,0,0
BRDA:6,0,1,0
BRF:2
BRH:0
end_of_record
TN:
SF:/Users/bbreg/Documents/fdk-portal/src/pages/datasets-report-page/datasets-report-page.jsx
FN:14,DatasetsReportPage
FN:20,selectPublisher
FN:37,clearSearch
FNF:3
FNH:0
FNDA:0,DatasetsReportPage
FNDA:0,selectPublisher
FNDA:0,clearSearch
DA:21,0
DA:22,0
DA:25,0
DA:26,0
DA:34,0
DA:38,0
DA:41,0
DA:43,0
DA:44,0
DA:46,0
DA:80,0
DA:85,0
LF:12
LH:0
BRDA:21,0,0,0
BRDA:21,0,1,0
BRDA:50,1,0,0
BRDA:50,1,1,0
BRDA:71,2,0,0
BRDA:71,2,1,0
BRDA:72,3,0,0
BRDA:72,3,1,0
BRF:8
BRH:0
end_of_record
TN:
SF:/Users/bbreg/Documents/fdk-portal/src/pages/datasets-report-page/datasets-report-page.test.jsx
FN:5,(anonymous_0)
FN:9,(anonymous_1)
FNF:2
FNH:0
FNDA:0,(anonymous_0)
FNDA:0,(anonymous_1)
DA:5,0
DA:6,0
DA:12,0
LF:3
LH:0
BRF:0
BRH:0
end_of_record
TN:
SF:/Users/bbreg/Documents/fdk-portal/src/pages/datasets-report-page/filter-helper.js
FN:3,(anonymous_0)
FNF:1
FNH:0
FNDA:0,(anonymous_0)
DA:3,0
DA:4,0
DA:5,0
DA:7,0
LF:4
LH:0
BRDA:4,0,0,0
BRDA:4,0,1,0
BRF:2
BRH:0
end_of_record
TN:
SF:/Users/bbreg/Documents/fdk-portal/src/pages/datasets-report-page/publishers-select/publishers-select.component.jsx
FN:9,PublishersSelect
FNF:1
FNH:0
FNDA:0,PublishersSelect
DA:10,0
DA:15,0
DA:34,0
DA:39,0
LF:4
LH:0
BRF:0
BRH:0
end_of_record
TN:
SF:/Users/bbreg/Documents/fdk-portal/src/pages/datasets-report-page/publishers-select/publishers-select.component.test.jsx
FN:9,(anonymous_0)
FN:19,(anonymous_1)
FNF:2
FNH:0
FNDA:0,(anonymous_0)
FNDA:0,(anonymous_1)
DA:9,0
DA:10,0
DA:11,0
DA:16,0
DA:19,0
DA:20,0
LF:6
LH:0
BRF:0
BRH:0
end_of_record
TN:
SF:/Users/bbreg/Documents/fdk-portal/src/pages/datasets-report-page/publishers-tree/publishers-tree.component.jsx
FN:12,(anonymous_0)
FN:14,(anonymous_1)
FN:19,isItemCollapsed
FN:32,(anonymous_3)
FN:36,(anonymous_4)
FN:37,(anonymous_5)
FN:47,(anonymous_6)
FN:48,(anonymous_7)
FN:74,(anonymous_8)
FN:75,(anonymous_9)
FN:84,(anonymous_10)
FN:85,(anonymous_11)
FN:102,(anonymous_12)
FN:103,(anonymous_13)
FN:145,(anonymous_14)
FNF:15
FNH:0
FNDA:0,(anonymous_0)
FNDA:0,(anonymous_1)
FNDA:0,isItemCollapsed
FNDA:0,(anonymous_3)
FNDA:0,(anonymous_4)
FNDA:0,(anonymous_5)
FNDA:0,(anonymous_6)
FNDA:0,(anonymous_7)
FNDA:0,(anonymous_8)
FNDA:0,(anonymous_9)
FNDA:0,(anonymous_10)
FNDA:0,(anonymous_11)
FNDA:0,(anonymous_12)
FNDA:0,(anonymous_13)
FNDA:0,(anonymous_14)
DA:12,0
DA:13,0
DA:14,0
DA:17,0
DA:20,0
DA:21,0
DA:25,0
DA:26,0
DA:29,0
DA:32,0
DA:33,0
DA:34,0
DA:36,0
DA:37,0
DA:38,0
DA:41,0
DA:45,0
DA:47,0
DA:48,0
DA:55,0
DA:56,0
DA:57,0
DA:68,0
DA:74,0
DA:75,0
DA:84,0
DA:85,0
DA:86,0
DA:89,0
DA:91,0
DA:100,0
DA:102,0
DA:103,0
DA:110,0
DA:126,0
DA:127,0
DA:129,0
DA:132,0
DA:138,0
DA:144,0
DA:145,0
DA:148,0
DA:150,0
LF:43
LH:0
BRDA:20,0,0,0
BRDA:20,0,1,0
BRDA:25,1,0,0
BRDA:25,1,1,0
BRDA:34,2,0,0
BRDA:34,2,1,0
BRDA:56,3,0,0
BRDA:56,3,1,0
BRDA:56,4,0,0
BRDA:56,4,1,0
BRDA:72,5,0,0
BRDA:72,5,1,0
BRDA:91,6,0,0
BRDA:91,6,1,0
BRDA:91,7,0,0
BRDA:91,7,1,0
BRDA:91,7,2,0
BRDA:91,7,3,0
BRDA:91,7,4,0
BRDA:118,8,0,0
BRDA:118,8,1,0
BRDA:118,8,2,0
BRDA:126,9,0,0
BRDA:126,9,1,0
BRDA:126,10,0,0
BRDA:126,10,1,0
BRF:26
BRH:0
end_of_record
TN:
SF:/Users/bbreg/Documents/fdk-portal/src/pages/datasets-report-page/publishers-tree/publishers-tree.component.test.jsx
FN:10,(anonymous_0)
FN:21,(anonymous_1)
FNF:2
FNH:0
FNDA:0,(anonymous_0)
FNDA:0,(anonymous_1)
DA:10,0
DA:11,0
DA:13,0
DA:18,0
DA:21,0
DA:22,0
LF:6
LH:0
BRF:0
BRH:0
end_of_record
TN:
SF:/Users/bbreg/Documents/fdk-portal/src/pages/datasets-report-page/report-stats/connected-report-stats.jsx
FN:5,(anonymous_0)
FN:10,(anonymous_1)
FN:11,(anonymous_2)
FNF:3
FNH:0
FNDA:0,(anonymous_0)
FNDA:0,(anonymous_1)
FNDA:0,(anonymous_2)
DA:5,0
DA:10,0
DA:11,0
DA:14,0
LF:4
LH:0
BRDA:6,0,0,0
BRDA:6,0,1,0
BRDA:7,1,0,0
BRDA:7,1,1,0
BRF:4
BRH:0
end_of_record
TN:
SF:/Users/bbreg/Documents/fdk-portal/src/pages/datasets-report-page/report-stats/report-stats.component.jsx
FN:16,(anonymous_0)
FNF:1
FNH:0
FNDA:0,(anonymous_0)
DA:16,0
DA:26,0
DA:27,0
DA:28,0
DA:31,0
DA:32,0
DA:36,0
DA:39,0
DA:49,0
DA:185,0
DA:192,0
LF:11
LH:0
BRDA:31,0,0,0
BRDA:31,0,1,0
BRDA:33,1,0,0
BRDA:33,1,1,0
BRF:4
BRH:0
end_of_record
TN:
SF:/Users/bbreg/Documents/fdk-portal/src/pages/datasets-report-page/report-stats/report-stats.component.test.jsx
FN:11,(anonymous_0)
FN:23,(anonymous_1)
FNF:2
FNH:0
FNDA:0,(anonymous_0)
FNDA:0,(anonymous_1)
DA:11,0
DA:12,0
DA:20,0
DA:23,0
DA:24,0
LF:5
LH:0
BRF:0
BRH:0
end_of_record
TN:
SF:/Users/bbreg/Documents/fdk-portal/src/pages/datasets-report-page/report-stats/resolved-report-stats.jsx
FN:15,(anonymous_0)
FN:16,(anonymous_1)
FN:17,(anonymous_2)
FN:18,(anonymous_3)
FN:28,(anonymous_4)
FN:31,(anonymous_5)
FNF:6
FNH:0
FNDA:0,(anonymous_0)
FNDA:0,(anonymous_1)
FNDA:0,(anonymous_2)
FNDA:0,(anonymous_3)
FNDA:0,(anonymous_4)
FNDA:0,(anonymous_5)
DA:9,0
DA:10,0
DA:11,0
DA:12,0
DA:14,0
DA:15,0
DA:16,0
DA:17,0
DA:19,0
DA:20,0
DA:26,0
DA:28,0
DA:32,0
DA:33,0
DA:37,0
DA:43,0
LF:16
LH:0
BRF:0
BRH:0
end_of_record
TN:
SF:/Users/bbreg/Documents/fdk-portal/src/pages/datasets-report-page/report-stats/api-stats/api-stats.component.jsx
FN:9,(anonymous_0)
FN:98,(anonymous_1)
FNF:2
FNH:0
FNDA:0,(anonymous_0)
FNDA:0,(anonymous_1)
DA:9,0
DA:10,0
DA:12,0
DA:13,0
DA:16,0
DA:18,0
DA:21,0
DA:47,0
DA:73,0
DA:98,0
DA:99,0
DA:123,0
DA:135,0
DA:147,0
DA:152,0
LF:15
LH:0
BRDA:12,0,0,0
BRDA:12,0,1,0
BRDA:16,1,0,0
BRDA:16,1,1,0
BRDA:18,2,0,0
BRDA:18,2,1,0
BRDA:104,3,0,0
BRDA:104,3,1,0
BRF:8
BRH:0
end_of_record
TN:
SF:/Users/bbreg/Documents/fdk-portal/src/pages/datasets-report-page/report-stats/chart-bar/chart-bar.component.jsx
FN:8,(anonymous_0)
FN:25,(anonymous_1)
FNF:2
FNH:0
FNDA:0,(anonymous_0)
FNDA:0,(anonymous_1)
DA:8,0
DA:9,0
DA:10,0
DA:17,0
DA:26,0
DA:37,0
DA:43,0
LF:7
LH:0
BRF:0
BRH:0
end_of_record
TN:
SF:/Users/bbreg/Documents/fdk-portal/src/pages/datasets-report-page/report-stats/concept-stats/concept-stats.component.jsx
FN:12,(anonymous_0)
FN:30,(anonymous_1)
FN:31,(anonymous_2)
FN:54,(anonymous_3)
FNF:4
FNH:0
FNDA:0,(anonymous_0)
FNDA:0,(anonymous_1)
FNDA:0,(anonymous_2)
FNDA:0,(anonymous_3)
DA:12,0
DA:13,0
DA:15,0
DA:16,0
DA:20,0
DA:30,0
DA:31,0
DA:32,0
DA:44,0
DA:54,0
DA:55,0
DA:56,0
DA:81,0
DA:106,0
DA:115,0
DA:121,0
LF:16
LH:0
BRDA:15,0,0,0
BRDA:15,0,1,0
BRDA:62,1,0,0
BRDA:62,1,1,0
BRDA:82,2,0,0
BRDA:82,2,1,0
BRDA:91,3,0,0
BRDA:91,3,1,0
BRF:8
BRH:0
end_of_record
TN:
SF:/Users/bbreg/Documents/fdk-portal/src/pages/datasets-report-page/report-stats/dataset-stats/dataset-stats.component.jsx
FN:13,(anonymous_0)
FN:24,(anonymous_1)
FN:38,(anonymous_2)
FN:337,(anonymous_3)
FNF:4
FNH:0
FNDA:0,(anonymous_0)
FNDA:0,(anonymous_1)
FNDA:0,(anonymous_2)
FNDA:0,(anonymous_3)
DA:13,0
DA:14,0
DA:15,0
DA:16,0
DA:18,0
DA:19,0
DA:21,0
DA:24,0
DA:25,0
DA:26,0
DA:27,0
DA:29,0
DA:30,0
DA:32,0
DA:33,0
DA:35,0
DA:38,0
DA:39,0
DA:41,0
DA:42,0
DA:45,0
DA:47,0
DA:50,0
DA:123,0
DA:147,0
DA:277,0
DA:291,0
DA:296,0
DA:337,0
DA:338,0
DA:360,0
DA:382,0
DA:394,0
DA:402,0
LF:34
LH:0
BRDA:15,0,0,0
BRDA:15,0,1,0
BRDA:18,1,0,0
BRDA:18,1,1,0
BRDA:26,2,0,0
BRDA:26,2,1,0
BRDA:29,3,0,0
BRDA:29,3,1,0
BRDA:29,4,0,0
BRDA:29,4,1,0
BRDA:32,5,0,0
BRDA:32,5,1,0
BRDA:32,6,0,0
BRDA:32,6,1,0
BRDA:41,7,0,0
BRDA:41,7,1,0
BRDA:45,8,0,0
BRDA:45,8,1,0
BRDA:47,9,0,0
BRDA:47,9,1,0
BRDA:311,10,0,0
BRDA:311,10,1,0
BRDA:311,10,2,0
BRDA:361,11,0,0
BRDA:361,11,1,0
BRF:25
BRH:0
end_of_record
TN:
SF:/Users/bbreg/Documents/fdk-portal/src/pages/datasets-report-page/report-stats/stat-box/stat-box.component.jsx
FN:11,(anonymous_0)
FN:13,(anonymous_1)
FN:71,(anonymous_2)
FNF:3
FNH:0
FNDA:0,(anonymous_0)
FNDA:0,(anonymous_1)
FNDA:0,(anonymous_2)
DA:10,0
DA:11,0
DA:13,0
DA:24,0
DA:26,0
DA:36,0
DA:58,0
DA:62,0
DA:72,0
DA:100,0
DA:112,0
LF:11
LH:0
BRDA:64,0,0,0
BRDA:64,0,1,0
BRDA:82,1,0,0
BRDA:82,1,1,0
BRDA:82,1,2,0
BRF:5
BRH:0
end_of_record
TN:
SF:/Users/bbreg/Documents/fdk-portal/src/pages/informationmodel-details-page/connected-information-model-details-page.jsx
FN:5,(anonymous_0)
FN:15,(anonymous_1)
FN:16,(anonymous_2)
FNF:3
FNH:0
FNDA:0,(anonymous_0)
FNDA:0,(anonymous_1)
FNDA:0,(anonymous_2)
DA:5,0
DA:6,0
DA:10,0
DA:15,0
DA:16,0
DA:19,0
LF:6
LH:0
BRDA:6,0,0,0
BRDA:6,0,1,0
BRF:2
BRH:0
end_of_record
TN:
SF:/Users/bbreg/Documents/fdk-portal/src/pages/informationmodel-details-page/information-model-details-page.jsx
FN:16,(anonymous_0)
FN:28,(anonymous_1)
FN:45,(anonymous_2)
FN:58,(anonymous_3)
FN:62,(anonymous_4)
FN:63,(anonymous_5)
FN:84,(anonymous_6)
FN:103,getSchema
FN:108,(anonymous_8)
FN:174,(anonymous_9)
FNF:10
FNH:0
FNDA:0,(anonymous_0)
FNDA:0,(anonymous_1)
FNDA:0,(anonymous_2)
FNDA:0,(anonymous_3)
FNDA:0,(anonymous_4)
FNDA:0,(anonymous_5)
FNDA:0,(anonymous_6)
FNDA:0,getSchema
FNDA:0,(anonymous_8)
FNDA:0,(anonymous_9)
DA:16,0
DA:17,0
DA:18,0
DA:21,0
DA:28,0
DA:29,0
DA:32,0
DA:33,0
DA:38,0
DA:42,0
DA:45,0
DA:46,0
DA:47,0
DA:50,0
DA:58,0
DA:59,0
DA:60,0
DA:62,0
DA:63,0
DA:64,0
DA:77,0
DA:84,0
DA:85,0
DA:87,0
DA:88,0
DA:93,0
DA:94,0
DA:100,0
DA:104,0
DA:105,0
DA:108,0
DA:114,0
DA:116,0
DA:117,0
DA:120,0
DA:125,0
DA:171,0
DA:178,0
LF:38
LH:0
BRDA:17,0,0,0
BRDA:17,0,1,0
BRDA:32,1,0,0
BRDA:32,1,1,0
BRDA:32,2,0,0
BRDA:32,2,1,0
BRDA:46,3,0,0
BRDA:46,3,1,0
BRDA:59,4,0,0
BRDA:59,4,1,0
BRDA:59,5,0,0
BRDA:59,5,1,0
BRDA:87,6,0,0
BRDA:87,6,1,0
BRDA:93,7,0,0
BRDA:93,7,1,0
BRDA:116,8,0,0
BRDA:116,8,1,0
BRF:18
BRH:0
end_of_record
TN:
SF:/Users/bbreg/Documents/fdk-portal/src/pages/informationmodel-details-page/information-model-details-page.test.jsx
FN:8,(anonymous_0)
FN:19,(anonymous_1)
FN:24,(anonymous_2)
FNF:3
FNH:0
FNDA:0,(anonymous_0)
FNDA:0,(anonymous_1)
FNDA:0,(anonymous_2)
DA:8,0
DA:9,0
DA:11,0
DA:16,0
DA:19,0
DA:20,0
DA:21,0
DA:24,0
DA:25,0
LF:9
LH:0
BRF:0
BRH:0
end_of_record
TN:
SF:/Users/bbreg/Documents/fdk-portal/src/pages/informationmodel-details-page/resolved-information-model-details-page.jsx
FN:7,(anonymous_0)
FN:10,(anonymous_1)
FN:16,(anonymous_2)
FN:18,(anonymous_3)
FNF:4
FNH:0
FNDA:0,(anonymous_0)
FNDA:0,(anonymous_1)
FNDA:0,(anonymous_2)
FNDA:0,(anonymous_3)
DA:7,0
DA:8,0
DA:10,0
DA:12,0
DA:13,0
DA:15,0
DA:17,0
DA:19,0
DA:23,0
DA:25,0
DA:29,0
LF:11
LH:0
BRF:0
BRH:0
end_of_record
TN:
SF:/Users/bbreg/Documents/fdk-portal/src/pages/informationmodel-details-page/model-component/model-component.component.jsx
FN:19,(anonymous_0)
FN:24,(anonymous_1)
FN:39,(anonymous_2)
FN:67,(anonymous_3)
FN:93,(anonymous_4)
FN:142,(anonymous_5)
FN:146,(anonymous_6)
FN:146,(anonymous_7)
FNF:8
FNH:0
FNDA:0,(anonymous_0)
FNDA:0,(anonymous_1)
FNDA:0,(anonymous_2)
FNDA:0,(anonymous_3)
FNDA:0,(anonymous_4)
FNDA:0,(anonymous_5)
FNDA:0,(anonymous_6)
FNDA:0,(anonymous_7)
DA:17,0
DA:19,0
DA:20,0
DA:21,0
DA:24,0
DA:25,0
DA:27,0
DA:39,0
DA:40,0
DA:41,0
DA:51,0
DA:67,0
DA:68,0
DA:69,0
DA:87,0
DA:88,0
DA:90,0
DA:93,0
DA:94,0
DA:96,0
DA:97,0
DA:100,0
DA:101,0
DA:102,0
DA:103,0
DA:104,0
DA:106,0
DA:117,0
DA:131,0
DA:136,0
DA:141,0
DA:142,0
DA:146,0
DA:150,0
DA:151,0
LF:35
LH:0
BRDA:20,0,0,0
BRDA:20,0,1,0
BRDA:40,1,0,0
BRDA:40,1,1,0
BRDA:68,2,0,0
BRDA:68,2,1,0
BRDA:87,3,0,0
BRDA:87,3,1,0
BRDA:87,4,0,0
BRDA:87,4,1,0
BRDA:96,5,0,0
BRDA:96,5,1,0
BRDA:142,6,0,0
BRF:13
BRH:0
end_of_record
TN:
SF:/Users/bbreg/Documents/fdk-portal/src/pages/informationmodel-details-page/model-component/model-component.test.jsx
FN:8,(anonymous_0)
FN:13,(anonymous_1)
FNF:2
FNH:0
FNDA:0,(anonymous_0)
FNDA:0,(anonymous_1)
DA:6,0
DA:8,0
DA:9,0
DA:10,0
DA:13,0
DA:14,0
DA:18,0
DA:19,0
LF:8
LH:0
BRF:0
BRH:0
end_of_record
TN:
SF:/Users/bbreg/Documents/fdk-portal/src/pages/informationmodel-details-page/model-component/model-component-property/model-component-property.component.jsx
FN:9,(anonymous_0)
FN:25,(anonymous_1)
FN:35,(anonymous_2)
FNF:3
FNH:0
FNDA:0,(anonymous_0)
FNDA:0,(anonymous_1)
FNDA:0,(anonymous_2)
DA:7,0
DA:9,0
DA:10,0
DA:25,0
DA:26,0
DA:28,0
DA:29,0
DA:32,0
DA:34,0
DA:35,0
DA:36,0
DA:37,0
DA:38,0
DA:41,0
DA:42,0
DA:43,0
DA:44,0
DA:47,0
DA:59,0
DA:66,0
LF:20
LH:0
BRDA:28,0,0,0
BRDA:28,0,1,0
BRDA:34,1,0,0
BRDA:34,1,1,0
BRDA:37,2,0,0
BRDA:37,2,1,0
BRDA:41,3,0,0
BRDA:41,3,1,0
BRDA:43,4,0,0
BRDA:43,4,1,0
BRF:10
BRH:0
end_of_record
TN:
SF:/Users/bbreg/Documents/fdk-portal/src/pages/informationmodel-details-page/model-component/model-component-property/model-component-property.component.test.jsx
FN:5,(anonymous_0)
FNF:1
FNH:0
FNDA:0,(anonymous_0)
DA:5,0
DA:6,0
DA:12,0
DA:13,0
LF:4
LH:0
BRF:0
BRH:0
end_of_record
TN:
SF:/Users/bbreg/Documents/fdk-portal/src/pages/informationmodel-details-page/structure/structure.component.jsx
FN:7,(anonymous_0)
FN:8,(anonymous_1)
FN:14,(anonymous_2)
FNF:3
FNH:0
FNDA:0,(anonymous_0)
FNDA:0,(anonymous_1)
FNDA:0,(anonymous_2)
DA:7,0
DA:8,0
DA:9,0
DA:14,0
DA:15,0
DA:16,0
DA:19,0
DA:37,0
DA:41,0
LF:9
LH:0
BRDA:15,0,0,0
BRDA:15,0,1,0
BRF:2
BRH:0
end_of_record
TN:
SF:/Users/bbreg/Documents/fdk-portal/src/pages/informationmodel-details-page/structure/structure.component.test.jsx
FN:8,(anonymous_0)
FNF:1
FNH:0
FNDA:0,(anonymous_0)
DA:6,0
DA:8,0
DA:9,0
DA:10,0
LF:4
LH:0
BRF:0
BRH:0
end_of_record
TN:
SF:/Users/bbreg/Documents/fdk-portal/src/pages/search-page/connected-search-page.jsx
FN:14,(anonymous_0)
FN:81,(anonymous_1)
FN:82,(anonymous_2)
FN:83,(anonymous_3)
FN:84,(anonymous_4)
FN:85,(anonymous_5)
FN:86,(anonymous_6)
FN:88,(anonymous_7)
FN:89,(anonymous_8)
FN:90,(anonymous_9)
FNF:10
FNH:0
FNDA:0,(anonymous_0)
FNDA:0,(anonymous_1)
FNDA:0,(anonymous_2)
FNDA:0,(anonymous_3)
FNDA:0,(anonymous_4)
FNDA:0,(anonymous_5)
FNDA:0,(anonymous_6)
FNDA:0,(anonymous_7)
FNDA:0,(anonymous_8)
FNDA:0,(anonymous_9)
DA:14,0
DA:24,0
DA:30,0
DA:36,0
DA:46,0
DA:52,0
DA:56,0
DA:60,0
DA:81,0
DA:82,0
DA:83,0
DA:84,0
DA:85,0
DA:87,0
DA:88,0
DA:89,0
DA:91,0
DA:94,0
LF:18
LH:0
BRDA:24,0,0,0
BRDA:24,0,1,0
BRDA:30,1,0,0
BRDA:30,1,1,0
BRDA:36,2,0,0
BRDA:36,2,1,0
BRDA:46,3,0,0
BRDA:46,3,1,0
BRDA:52,4,0,0
BRDA:52,4,1,0
BRDA:56,5,0,0
BRDA:56,5,1,0
BRF:12
BRH:0
end_of_record
TN:
SF:/Users/bbreg/Documents/fdk-portal/src/pages/search-page/los-aggregations-helper.js
FN:3,(anonymous_0)
FN:7,(anonymous_1)
FNF:2
FNH:0
FNDA:0,(anonymous_0)
FNDA:0,(anonymous_1)
DA:3,0
DA:4,0
DA:5,0
DA:7,0
DA:8,0
LF:5
LH:0
BRDA:4,0,0,0
BRDA:4,0,1,0
BRDA:8,1,0,0
BRDA:8,1,1,0
BRF:4
BRH:0
end_of_record
TN:
SF:/Users/bbreg/Documents/fdk-portal/src/pages/search-page/search-location-helper.js
FN:25,(anonymous_0)
FN:35,(anonymous_1)
FN:51,(anonymous_2)
FN:61,(anonymous_3)
FN:66,(anonymous_4)
FN:77,(anonymous_5)
FN:92,(anonymous_6)
FN:94,(anonymous_7)
FN:106,(anonymous_8)
FNF:9
FNH:0
FNDA:0,(anonymous_0)
FNDA:0,(anonymous_1)
FNDA:0,(anonymous_2)
FNDA:0,(anonymous_3)
FNDA:0,(anonymous_4)
FNDA:0,(anonymous_5)
FNDA:0,(anonymous_6)
FNDA:0,(anonymous_7)
FNDA:0,(anonymous_8)
DA:25,0
DA:26,0
DA:30,0
DA:31,0
DA:32,0
DA:35,0
DA:36,0
DA:42,0
DA:48,0
DA:51,0
DA:52,0
DA:57,0
DA:58,0
DA:61,0
DA:62,0
DA:66,0
DA:67,0
DA:73,0
DA:74,0
DA:77,0
DA:84,0
DA:85,0
DA:86,0
DA:89,0
DA:92,0
DA:94,0
DA:95,0
DA:101,0
DA:103,0
DA:106,0
DA:107,0
DA:112,0
DA:114,0
LF:33
LH:0
BRDA:44,0,0,0
BRDA:44,0,1,0
BRDA:86,1,0,0
BRDA:86,1,1,0
BRF:4
BRH:0
end_of_record
TN:
SF:/Users/bbreg/Documents/fdk-portal/src/pages/search-page/search-page.jsx
FN:40,(anonymous_0)
FN:100,(anonymous_1)
FN:104,(anonymous_2)
FN:110,(anonymous_3)
FN:122,(anonymous_4)
FN:132,(anonymous_5)
FN:144,(anonymous_6)
FN:150,(anonymous_7)
FN:156,(anonymous_8)
FN:292,(anonymous_9)
FN:292,(anonymous_10)
FN:296,(anonymous_11)
FN:296,(anonymous_12)
FNF:13
FNH:0
FNDA:0,(anonymous_0)
FNDA:0,(anonymous_1)
FNDA:0,(anonymous_2)
FNDA:0,(anonymous_3)
FNDA:0,(anonymous_4)
FNDA:0,(anonymous_5)
FNDA:0,(anonymous_6)
FNDA:0,(anonymous_7)
FNDA:0,(anonymous_8)
FNDA:0,(anonymous_9)
FNDA:0,(anonymous_10)
FNDA:0,(anonymous_11)
FNDA:0,(anonymous_12)
DA:38,0
DA:40,0
DA:70,0
DA:72,0
DA:73,0
DA:76,0
DA:80,0
DA:82,0
DA:86,0
DA:90,0
DA:91,0
[...]
FN:73,(anonymous_4)
FN:88,_renderFilterModal
FN:122,(anonymous_6)
FN:151,(anonymous_7)
FN:154,(anonymous_8)
FN:158,(anonymous_9)
FNF:10
FNH:0
FNDA:0,_renderCompareTerms
FNDA:0,(anonymous_1)
FNDA:0,(anonymous_2)
FNDA:0,_renderTerms
FNDA:0,(anonymous_4)
FNDA:0,_renderFilterModal
FNDA:0,(anonymous_6)
FNDA:0,(anonymous_7)
FNDA:0,(anonymous_8)
FNDA:0,(anonymous_9)
DA:26,0
DA:27,0
DA:28,0
DA:29,0
DA:30,0
DA:31,0
DA:33,0
DA:36,0
DA:47,0
DA:48,0
DA:62,0
DA:71,0
DA:72,0
DA:74,0
DA:85,0
DA:96,0
DA:122,0
DA:138,0
DA:140,0
DA:141,0
DA:143,0
DA:144,0
DA:147,0
DA:151,0
DA:152,0
DA:154,0
DA:155,0
DA:158,0
DA:159,0
DA:160,0
DA:163,0
DA:258,0
DA:281,0
DA:303,0
LF:34
LH:0
BRDA:33,0,0,0
BRDA:33,0,1,0
BRDA:47,1,0,0
BRDA:47,1,1,0
BRDA:47,2,0,0
BRDA:47,2,1,0
BRDA:71,3,0,0
BRDA:71,3,1,0
BRDA:71,4,0,0
BRDA:71,4,1,0
BRDA:74,5,0,0
BRDA:74,5,1,0
BRDA:140,6,0,0
BRDA:140,6,1,0
BRDA:141,7,0,0
BRDA:141,7,1,0
BRDA:201,8,0,0
BRDA:201,8,1,0
BRF:18
BRH:0
end_of_record
TN:
SF:/Users/bbreg/Documents/fdk-portal/src/pages/search-page/results-concepts/results-concepts.component.test.jsx
FN:11,(anonymous_0)
FN:16,(anonymous_1)
FNF:2
FNH:0
FNDA:0,(anonymous_0)
FNDA:0,(anonymous_1)
DA:11,0
DA:12,0
DA:13,0
DA:16,0
DA:17,0
DA:23,0
DA:24,0
LF:7
LH:0
BRF:0
BRH:0
end_of_record
TN:
SF:/Users/bbreg/Documents/fdk-portal/src/pages/search-page/results-concepts/compare-terms/compare-terms.component.jsx
FN:9,(anonymous_0)
FN:20,(anonymous_1)
FNF:2
FNH:0
FNDA:0,(anonymous_0)
FNDA:0,(anonymous_1)
DA:9,0
DA:10,0
DA:11,0
DA:12,0
DA:13,0
DA:21,0
DA:34,0
DA:40,0
LF:8
LH:0
BRDA:29,0,0,0
BRDA:29,0,1,0
BRF:2
BRH:0
end_of_record
TN:
SF:/Users/bbreg/Documents/fdk-portal/src/pages/search-page/results-concepts/compare-terms/compare-terms.component.test.jsx
FN:9,(anonymous_0)
FN:22,(anonymous_1)
FN:26,(anonymous_2)
FNF:3
FNH:0
FNDA:0,(anonymous_0)
FNDA:0,(anonymous_1)
FNDA:0,(anonymous_2)
DA:9,0
DA:10,0
DA:11,0
DA:19,0
DA:22,0
DA:23,0
DA:26,0
DA:27,0
DA:28,0
LF:9
LH:0
BRF:0
BRH:0
end_of_record
TN:
SF:/Users/bbreg/Documents/fdk-portal/src/pages/search-page/results-concepts/concepts-hit-item/concepts-hit-item.component.jsx
FN:21,(anonymous_0)
FN:31,(anonymous_1)
FN:44,(anonymous_2)
FN:55,(anonymous_3)
FN:98,(anonymous_4)
FN:114,(anonymous_5)
FN:132,(anonymous_6)
FN:156,(anonymous_7)
FN:171,(anonymous_8)
FN:183,(anonymous_9)
FNF:10
FNH:0
FNDA:0,(anonymous_0)
FNDA:0,(anonymous_1)
FNDA:0,(anonymous_2)
FNDA:0,(anonymous_3)
FNDA:0,(anonymous_4)
FNDA:0,(anonymous_5)
FNDA:0,(anonymous_6)
FNDA:0,(anonymous_7)
FNDA:0,(anonymous_8)
FNDA:0,(anonymous_9)
DA:21,0
DA:27,0
DA:28,0
DA:32,0
DA:41,0
DA:45,0
DA:55,0
DA:62,0
DA:63,0
DA:66,0
DA:68,0
DA:98,0
DA:99,0
DA:100,0
DA:103,0
DA:114,0
DA:115,0
DA:116,0
DA:118,0
DA:119,0
DA:120,0
DA:122,0
DA:132,0
DA:133,0
DA:134,0
DA:143,0
DA:144,0
DA:147,0
DA:157,0
DA:171,0
DA:178,0
DA:179,0
DA:180,0
DA:181,0
DA:183,0
DA:187,0
DA:188,0
DA:190,0
DA:191,0
DA:193,0
DA:199,0
DA:245,0
DA:252,0
LF:43
LH:0
BRDA:27,0,0,0
BRDA:27,0,1,0
BRDA:60,1,0,0
BRDA:62,2,0,0
BRDA:62,2,1,0
BRDA:77,3,0,0
BRDA:77,3,1,0
BRDA:82,4,0,0
BRDA:82,4,1,0
BRDA:82,4,2,0
BRDA:89,5,0,0
BRDA:89,5,1,0
BRDA:99,6,0,0
BRDA:99,6,1,0
BRDA:115,7,0,0
BRDA:115,7,1,0
BRDA:119,8,0,0
BRDA:119,8,1,0
BRDA:119,9,0,0
BRDA:119,9,1,0
BRDA:132,10,0,0
BRDA:132,11,0,0
BRDA:133,12,0,0
BRDA:133,12,1,0
BRDA:143,13,0,0
BRDA:143,13,1,0
BRDA:151,14,0,0
BRDA:151,14,1,0
BRDA:158,15,0,0
BRDA:158,15,1,0
BRDA:160,16,0,0
BRDA:160,16,1,0
BRDA:161,17,0,0
BRDA:161,17,1,0
BRDA:180,18,0,0
BRDA:180,18,1,0
BRDA:226,19,0,0
BRDA:226,19,1,0
BRDA:226,19,2,0
BRDA:227,20,0,0
BRDA:227,20,1,0
BRDA:228,21,0,0
BRDA:228,21,1,0
BRDA:233,22,0,0
BRDA:233,22,1,0
BRF:45
BRH:0
end_of_record
TN:
SF:/Users/bbreg/Documents/fdk-portal/src/pages/search-page/results-concepts/concepts-hit-item/concepts-hit-item.test.jsx
FN:16,(anonymous_0)
FN:26,(anonymous_1)
FN:30,(anonymous_2)
FN:40,(anonymous_3)
FNF:4
FNH:0
FNDA:0,(anonymous_0)
FNDA:0,(anonymous_1)
FNDA:0,(anonymous_2)
FNDA:0,(anonymous_3)
DA:10,0
DA:16,0
DA:17,0
DA:18,0
DA:23,0
DA:26,0
DA:27,0
DA:30,0
DA:31,0
DA:32,0
DA:35,0
DA:40,0
DA:41,0
DA:49,0
DA:50,0
DA:51,0
LF:16
LH:0
BRF:0
BRH:0
end_of_record
TN:
SF:/Users/bbreg/Documents/fdk-portal/src/pages/search-page/results-dataset/results-dataset.component.jsx
FN:24,_renderFilterModal
FN:111,_renderHits
FN:113,(anonymous_2)
FN:122,(anonymous_3)
FN:153,(anonymous_4)
FN:156,(anonymous_5)
FN:160,(anonymous_6)
FN:165,(anonymous_7)
FN:174,(anonymous_8)
FNF:9
FNH:0
FNDA:0,_renderFilterModal
FNDA:0,_renderHits
FNDA:0,(anonymous_2)
FNDA:0,(anonymous_3)
FNDA:0,(anonymous_4)
FNDA:0,(anonymous_5)
FNDA:0,(anonymous_6)
FNDA:0,(anonymous_7)
FNDA:0,(anonymous_8)
DA:38,0
DA:39,0
DA:41,0
DA:112,0
DA:113,0
DA:114,0
DA:119,0
DA:122,0
DA:140,0
DA:142,0
DA:143,0
DA:145,0
DA:146,0
DA:149,0
DA:153,0
DA:154,0
DA:156,0
DA:157,0
DA:160,0
DA:161,0
DA:162,0
DA:165,0
DA:166,0
DA:167,0
DA:168,0
DA:169,0
DA:171,0
DA:174,0
DA:175,0
DA:181,0
DA:182,0
DA:184,0
DA:348,0
DA:371,0
DA:394,0
LF:35
LH:0
BRDA:56,0,0,0
BRDA:56,0,1,0
BRDA:66,1,0,0
BRDA:66,1,1,0
BRDA:112,2,0,0
BRDA:112,2,1,0
BRDA:112,3,0,0
BRDA:112,3,1,0
BRDA:142,4,0,0
BRDA:142,4,1,0
BRDA:143,5,0,0
BRDA:143,5,1,0
BRDA:167,6,0,0
BRDA:167,6,1,0
BRDA:171,7,0,0
BRDA:171,7,1,0
BRDA:175,8,0,0
BRDA:175,8,1,0
BRDA:175,9,0,0
BRDA:175,9,1,0
BRDA:223,10,0,0
BRDA:223,10,1,0
BRDA:223,10,2,0
BRDA:251,11,0,0
BRDA:251,11,1,0
BRDA:261,12,0,0
BRDA:261,12,1,0
BRF:27
BRH:0
end_of_record
TN:
SF:/Users/bbreg/Documents/fdk-portal/src/pages/search-page/results-dataset/results-dataset.component.test.jsx
FN:11,(anonymous_0)
FN:16,(anonymous_1)
FNF:2
FNH:0
FNDA:0,(anonymous_0)
FNDA:0,(anonymous_1)
DA:11,0
DA:12,0
DA:13,0
DA:16,0
DA:17,0
DA:22,0
DA:23,0
LF:7
LH:0
BRF:0
BRH:0
end_of_record
TN:
SF:/Users/bbreg/Documents/fdk-portal/src/pages/search-page/results-dataset/search-hit-item/search-hit-item.component.jsx
FN:14,(anonymous_0)
FN:17,(anonymous_1)
FN:19,(anonymous_2)
FN:56,(anonymous_3)
FN:99,(anonymous_4)
FN:111,(anonymous_5)
FNF:6
FNH:0
FNDA:0,(anonymous_0)
FNDA:0,(anonymous_1)
FNDA:0,(anonymous_2)
FNDA:0,(anonymous_3)
FNDA:0,(anonymous_4)
FNDA:0,(anonymous_5)
DA:14,0
DA:15,0
DA:17,0
DA:18,0
DA:19,0
DA:21,0
DA:22,0
DA:23,0
DA:27,0
DA:32,0
DA:33,0
DA:35,0
DA:38,0
DA:39,0
DA:41,0
DA:43,0
DA:46,0
DA:47,0
DA:53,0
DA:56,0
DA:57,0
DA:58,0
DA:61,0
DA:68,0
DA:70,0
DA:71,0
DA:72,0
DA:74,0
DA:76,0
DA:77,0
DA:78,0
DA:80,0
DA:82,0
DA:83,0
DA:84,0
DA:86,0
DA:88,0
DA:91,0
DA:99,0
DA:100,0
DA:101,0
DA:102,0
DA:108,0
DA:111,0
DA:112,0
DA:114,0
DA:115,0
DA:116,0
DA:117,0
DA:119,0
DA:120,0
DA:122,0
DA:124,0
DA:165,0
DA:170,0
LF:55
LH:0
BRDA:23,0,0,0
BRDA:23,0,1,0
BRDA:24,1,0,0
BRDA:24,1,1,0
BRDA:24,1,2,0
BRDA:24,1,3,0
BRDA:32,2,0,0
BRDA:32,2,1,0
BRDA:38,3,0,0
BRDA:38,3,1,0
BRDA:38,4,0,0
BRDA:38,4,1,0
BRDA:46,5,0,0
BRDA:46,5,1,0
BRDA:46,6,0,0
BRDA:46,6,1,0
BRDA:57,7,0,0
BRDA:57,7,1,0
BRDA:61,8,0,0
BRDA:61,8,1,0
BRDA:68,9,0,0
BRDA:68,9,1,0
BRDA:68,9,2,0
BRDA:68,9,3,0
BRDA:101,10,0,0
BRDA:101,10,1,0
BRDA:101,11,0,0
BRDA:101,11,1,0
BRDA:114,12,0,0
BRDA:114,12,1,0
BRDA:115,13,0,0
BRDA:115,13,1,0
BRDA:119,14,0,0
BRDA:119,14,1,0
BRDA:119,15,0,0
BRDA:119,15,1,0
BRF:36
BRH:0
end_of_record
TN:
SF:/Users/bbreg/Documents/fdk-portal/src/pages/search-page/results-dataset/search-hit-item/search-hit-item.component.test.jsx
FN:10,(anonymous_0)
FNF:1
FNH:0
FNDA:0,(anonymous_0)
DA:7,0
DA:10,0
DA:11,0
DA:12,0
DA:13,0
LF:5
LH:0
BRF:0
BRH:0
end_of_record
TN:
SF:/Users/bbreg/Documents/fdk-portal/src/pages/search-page/results-informationmodel/results-informationmodel.component.jsx
FN:16,(anonymous_0)
FN:45,(anonymous_1)
FN:47,(anonymous_2)
FN:59,(anonymous_3)
FN:84,(anonymous_4)
FN:87,(anonymous_5)
FN:90,(anonymous_6)
FNF:7
FNH:0
FNDA:0,(anonymous_0)
FNDA:0,(anonymous_1)
FNDA:0,(anonymous_2)
FNDA:0,(anonymous_3)
FNDA:0,(anonymous_4)
FNDA:0,(anonymous_5)
FNDA:0,(anonymous_6)
DA:16,0
DA:24,0
DA:45,0
DA:46,0
DA:47,0
DA:48,0
DA:56,0
DA:59,0
DA:72,0
DA:73,0
DA:74,0
DA:76,0
DA:77,0
DA:80,0
DA:84,0
DA:85,0
DA:87,0
DA:88,0
DA:90,0
DA:91,0
DA:92,0
DA:95,0
DA:179,0
DA:198,0
DA:216,0
LF:25
LH:0
BRDA:46,0,0,0
BRDA:46,0,1,0
BRDA:46,1,0,0
BRDA:46,1,1,0
BRDA:51,2,0,0
BRDA:51,2,1,0
BRDA:73,3,0,0
BRDA:73,3,1,0
BRDA:74,4,0,0
BRDA:74,4,1,0
BRDA:131,5,0,0
BRDA:131,5,1,0
BRF:12
BRH:0
end_of_record
TN:
SF:/Users/bbreg/Documents/fdk-portal/src/pages/search-page/results-informationmodel/results-informationmodel.component.test.jsx
FN:7,(anonymous_0)
FN:12,(anonymous_1)
FNF:2
FNH:0
FNDA:0,(anonymous_0)
FNDA:0,(anonymous_1)
DA:7,0
DA:8,0
DA:9,0
DA:12,0
DA:13,0
DA:21,0
DA:22,0
LF:7
LH:0
BRF:0
BRH:0
end_of_record
TN:
SF:/Users/bbreg/Documents/fdk-portal/src/pages/search-page/results-informationmodel/search-hit-item/search-hit-item.component.jsx
FN:11,(anonymous_0)
FN:34,(anonymous_1)
FNF:2
FNH:0
FNDA:0,(anonymous_0)
FNDA:0,(anonymous_1)
DA:11,0
DA:12,0
DA:13,0
DA:15,0
DA:16,0
DA:18,0
DA:34,0
DA:35,0
DA:37,0
DA:43,0
DA:54,0
DA:60,0
LF:12
LH:0
BRDA:12,0,0,0
BRDA:12,0,1,0
BRF:2
BRH:0
end_of_record
TN:
SF:/Users/bbreg/Documents/fdk-portal/src/pages/search-page/results-informationmodel/search-hit-item/search-hit-item.component.test.jsx
FN:8,(anonymous_0)
FN:13,(anonymous_1)
FNF:2
FNH:0
FNDA:0,(anonymous_0)
FNDA:0,(anonymous_1)
DA:8,0
DA:9,0
DA:10,0
DA:13,0
DA:14,0
DA:17,0
DA:18,0
LF:7
LH:0
BRF:0
BRH:0
end_of_record
TN:
SF:/Users/bbreg/Documents/fdk-portal/src/pages/search-page/results-tabs/results-tabs.component.jsx
FN:17,(anonymous_0)
FNF:1
FNH:0
FNDA:0,(anonymous_0)
DA:17,0
DA:24,0
DA:25,0
DA:100,0
DA:109,0
DA:118,0
LF:6
LH:0
BRF:0
BRH:0
end_of_record
TN:
SF:/Users/bbreg/Documents/fdk-portal/src/pages/search-page/results-tabs/results-tabs.component.test.jsx
FN:12,(anonymous_0)
FN:16,(anonymous_1)
FN:23,(anonymous_2)
FNF:3
FNH:0
FNDA:0,(anonymous_0)
FNDA:0,(anonymous_1)
FNDA:0,(anonymous_2)
DA:12,0
DA:13,0
DA:16,0
DA:17,0
DA:20,0
DA:23,0
DA:24,0
DA:27,0
LF:8
LH:0
BRF:0
BRH:0
end_of_record
TN:
SF:/Users/bbreg/Documents/fdk-portal/src/pages/search-page/search-box/search-box.component.jsx
FN:11,(anonymous_0)
FN:40,(anonymous_1)
FN:48,(anonymous_2)
FN:56,(anonymous_3)
FN:64,(anonymous_4)
FN:67,(anonymous_5)
FN:74,(anonymous_6)
FN:134,(anonymous_7)
FN:134,(anonymous_8)
FN:139,(anonymous_9)
FN:139,(anonymous_10)
FNF:11
FNH:0
FNDA:0,(anonymous_0)
FNDA:0,(anonymous_1)
FNDA:0,(anonymous_2)
FNDA:0,(anonymous_3)
FNDA:0,(anonymous_4)
FNDA:0,(anonymous_5)
FNDA:0,(anonymous_6)
FNDA:0,(anonymous_7)
FNDA:0,(anonymous_8)
FNDA:0,(anonymous_9)
FNDA:0,(anonymous_10)
DA:11,0
DA:24,0
DA:26,0
DA:41,0
DA:42,0
DA:49,0
DA:56,0
DA:65,0
DA:75,0
DA:76,0
DA:104,0
DA:116,0
DA:130,0
DA:134,0
DA:135,0
DA:136,0
DA:137,0
DA:139,0
DA:140,0
DA:141,0
DA:142,0
DA:143,0
DA:148,0
DA:149,0
LF:24
LH:0
BRDA:55,0,0,0
BRDA:55,0,1,0
BRDA:92,1,0,0
BRDA:92,1,1,0
BRDA:92,1,2,0
BRDA:92,1,3,0
BRF:6
BRH:0
end_of_record
TN:
SF:/Users/bbreg/Documents/fdk-portal/src/pages/search-page/search-box/search-box.component.test.jsx
FN:11,(anonymous_0)
FN:27,(anonymous_1)
FN:32,(anonymous_2)
FN:43,(anonymous_3)
FN:53,(anonymous_4)
FN:63,(anonymous_5)
FNF:6
FNH:0
FNDA:0,(anonymous_0)
FNDA:0,(anonymous_1)
FNDA:0,(anonymous_2)
FNDA:0,(anonymous_3)
FNDA:0,(anonymous_4)
FNDA:0,(anonymous_5)
DA:11,0
DA:12,0
DA:13,0
DA:14,0
DA:15,0
DA:16,0
DA:27,0
DA:28,0
DA:29,0
DA:32,0
DA:33,0
DA:37,0
DA:38,0
DA:39,0
DA:40,0
DA:43,0
DA:44,0
DA:48,0
DA:49,0
DA:50,0
DA:53,0
DA:54,0
DA:58,0
DA:59,0
DA:60,0
DA:63,0
DA:64,0
DA:65,0
DA:66,0
LF:29
LH:0
BRF:0
BRH:0
end_of_record
TN:
SF:/Users/bbreg/Documents/fdk-portal/src/pages/search-page/search-box/hits-stats/hits-stats.component.jsx
FN:6,(anonymous_0)
FNF:1
FNH:0
FNDA:0,(anonymous_0)
DA:6,0
DA:13,0
DA:16,0
DA:22,0
DA:25,0
DA:27,0
DA:29,0
DA:30,0
DA:31,0
DA:32,0
DA:34,0
DA:37,0
DA:40,0
DA:46,0
DA:47,0
DA:48,0
DA:49,0
DA:51,0
DA:54,0
DA:63,0
DA:72,0
DA:80,0
LF:22
LH:0
BRDA:16,0,0,0
BRDA:16,0,1,0
BRDA:17,1,0,0
BRDA:17,1,1,0
BRDA:17,1,2,0
BRDA:17,1,3,0
BRDA:27,2,0,0
BRDA:27,2,1,0
BRDA:29,3,0,0
BRDA:29,3,1,0
BRDA:31,4,0,0
BRDA:31,4,1,0
BRDA:40,5,0,0
BRDA:40,5,1,0
BRDA:40,5,2,0
BRDA:40,5,3,0
BRDA:46,6,0,0
BRDA:46,6,1,0
BRDA:48,7,0,0
BRDA:48,7,1,0
BRF:20
BRH:0
end_of_record
TN:
SF:/Users/bbreg/Documents/fdk-portal/src/pages/search-page/search-box/hits-stats/hits-stats.component.test.jsx
FN:5,(anonymous_0)
FN:15,(anonymous_1)
FN:25,(anonymous_2)
FNF:3
FNH:0
FNDA:0,(anonymous_0)
FNDA:0,(anonymous_1)
FNDA:0,(anonymous_2)
DA:5,0
DA:6,0
DA:11,0
DA:12,0
DA:15,0
DA:16,0
DA:21,0
DA:22,0
DA:25,0
DA:26,0
DA:31,0
DA:32,0
LF:12
LH:0
BRF:0
BRH:0
end_of_record
TN:
SF:/Users/bbreg/Documents/fdk-portal/src/redux/configureStore.js
FN:9,selectCompose
FN:13,configureStore
FN:30,(anonymous_2)
FNF:3
FNH:0
FNDA:0,selectCompose
FNDA:0,configureStore
FNDA:0,(anonymous_2)
DA:10,0
DA:14,0
DA:15,0
DA:16,0
DA:19,0
DA:21,0
DA:26,0
DA:27,0
DA:29,0
DA:30,0
DA:32,0
DA:36,0
LF:12
LH:0
BRDA:10,0,0,0
BRDA:10,0,1,0
BRDA:15,1,0,0
BRDA:15,1,1,0
BRDA:29,2,0,0
BRDA:29,2,1,0
BRF:6
BRH:0
end_of_record
TN:
SF:/Users/bbreg/Documents/fdk-portal/src/redux/fetchActions.js
FN:3,fetchActions
FNF:1
FNH:0
FNDA:0,fetchActions
DA:4,0
LF:1
LH:0
BRF:0
BRH:0
end_of_record
TN:
SF:/Users/bbreg/Documents/fdk-portal/src/redux/rootReducer.js
FNF:0
FNH:0
DA:12,0
LF:1
LH:0
BRF:0
BRH:0
end_of_record
TN:
SF:/Users/bbreg/Documents/fdk-portal/src/redux/modules/apis.js
FN:15,(anonymous_0)
FN:17,shouldFetch
FN:27,fetchApisIfNeededAction
FN:31,(anonymous_3)
FN:34,(anonymous_4)
FN:44,apisReducer
FNF:6
FNH:0
FNDA:0,(anonymous_0)
FNDA:0,shouldFetch
FNDA:0,fetchApisIfNeededAction
FNDA:0,(anonymous_3)
FNDA:0,(anonymous_4)
FNDA:0,apisReducer
DA:11,0
DA:12,0
DA:13,0
DA:15,0
DA:18,0
DA:19,0
DA:28,0
DA:29,0
DA:31,0
DA:32,0
DA:34,0
DA:42,0
DA:45,0
DA:47,0
DA:56,0
DA:68,0
DA:81,0
LF:17
LH:0
BRDA:20,0,0,0
BRDA:20,0,1,0
BRDA:20,0,2,0
BRDA:20,0,3,0
BRDA:22,1,0,0
BRDA:22,1,1,0
BRDA:32,2,0,0
BRDA:32,2,1,0
BRDA:44,3,0,0
BRDA:45,4,0,0
BRDA:45,4,1,0
BRDA:45,4,2,0
BRDA:45,4,3,0
BRF:13
BRH:0
end_of_record
TN:
SF:/Users/bbreg/Documents/fdk-portal/src/redux/modules/catalogs.js
FN:9,shouldFetch
FN:15,fetchCatalogsIfNeededAction
FN:16,(anonymous_2)
FN:19,(anonymous_3)
FN:31,catalogsReducer
FN:61,getCatalogs
FNF:6
FNH:0
FNDA:0,shouldFetch
FNDA:0,fetchCatalogsIfNeededAction
FNDA:0,(anonymous_2)
FNDA:0,(anonymous_3)
FNDA:0,catalogsReducer
FNDA:0,getCatalogs
DA:5,0
DA:6,0
DA:7,0
DA:10,0
DA:11,0
DA:12,0
DA:16,0
DA:17,0
DA:18,0
DA:19,0
DA:29,0
DA:32,0
DA:34,0
DA:41,0
DA:49,0
DA:57,0
DA:62,0
LF:17
LH:0
BRDA:11,0,0,0
BRDA:11,0,1,0
BRDA:12,1,0,0
BRDA:12,1,1,0
BRDA:17,2,0,0
BRDA:17,2,1,0
BRDA:31,3,0,0
BRDA:32,4,0,0
BRDA:32,4,1,0
BRDA:32,4,2,0
BRDA:32,4,3,0
BRF:11
BRH:0
end_of_record
TN:
SF:/Users/bbreg/Documents/fdk-portal/src/redux/modules/concepts.js
FN:18,(anonymous_0)
FN:20,shouldFetch
FN:30,fetchConceptsIfNeededAction
FN:34,(anonymous_3)
FN:37,(anonymous_4)
FN:45,fetchConceptReferencesAction
FN:49,(anonymous_6)
FN:52,(anonymous_7)
FN:62,conceptReducer
FNF:9
FNH:0
FNDA:0,(anonymous_0)
FNDA:0,shouldFetch
FNDA:0,fetchConceptsIfNeededAction
FNDA:0,(anonymous_3)
FNDA:0,(anonymous_4)
FNDA:0,fetchConceptReferencesAction
FNDA:0,(anonymous_6)
FNDA:0,(anonymous_7)
FNDA:0,conceptReducer
DA:11,0
DA:12,0
DA:13,0
DA:14,0
DA:15,0
DA:16,0
DA:18,0
DA:21,0
DA:22,0
DA:31,0
DA:32,0
DA:34,0
DA:35,0
DA:37,0
DA:46,0
DA:47,0
DA:49,0
DA:50,0
DA:52,0
DA:60,0
DA:63,0
DA:65,0
DA:74,0
DA:86,0
DA:99,0
DA:109,0
DA:119,0
DA:129,0
LF:28
LH:0
BRDA:23,0,0,0
BRDA:23,0,1,0
BRDA:23,0,2,0
BRDA:23,0,3,0
BRDA:25,1,0,0
BRDA:25,1,1,0
BRDA:35,2,0,0
BRDA:35,2,1,0
BRDA:50,3,0,0
BRDA:50,3,1,0
BRDA:62,4,0,0
BRDA:63,5,0,0
BRDA:63,5,1,0
BRDA:63,5,2,0
BRDA:63,5,3,0
BRDA:63,5,4,0
BRDA:63,5,5,0
BRDA:63,5,6,0
BRF:18
BRH:0
end_of_record
TN:
SF:/Users/bbreg/Documents/fdk-portal/src/redux/modules/conceptsCompare.js
FN:12,shouldFetch
FN:21,fetchConceptsToCompareIfNeededAction
FN:22,(anonymous_2)
FN:24,(anonymous_3)
FN:25,(anonymous_4)
FN:28,(anonymous_5)
FN:39,addConceptAction
FN:46,removeConceptAction
FN:58,conceptsCompareReducer
FN:106,(anonymous_9)
FNF:10
FNH:0
FNDA:0,shouldFetch
FNDA:0,fetchConceptsToCompareIfNeededAction
FNDA:0,(anonymous_2)
FNDA:0,(anonymous_3)
FNDA:0,(anonymous_4)
FNDA:0,(anonymous_5)
FNDA:0,addConceptAction
FNDA:0,removeConceptAction
FNDA:0,conceptsCompareReducer
FNDA:0,(anonymous_9)
DA:5,0
DA:6,0
DA:7,0
DA:9,0
DA:10,0
DA:13,0
DA:14,0
DA:22,0
DA:23,0
DA:24,0
DA:26,0
DA:27,0
DA:28,0
DA:40,0
DA:47,0
DA:53,0
DA:59,0
DA:61,0
DA:72,0
DA:83,0
DA:94,0
DA:105,0
DA:107,0
DA:108,0
DA:110,0
DA:114,0
LF:26
LH:0
BRDA:15,0,0,0
BRDA:15,0,1,0
BRDA:15,0,2,0
BRDA:17,1,0,0
BRDA:17,1,1,0
BRDA:26,2,0,0
BRDA:26,2,1,0
BRDA:58,3,0,0
BRDA:59,4,0,0
BRDA:59,4,1,0
BRDA:59,4,2,0
BRDA:59,4,3,0
BRDA:59,4,4,0
BRDA:59,4,5,0
BRDA:107,5,0,0
BRDA:107,5,1,0
BRF:16
BRH:0
end_of_record
TN:
SF:/Users/bbreg/Documents/fdk-portal/src/redux/modules/datasets.js
FN:16,(anonymous_0)
FN:18,shouldFetch
FN:28,fetchDatasetsIfNeededAction
FN:34,(anonymous_3)
FN:37,(anonymous_4)
FN:47,datasetsReducer
FNF:6
FNH:0
FNDA:0,(anonymous_0)
FNDA:0,shouldFetch
FNDA:0,fetchDatasetsIfNeededAction
FNDA:0,(anonymous_3)
FNDA:0,(anonymous_4)
FNDA:0,datasetsReducer
DA:12,0
DA:13,0
DA:14,0
DA:16,0
DA:19,0
DA:20,0
DA:29,0
DA:30,0
DA:34,0
DA:35,0
DA:37,0
DA:45,0
DA:48,0
DA:50,0
DA:59,0
DA:71,0
DA:84,0
LF:17
LH:0
BRDA:21,0,0,0
BRDA:21,0,1,0
BRDA:21,0,2,0
BRDA:21,0,3,0
BRDA:23,1,0,0
BRDA:23,1,1,0
BRDA:35,2,0,0
BRDA:35,2,1,0
BRDA:47,3,0,0
BRDA:48,4,0,0
BRDA:48,4,1,0
BRDA:48,4,2,0
BRDA:48,4,3,0
BRF:13
BRH:0
end_of_record
TN:
SF:/Users/bbreg/Documents/fdk-portal/src/redux/modules/informationModels.js
FN:15,shouldFetch
FN:25,fetchInformationModelsIfNeededAction
FN:28,(anonymous_2)
FN:32,(anonymous_3)
FN:47,informationModelsReducer
FNF:5
FNH:0
FNDA:0,shouldFetch
FNDA:0,fetchInformationModelsIfNeededAction
FNDA:0,(anonymous_2)
FNDA:0,(anonymous_3)
FNDA:0,informationModelsReducer
DA:11,0
DA:12,0
DA:13,0
DA:16,0
DA:17,0
DA:26,0
DA:28,0
DA:29,0
DA:32,0
DA:45,0
DA:48,0
DA:50,0
DA:59,0
DA:71,0
DA:84,0
LF:15
LH:0
BRDA:18,0,0,0
BRDA:18,0,1,0
BRDA:18,0,2,0
BRDA:18,0,3,0
BRDA:20,1,0,0
BRDA:20,1,1,0
BRDA:29,2,0,0
BRDA:29,2,1,0
BRDA:47,3,0,0
BRDA:48,4,0,0
BRDA:48,4,1,0
BRDA:48,4,2,0
BRDA:48,4,3,0
BRF:13
BRH:0
end_of_record
TN:
SF:/Users/bbreg/Documents/fdk-portal/src/redux/modules/publishers.js
FN:10,shouldFetch
FN:19,fetchPublishersIfNeededAction
FN:20,(anonymous_2)
FN:23,(anonymous_3)
FN:35,publishersReducer
FN:71,(anonymous_5)
FNF:6
FNH:0
FNDA:0,shouldFetch
FNDA:0,fetchPublishersIfNeededAction
FNDA:0,(anonymous_2)
FNDA:0,(anonymous_3)
FNDA:0,publishersReducer
FNDA:0,(anonymous_5)
DA:6,0
DA:7,0
DA:8,0
DA:11,0
DA:12,0
DA:20,0
DA:21,0
DA:22,0
DA:23,0
DA:33,0
DA:36,0
DA:38,0
DA:47,0
DA:57,0
DA:67,0
DA:71,0
DA:72,0
DA:73,0
DA:75,0
LF:19
LH:0
BRDA:13,0,0,0
BRDA:13,0,1,0
BRDA:13,0,2,0
BRDA:15,1,0,0
BRDA:15,1,1,0
BRDA:21,2,0,0
BRDA:21,2,1,0
BRDA:35,3,0,0
BRDA:36,4,0,0
BRDA:36,4,1,0
BRDA:36,4,2,0
BRDA:36,4,3,0
BRDA:72,5,0,0
BRDA:72,5,1,0
BRF:14
BRH:0
end_of_record
TN:
SF:/Users/bbreg/Documents/fdk-portal/src/redux/modules/referenceData.js
FN:19,shouldFetch
FN:28,fetchReferenceDataIfNeededAction
FN:29,(anonymous_2)
FN:32,(anonymous_3)
FN:47,referenceDataReducer
FN:87,(anonymous_5)
FN:90,(anonymous_6)
FN:93,(anonymous_7)
FN:95,(anonymous_8)
FN:99,(anonymous_9)
FN:107,(anonymous_10)
FNF:11
FNH:0
FNDA:0,shouldFetch
FNDA:0,fetchReferenceDataIfNeededAction
FNDA:0,(anonymous_2)
FNDA:0,(anonymous_3)
FNDA:0,referenceDataReducer
FNDA:0,(anonymous_5)
FNDA:0,(anonymous_6)
FNDA:0,(anonymous_7)
FNDA:0,(anonymous_8)
FNDA:0,(anonymous_9)
FNDA:0,(anonymous_10)
DA:8,0
DA:9,0
DA:10,0
DA:12,0
DA:13,0
DA:14,0
DA:15,0
DA:16,0
DA:17,0
DA:20,0
DA:21,0
DA:29,0
DA:30,0
DA:31,0
DA:32,0
DA:42,0
DA:48,0
DA:50,0
DA:59,0
DA:71,0
DA:83,0
DA:87,0
DA:88,0
DA:90,0
DA:91,0
DA:93,0
DA:94,0
DA:95,0
DA:96,0
DA:99,0
DA:104,0
DA:107,0
DA:108,0
LF:33
LH:0
BRDA:22,0,0,0
BRDA:22,0,1,0
BRDA:22,0,2,0
BRDA:24,1,0,0
BRDA:24,1,1,0
BRDA:30,2,0,0
BRDA:30,2,1,0
BRDA:47,3,0,0
BRDA:48,4,0,0
BRDA:48,4,1,0
BRDA:48,4,2,0
BRDA:48,4,3,0
BRF:12
BRH:0
end_of_record
TN:
SF:/Users/bbreg/Documents/fdk-portal/src/redux/modules/settings.js
FN:3,setLanguageAction
FN:14,settingsReducer
FNF:2
FNH:0
FNDA:0,setLanguageAction
FNDA:0,settingsReducer
DA:1,0
DA:4,0
DA:10,0
DA:15,0
DA:17,0
DA:19,0
LF:6
LH:0
BRDA:14,0,0,0
BRDA:15,1,0,0
BRDA:15,1,1,0
BRF:3
BRH:0
end_of_record
